args: Namespace(aggregator='Maxmin', alpha_e=0, alpha_v=0, batch_size=32, dataset_name='email-Enron', dim_edge=128, dim_hidden=128, dim_time=128, dim_vertex=128, early_stop=10, epochs=50, eval_mode='train_live_update', exp_num=1, folder_name='logs/hnhn/email-Enron_train_live_update_hnhn', freq_size=2628000, gpu=1, lr=0.0001, model='hnhn', model_save='/home/dake/workspace/HNHN,HGNN/data/email-Enron/train_live_update/hnhn', neg_mode='sns', neg_ratio=1, neg_size=100, num_layers=2, seed=1111, time_split_type='sec', training='wgan')
============================================ Experiments 111 ==================================================0 time - 0 epoch, Training loss : 0.513178288936615 / NS : Val AP : 1.0 / AUROC : 1.0
0 time - 1 epoch, Training loss : 0.4941263794898987 / NS : Val AP : 1.0 / AUROC : 1.0
0 time - 2 epoch, Training loss : 0.4854491651058197 / NS : Val AP : 1.0 / AUROC : 1.0
0 time - 3 epoch, Training loss : 0.47671693563461304 / NS : Val AP : 1.0 / AUROC : 1.0
0 time - 4 epoch, Training loss : 0.45709505677223206 / NS : Val AP : 1.0 / AUROC : 1.0
0 time - 5 epoch, Training loss : 0.44833070039749146 / NS : Val AP : 1.0 / AUROC : 1.0
0 time - 6 epoch, Training loss : 0.4388660192489624 / NS : Val AP : 1.0 / AUROC : 1.0
0 time - 7 epoch, Training loss : 0.430766224861145 / NS : Val AP : 1.0 / AUROC : 1.0
0 time - 8 epoch, Training loss : 0.4243924617767334 / NS : Val AP : 0.5 / AUROC : 0.5
0 time - 9 epoch, Training loss : 0.4452863931655884 / NS : Val AP : 1.0 / AUROC : 1.0
0 time - 10 epoch, Training loss : 0.4128565192222595 / NS : Val AP : 1.0 / AUROC : 1.0
[0 time Val AP : 1.0 / AUROC : 1.0 ]
[0 time Test AP : 1.0 / AUROC : 1.0 ]
1 time - 0 epoch, Training loss : 0.4905862510204315 / NS : Val AP : 1.0 / AUROC : 1.0
1 time - 1 epoch, Training loss : 0.49105799198150635 / NS : Val AP : 1.0 / AUROC : 1.0
1 time - 2 epoch, Training loss : 0.47649964690208435 / NS : Val AP : 0.8333333730697632 / AUROC : 0.75
1 time - 3 epoch, Training loss : 0.47805285453796387 / NS : Val AP : 1.0 / AUROC : 1.0
1 time - 4 epoch, Training loss : 0.4605714678764343 / NS : Val AP : 0.75 / AUROC : 0.625
1 time - 5 epoch, Training loss : 0.4407300353050232 / NS : Val AP : 1.0 / AUROC : 1.0
1 time - 6 epoch, Training loss : 0.47865942120552063 / NS : Val AP : 1.0 / AUROC : 1.0
1 time - 7 epoch, Training loss : 0.47706979513168335 / NS : Val AP : 1.0 / AUROC : 1.0
1 time - 8 epoch, Training loss : 0.44263699650764465 / NS : Val AP : 1.0 / AUROC : 1.0
1 time - 9 epoch, Training loss : 0.41962480545043945 / NS : Val AP : 1.0 / AUROC : 1.0
1 time - 10 epoch, Training loss : 0.45829662680625916 / NS : Val AP : 0.75 / AUROC : 0.5
[1 time Val AP : 1.0 / AUROC : 1.0 ]
[1 time Test AP : 1.0 / AUROC : 1.0 ]
2 time - 0 epoch, Training loss : 0.5026814341545105 / NS : Val AP : 1.0 / AUROC : 1.0
2 time - 1 epoch, Training loss : 0.5041601657867432 / NS : Val AP : 0.6875 / AUROC : 0.6875
2 time - 2 epoch, Training loss : 0.5069913268089294 / NS : Val AP : 0.7208333015441895 / AUROC : 0.75
2 time - 3 epoch, Training loss : 0.510344386100769 / NS : Val AP : 0.762499988079071 / AUROC : 0.75
2 time - 4 epoch, Training loss : 0.5092219114303589 / NS : Val AP : 1.0 / AUROC : 1.0
2 time - 5 epoch, Training loss : 0.5042240023612976 / NS : Val AP : 0.824999988079071 / AUROC : 0.8125
2 time - 6 epoch, Training loss : 0.5078086853027344 / NS : Val AP : 0.887499988079071 / AUROC : 0.875
2 time - 7 epoch, Training loss : 0.5035864114761353 / NS : Val AP : 1.0 / AUROC : 1.0
2 time - 8 epoch, Training loss : 0.5042963624000549 / NS : Val AP : 0.7208333015441895 / AUROC : 0.75
2 time - 9 epoch, Training loss : 0.5066509246826172 / NS : Val AP : 0.7053571343421936 / AUROC : 0.625
2 time - 10 epoch, Training loss : 0.5099961757659912 / NS : Val AP : 1.0 / AUROC : 1.0
[2 time Val AP : 1.0 / AUROC : 1.0 ]
[2 time Test AP : 1.0 / AUROC : 1.0 ]
3 time - 0 epoch, Training loss : 0.4887983202934265 / NS : Val AP : 1.0 / AUROC : 1.0
3 time - 1 epoch, Training loss : 0.47530508041381836 / NS : Val AP : 1.0 / AUROC : 1.0
3 time - 2 epoch, Training loss : 0.46552562713623047 / NS : Val AP : 0.8333333730697632 / AUROC : 0.75
3 time - 3 epoch, Training loss : 0.4636876583099365 / NS : Val AP : 1.0 / AUROC : 1.0
3 time - 4 epoch, Training loss : 0.4695289731025696 / NS : Val AP : 1.0 / AUROC : 1.0
3 time - 5 epoch, Training loss : 0.4477754831314087 / NS : Val AP : 1.0 / AUROC : 1.0
3 time - 6 epoch, Training loss : 0.46611472964286804 / NS : Val AP : 1.0 / AUROC : 1.0
3 time - 7 epoch, Training loss : 0.4655497074127197 / NS : Val AP : 1.0 / AUROC : 1.0
3 time - 8 epoch, Training loss : 0.42839205265045166 / NS : Val AP : 1.0 / AUROC : 1.0
3 time - 9 epoch, Training loss : 0.4238026738166809 / NS : Val AP : 1.0 / AUROC : 1.0
3 time - 10 epoch, Training loss : 0.4475279450416565 / NS : Val AP : 0.8333333730697632 / AUROC : 0.75
[3 time Val AP : 1.0 / AUROC : 1.0 ]
[3 time Test AP : 1.0 / AUROC : 1.0 ]
4 time - 0 epoch, Training loss : 0.47483471035957336 / NS : Val AP : 0.8080357313156128 / AUROC : 0.78125
4 time - 1 epoch, Training loss : 0.4803619980812073 / NS : Val AP : 0.71875 / AUROC : 0.65625
4 time - 2 epoch, Training loss : 0.48085272312164307 / NS : Val AP : 0.8330357074737549 / AUROC : 0.84375
4 time - 3 epoch, Training loss : 0.481197714805603 / NS : Val AP : 0.8203462958335876 / AUROC : 0.796875
4 time - 4 epoch, Training loss : 0.46123600006103516 / NS : Val AP : 0.9206845164299011 / AUROC : 0.921875
4 time - 5 epoch, Training loss : 0.46990716457366943 / NS : Val AP : 0.9190341234207153 / AUROC : 0.90625
4 time - 6 epoch, Training loss : 0.4593695402145386 / NS : Val AP : 0.949999988079071 / AUROC : 0.9375
4 time - 7 epoch, Training loss : 0.4737056493759155 / NS : Val AP : 0.6623397469520569 / AUROC : 0.703125
4 time - 8 epoch, Training loss : 0.46100983023643494 / NS : Val AP : 0.8700757026672363 / AUROC : 0.84375
4 time - 9 epoch, Training loss : 0.47150808572769165 / NS : Val AP : 0.8993055820465088 / AUROC : 0.875
4 time - 10 epoch, Training loss : 0.4638173580169678 / NS : Val AP : 0.8499999642372131 / AUROC : 0.84375
4 time - 11 epoch, Training loss : 0.45724326372146606 / NS : Val AP : 0.918749988079071 / AUROC : 0.90625
4 time - 12 epoch, Training loss : 0.47437942028045654 / NS : Val AP : 0.8680555820465088 / AUROC : 0.84375
4 time - 13 epoch, Training loss : 0.46535009145736694 / NS : Val AP : 0.7964015007019043 / AUROC : 0.765625
4 time - 14 epoch, Training loss : 0.45212066173553467 / NS : Val AP : 0.7295454740524292 / AUROC : 0.703125
4 time - 15 epoch, Training loss : 0.44235458970069885 / NS : Val AP : 0.9750000238418579 / AUROC : 0.96875
4 time - 16 epoch, Training loss : 0.448932409286499 / NS : Val AP : 0.8929924368858337 / AUROC : 0.890625
4 time - 17 epoch, Training loss : 0.4663401246070862 / NS : Val AP : 0.8680555820465088 / AUROC : 0.84375
4 time - 18 epoch, Training loss : 0.45825517177581787 / NS : Val AP : 0.9704861044883728 / AUROC : 0.96875
4 time - 19 epoch, Training loss : 0.4664895534515381 / NS : Val AP : 0.8999999761581421 / AUROC : 0.875
4 time - 20 epoch, Training loss : 0.4572252333164215 / NS : Val AP : 0.875 / AUROC : 0.859375
4 time - 21 epoch, Training loss : 0.4550871253013611 / NS : Val AP : 0.7297618985176086 / AUROC : 0.703125
4 time - 22 epoch, Training loss : 0.44870251417160034 / NS : Val AP : 0.8620129823684692 / AUROC : 0.828125
4 time - 23 epoch, Training loss : 0.4429151117801666 / NS : Val AP : 0.8479166626930237 / AUROC : 0.859375
4 time - 24 epoch, Training loss : 0.42727720737457275 / NS : Val AP : 0.7822781205177307 / AUROC : 0.78125
4 time - 25 epoch, Training loss : 0.44343626499176025 / NS : Val AP : 0.949999988079071 / AUROC : 0.9375
[4 time Val AP : 0.96875 / AUROC : 0.9750000238418579 ]
[4 time Test AP : 0.6875 / AUROC : 0.7470238208770752 ]
5 time - 0 epoch, Training loss : 0.46662643551826477 / NS : Val AP : 0.9484126567840576 / AUROC : 0.9444444444444445
5 time - 1 epoch, Training loss : 0.4991234242916107 / NS : Val AP : 0.9484127163887024 / AUROC : 0.9444444444444444
5 time - 2 epoch, Training loss : 0.48085594177246094 / NS : Val AP : 0.5460317730903625 / AUROC : 0.5
5 time - 3 epoch, Training loss : 0.47691160440444946 / NS : Val AP : 0.9166666269302368 / AUROC : 0.888888888888889
5 time - 4 epoch, Training loss : 0.48793238401412964 / NS : Val AP : 0.8555555939674377 / AUROC : 0.8055555555555556
5 time - 5 epoch, Training loss : 0.46590542793273926 / NS : Val AP : 0.682539701461792 / AUROC : 0.7500000000000001
5 time - 6 epoch, Training loss : 0.4811740815639496 / NS : Val AP : 0.8634920716285706 / AUROC : 0.8333333333333333
5 time - 7 epoch, Training loss : 0.4675918221473694 / NS : Val AP : 0.7329365015029907 / AUROC : 0.7222222222222223
5 time - 8 epoch, Training loss : 0.46409496665000916 / NS : Val AP : 0.886904776096344 / AUROC : 0.888888888888889
5 time - 9 epoch, Training loss : 0.4754759967327118 / NS : Val AP : 0.7527778148651123 / AUROC : 0.6944444444444444
5 time - 10 epoch, Training loss : 0.4745836853981018 / NS : Val AP : 0.7925925850868225 / AUROC : 0.7222222222222222
[5 time Val AP : 0.9444444444444445 / AUROC : 0.9484126567840576 ]
[5 time Test AP : 1.0 / AUROC : 1.0 ]
6 time - 0 epoch, Training loss : 0.48171013593673706 / NS : Val AP : 0.46998244524002075 / AUROC : 0.39
6 time - 1 epoch, Training loss : 0.4826316833496094 / NS : Val AP : 0.7077633142471313 / AUROC : 0.67
6 time - 2 epoch, Training loss : 0.5036758780479431 / NS : Val AP : 0.775303065776825 / AUROC : 0.7300000000000001
6 time - 3 epoch, Training loss : 0.4737318158149719 / NS : Val AP : 0.6374596357345581 / AUROC : 0.55
6 time - 4 epoch, Training loss : 0.4619792103767395 / NS : Val AP : 0.7218301296234131 / AUROC : 0.61
6 time - 5 epoch, Training loss : 0.48419806361198425 / NS : Val AP : 0.8080952167510986 / AUROC : 0.76
6 time - 6 epoch, Training loss : 0.45522135496139526 / NS : Val AP : 0.5157769918441772 / AUROC : 0.37
6 time - 7 epoch, Training loss : 0.47197866439819336 / NS : Val AP : 0.5986111164093018 / AUROC : 0.5
6 time - 8 epoch, Training loss : 0.5137921571731567 / NS : Val AP : 0.7155678272247314 / AUROC : 0.65
6 time - 9 epoch, Training loss : 0.48530375957489014 / NS : Val AP : 0.7110822796821594 / AUROC : 0.64
6 time - 10 epoch, Training loss : 0.4997389614582062 / NS : Val AP : 0.7633333206176758 / AUROC : 0.74
6 time - 11 epoch, Training loss : 0.4710022807121277 / NS : Val AP : 0.8218300938606262 / AUROC : 0.76
6 time - 12 epoch, Training loss : 0.4930250346660614 / NS : Val AP : 0.8198717832565308 / AUROC : 0.77
6 time - 13 epoch, Training loss : 0.47029003500938416 / NS : Val AP : 0.7476984858512878 / AUROC : 0.6799999999999999
6 time - 14 epoch, Training loss : 0.44963300228118896 / NS : Val AP : 0.6051645874977112 / AUROC : 0.49
6 time - 15 epoch, Training loss : 0.4852274954319 / NS : Val AP : 0.6696001291275024 / AUROC : 0.6
6 time - 16 epoch, Training loss : 0.4508976340293884 / NS : Val AP : 0.7883225679397583 / AUROC : 0.78
6 time - 17 epoch, Training loss : 0.4741787016391754 / NS : Val AP : 0.5728620886802673 / AUROC : 0.5
6 time - 18 epoch, Training loss : 0.5208643078804016 / NS : Val AP : 0.791239321231842 / AUROC : 0.74
6 time - 19 epoch, Training loss : 0.4782114624977112 / NS : Val AP : 0.6765736937522888 / AUROC : 0.62
6 time - 20 epoch, Training loss : 0.44896548986434937 / NS : Val AP : 0.7913002967834473 / AUROC : 0.75
6 time - 21 epoch, Training loss : 0.4712146520614624 / NS : Val AP : 0.8968254327774048 / AUROC : 0.8700000000000001
6 time - 22 epoch, Training loss : 0.5143740177154541 / NS : Val AP : 0.8622671961784363 / AUROC : 0.84
6 time - 23 epoch, Training loss : 0.6996427774429321 / NS : Val AP : 0.7488400340080261 / AUROC : 0.6799999999999999
6 time - 24 epoch, Training loss : 0.4397394061088562 / NS : Val AP : 0.8018831014633179 / AUROC : 0.8500000000000001
6 time - 25 epoch, Training loss : 0.4638679027557373 / NS : Val AP : 0.763444721698761 / AUROC : 0.76
6 time - 26 epoch, Training loss : 0.512005090713501 / NS : Val AP : 0.7130591869354248 / AUROC : 0.65
6 time - 27 epoch, Training loss : 0.4866138696670532 / NS : Val AP : 0.7975179553031921 / AUROC : 0.735
6 time - 28 epoch, Training loss : 0.4435546100139618 / NS : Val AP : 0.7570878863334656 / AUROC : 0.76
6 time - 29 epoch, Training loss : 0.5042567253112793 / NS : Val AP : 0.5518728494644165 / AUROC : 0.45000000000000007
6 time - 30 epoch, Training loss : 0.44713038206100464 / NS : Val AP : 0.7377505898475647 / AUROC : 0.6900000000000001
6 time - 31 epoch, Training loss : 0.4712434411048889 / NS : Val AP : 0.5766666531562805 / AUROC : 0.44
[6 time Val AP : 0.8700000000000001 / AUROC : 0.8968254327774048 ]
[6 time Test AP : 0.7600000000000001 / AUROC : 0.8600000143051147 ]
7 time - 0 epoch, Training loss : 0.40511131286621094 / NS : Val AP : 0.7594546675682068 / AUROC : 0.7869822485207101
7 time - 1 epoch, Training loss : 0.494861364364624 / NS : Val AP : 0.889592707157135 / AUROC : 0.8816568047337279
7 time - 2 epoch, Training loss : 0.44415009021759033 / NS : Val AP : 0.9259415864944458 / AUROC : 0.9171597633136095
7 time - 3 epoch, Training loss : 0.45809701085090637 / NS : Val AP : 0.7735348343849182 / AUROC : 0.8284023668639053
7 time - 4 epoch, Training loss : 0.41328322887420654 / NS : Val AP : 0.942490816116333 / AUROC : 0.9230769230769231
7 time - 5 epoch, Training loss : 0.5167096257209778 / NS : Val AP : 0.7743312120437622 / AUROC : 0.7869822485207101
7 time - 6 epoch, Training loss : 0.4813648760318756 / NS : Val AP : 0.9677655696868896 / AUROC : 0.9644970414201184
7 time - 7 epoch, Training loss : 0.43956243991851807 / NS : Val AP : 0.6616221070289612 / AUROC : 0.6923076923076923
7 time - 8 epoch, Training loss : 0.45520907640457153 / NS : Val AP : 0.9398657083511353 / AUROC : 0.9349112426035504
7 time - 9 epoch, Training loss : 0.45404720306396484 / NS : Val AP : 0.8539353609085083 / AUROC : 0.8757396449704142
7 time - 10 epoch, Training loss : 0.4339156150817871 / NS : Val AP : 0.748085081577301 / AUROC : 0.757396449704142
7 time - 11 epoch, Training loss : 0.4411553740501404 / NS : Val AP : 0.6820844411849976 / AUROC : 0.7218934911242604
7 time - 12 epoch, Training loss : 0.46515709161758423 / NS : Val AP : 0.9999999403953552 / AUROC : 1.0
7 time - 13 epoch, Training loss : 0.43339380621910095 / NS : Val AP : 0.7473326325416565 / AUROC : 0.7988165680473372
7 time - 14 epoch, Training loss : 0.4450922906398773 / NS : Val AP : 0.8095238208770752 / AUROC : 0.7810650887573964
7 time - 15 epoch, Training loss : 0.44293880462646484 / NS : Val AP : 0.9481262564659119 / AUROC : 0.9467455621301775
7 time - 16 epoch, Training loss : 0.4245913624763489 / NS : Val AP : 0.9897435307502747 / AUROC : 0.9881656804733727
7 time - 17 epoch, Training loss : 0.5017697811126709 / NS : Val AP : 0.785622775554657 / AUROC : 0.8224852071005917
7 time - 18 epoch, Training loss : 0.4442381262779236 / NS : Val AP : 0.8122759461402893 / AUROC : 0.7928994082840237
7 time - 19 epoch, Training loss : 0.41708850860595703 / NS : Val AP : 0.7933382987976074 / AUROC : 0.7810650887573964
7 time - 20 epoch, Training loss : 0.47778236865997314 / NS : Val AP : 0.8629648685455322 / AUROC : 0.8875739644970415
7 time - 21 epoch, Training loss : 0.4899764060974121 / NS : Val AP : 0.9099277257919312 / AUROC : 0.893491124260355
7 time - 22 epoch, Training loss : 0.41563880443573 / NS : Val AP : 0.7944597601890564 / AUROC : 0.8106508875739645
[7 time Val AP : 1.0 / AUROC : 0.9999999403953552 ]
[7 time Test AP : 0.7755102040816326 / AUROC : 0.7758503556251526 ]
8 time - 0 epoch, Training loss : 0.3852645456790924 / NS : Val AP : 0.8958768248558044 / AUROC : 0.8875739644970415
8 time - 1 epoch, Training loss : 0.4190557599067688 / NS : Val AP : 0.9386239051818848 / AUROC : 0.9349112426035504
8 time - 2 epoch, Training loss : 0.38503581285476685 / NS : Val AP : 0.9885883927345276 / AUROC : 0.9881656804733728
8 time - 3 epoch, Training loss : 0.39807605743408203 / NS : Val AP : 0.9232392907142639 / AUROC : 0.9171597633136095
8 time - 4 epoch, Training loss : 0.42521482706069946 / NS : Val AP : 0.9256874322891235 / AUROC : 0.9171597633136095
8 time - 5 epoch, Training loss : 0.40659382939338684 / NS : Val AP : 0.8834707140922546 / AUROC : 0.8639053254437871
8 time - 6 epoch, Training loss : 0.4248625636100769 / NS : Val AP : 0.9582417011260986 / AUROC : 0.9585798816568047
8 time - 7 epoch, Training loss : 0.4019681215286255 / NS : Val AP : 0.872569739818573 / AUROC : 0.8639053254437871
8 time - 8 epoch, Training loss : 0.3602980077266693 / NS : Val AP : 0.9209613800048828 / AUROC : 0.9171597633136095
8 time - 9 epoch, Training loss : 0.38509947061538696 / NS : Val AP : 0.936445951461792 / AUROC : 0.9289940828402368
8 time - 10 epoch, Training loss : 0.4260537922382355 / NS : Val AP : 0.892456591129303 / AUROC : 0.893491124260355
8 time - 11 epoch, Training loss : 0.3747238516807556 / NS : Val AP : 0.9602842330932617 / AUROC : 0.9644970414201184
8 time - 12 epoch, Training loss : 0.38072890043258667 / NS : Val AP : 0.904262363910675 / AUROC : 0.9053254437869822
[8 time Val AP : 0.9881656804733728 / AUROC : 0.9885883927345276 ]
[8 time Test AP : 0.8571428571428571 / AUROC : 0.8682539463043213 ]
9 time - 0 epoch, Training loss : 0.5165122747421265 / NS : Val AP : 0.5180712938308716 / AUROC : 0.28061224489795916
9 time - 1 epoch, Training loss : 0.5295475721359253 / NS : Val AP : 0.6211045980453491 / AUROC : 0.4387755102040817
9 time - 2 epoch, Training loss : 0.5103071928024292 / NS : Val AP : 0.6853345632553101 / AUROC : 0.5714285714285714
9 time - 3 epoch, Training loss : 0.49609482288360596 / NS : Val AP : 0.7162184715270996 / AUROC : 0.6836734693877551
9 time - 4 epoch, Training loss : 0.46601319313049316 / NS : Val AP : 0.7272083759307861 / AUROC : 0.6887755102040816
9 time - 5 epoch, Training loss : 0.5848181843757629 / NS : Val AP : 0.5982139110565186 / AUROC : 0.5178571428571428
9 time - 6 epoch, Training loss : 0.5418761968612671 / NS : Val AP : 0.7324340343475342 / AUROC : 0.625
9 time - 7 epoch, Training loss : 0.5002673864364624 / NS : Val AP : 0.6331461668014526 / AUROC : 0.5255102040816326
9 time - 8 epoch, Training loss : 0.4954753816127777 / NS : Val AP : 0.6693747639656067 / AUROC : 0.4744897959183674
9 time - 9 epoch, Training loss : 0.49900022149086 / NS : Val AP : 0.4606887996196747 / AUROC : 0.2729591836734694
9 time - 10 epoch, Training loss : 0.49648886919021606 / NS : Val AP : 0.6751669049263 / AUROC : 0.48469387755102045
9 time - 11 epoch, Training loss : 0.5027199983596802 / NS : Val AP : 0.7117329239845276 / AUROC : 0.6224489795918366
9 time - 12 epoch, Training loss : 0.5106123089790344 / NS : Val AP : 0.6564432978630066 / AUROC : 0.5229591836734694
9 time - 13 epoch, Training loss : 0.49988827109336853 / NS : Val AP : 0.5856294631958008 / AUROC : 0.42857142857142855
9 time - 14 epoch, Training loss : 0.47564154863357544 / NS : Val AP : 0.611530601978302 / AUROC : 0.42857142857142855
[9 time Val AP : 0.6887755102040816 / AUROC : 0.7272083759307861 ]
[9 time Test AP : 0.8775510204081632 / AUROC : 0.8917233943939209 ]
10 time - 0 epoch, Training loss : 0.4237384796142578 / NS : Val AP : 1.0 / AUROC : 1.0
10 time - 1 epoch, Training loss : 0.42053091526031494 / NS : Val AP : 0.8390652537345886 / AUROC : 0.8765432098765433
10 time - 2 epoch, Training loss : 0.40345388650894165 / NS : Val AP : 0.9222221970558167 / AUROC : 0.8641975308641975
10 time - 3 epoch, Training loss : 0.4105779528617859 / NS : Val AP : 0.9328843951225281 / AUROC : 0.9259259259259259
10 time - 4 epoch, Training loss : 0.4180268943309784 / NS : Val AP : 0.9999999403953552 / AUROC : 1.0
10 time - 5 epoch, Training loss : 0.45696544647216797 / NS : Val AP : 0.9166666269302368 / AUROC : 0.888888888888889
10 time - 6 epoch, Training loss : 0.4320681095123291 / NS : Val AP : 0.9999999403953552 / AUROC : 1.0
10 time - 7 epoch, Training loss : 0.3979848623275757 / NS : Val AP : 1.0 / AUROC : 1.0
10 time - 8 epoch, Training loss : 0.4084551930427551 / NS : Val AP : 0.920634925365448 / AUROC : 0.8765432098765432
10 time - 9 epoch, Training loss : 0.42785316705703735 / NS : Val AP : 1.0 / AUROC : 1.0
10 time - 10 epoch, Training loss : 0.4176006615161896 / NS : Val AP : 0.9190316200256348 / AUROC : 0.9135802469135803
[10 time Val AP : 1.0 / AUROC : 1.0 ]
[10 time Test AP : 0.92 / AUROC : 0.9428571462631226 ]
11 time - 0 epoch, Training loss : 0.49364709854125977 / NS : Val AP : 0.9599008560180664 / AUROC : 0.9489795918367346
11 time - 1 epoch, Training loss : 0.43137413263320923 / NS : Val AP : 0.832640528678894 / AUROC : 0.8571428571428572
11 time - 2 epoch, Training loss : 0.42528367042541504 / NS : Val AP : 0.8783310651779175 / AUROC : 0.8826530612244898
11 time - 3 epoch, Training loss : 0.4151029586791992 / NS : Val AP : 0.8402308821678162 / AUROC : 0.8775510204081631
11 time - 4 epoch, Training loss : 0.3516663908958435 / NS : Val AP : 0.7690600156784058 / AUROC : 0.8099489795918368
11 time - 5 epoch, Training loss : 0.40829047560691833 / NS : Val AP : 0.8258216381072998 / AUROC : 0.8265306122448981
11 time - 6 epoch, Training loss : 0.4693394899368286 / NS : Val AP : 0.9056558012962341 / AUROC : 0.9107142857142857
11 time - 7 epoch, Training loss : 0.38627687096595764 / NS : Val AP : 0.8885976672172546 / AUROC : 0.9145408163265306
11 time - 8 epoch, Training loss : 0.3569064140319824 / NS : Val AP : 0.926789402961731 / AUROC : 0.9183673469387755
11 time - 9 epoch, Training loss : 0.4053556025028229 / NS : Val AP : 0.8836761713027954 / AUROC : 0.8954081632653061
11 time - 10 epoch, Training loss : 0.4170088469982147 / NS : Val AP : 0.8727547526359558 / AUROC : 0.8724489795918368
[11 time Val AP : 0.9489795918367346 / AUROC : 0.9599008560180664 ]
[11 time Test AP : 0.9591836734693877 / AUROC : 0.9673202633857727 ]
12 time - 0 epoch, Training loss : 0.4811166822910309 / NS : Val AP : 0.7268578410148621 / AUROC : 0.7069387755102041
12 time - 1 epoch, Training loss : 0.47774040699005127 / NS : Val AP : 0.6020748615264893 / AUROC : 0.568359375
12 time - 2 epoch, Training loss : 0.5130707025527954 / NS : Val AP : 0.38333335518836975 / AUROC : 0.0
12 time - 3 epoch, Training loss : 0.47200971841812134 / NS : Val AP : 0.5531526803970337 / AUROC : 0.5166015625
12 time - 4 epoch, Training loss : 0.4936138391494751 / NS : Val AP : 0.8666666746139526 / AUROC : 0.7777777777777778
12 time - 5 epoch, Training loss : 0.4843868613243103 / NS : Val AP : 0.5828437209129333 / AUROC : 0.5146484375
12 time - 6 epoch, Training loss : 0.502549946308136 / NS : Val AP : 0.5555555820465088 / AUROC : 0.4444444444444445
12 time - 7 epoch, Training loss : 0.47356492280960083 / NS : Val AP : 0.601891815662384 / AUROC : 0.5283203125
12 time - 8 epoch, Training loss : 0.47345513105392456 / NS : Val AP : 0.8666666746139526 / AUROC : 0.7777777777777778
12 time - 9 epoch, Training loss : 0.47754788398742676 / NS : Val AP : 0.6730116605758667 / AUROC : 0.640625
12 time - 10 epoch, Training loss : 0.4936809837818146 / NS : Val AP : 0.38333335518836975 / AUROC : 0.0
12 time - 11 epoch, Training loss : 0.49983835220336914 / NS : Val AP : 0.6092742681503296 / AUROC : 0.546875
12 time - 12 epoch, Training loss : 0.5020578503608704 / NS : Val AP : 0.38333335518836975 / AUROC : 0.0
12 time - 13 epoch, Training loss : 0.505445659160614 / NS : Val AP : 0.6970968842506409 / AUROC : 0.642578125
12 time - 14 epoch, Training loss : 0.48771852254867554 / NS : Val AP : 0.41111111640930176 / AUROC : 0.11111111111111112
[12 time Val AP : 0.7777777777777778 / AUROC : 0.8666666746139526 ]
[12 time Test AP : 0.42592592592592593 / AUROC : 0.5232270956039429 ]
13 time - 0 epoch, Training loss : 0.460304856300354 / NS : Val AP : 0.6040673851966858 / AUROC : 0.5803571428571428
13 time - 1 epoch, Training loss : 0.45771563053131104 / NS : Val AP : 0.6103021502494812 / AUROC : 0.5433673469387755
13 time - 2 epoch, Training loss : 0.4735119938850403 / NS : Val AP : 0.683484673500061 / AUROC : 0.6760204081632653
13 time - 3 epoch, Training loss : 0.4561942517757416 / NS : Val AP : 0.701387882232666 / AUROC : 0.6505102040816326
13 time - 4 epoch, Training loss : 0.45949915051460266 / NS : Val AP : 0.6844692230224609 / AUROC : 0.6122448979591837
13 time - 5 epoch, Training loss : 0.47043490409851074 / NS : Val AP : 0.7126469016075134 / AUROC : 0.6747448979591837
13 time - 6 epoch, Training loss : 0.4734961986541748 / NS : Val AP : 0.6343554854393005 / AUROC : 0.5306122448979592
13 time - 7 epoch, Training loss : 0.4538857340812683 / NS : Val AP : 0.7467092275619507 / AUROC : 0.6900510204081632
13 time - 8 epoch, Training loss : 0.45982661843299866 / NS : Val AP : 0.5711386203765869 / AUROC : 0.5586734693877551
13 time - 9 epoch, Training loss : 0.45747077465057373 / NS : Val AP : 0.6589797735214233 / AUROC : 0.6772959183673469
13 time - 10 epoch, Training loss : 0.45550015568733215 / NS : Val AP : 0.5883136987686157 / AUROC : 0.5854591836734694
13 time - 11 epoch, Training loss : 0.46502578258514404 / NS : Val AP : 0.617827296257019 / AUROC : 0.6556122448979591
13 time - 12 epoch, Training loss : 0.49036258459091187 / NS : Val AP : 0.7107819318771362 / AUROC : 0.6658163265306123
13 time - 13 epoch, Training loss : 0.44071972370147705 / NS : Val AP : 0.6597331762313843 / AUROC : 0.6275510204081634
13 time - 14 epoch, Training loss : 0.4665136933326721 / NS : Val AP : 0.6635143160820007 / AUROC : 0.6428571428571429
13 time - 15 epoch, Training loss : 0.4805534780025482 / NS : Val AP : 0.6570681929588318 / AUROC : 0.6556122448979591
13 time - 16 epoch, Training loss : 0.4335121214389801 / NS : Val AP : 0.6500808596611023 / AUROC : 0.6122448979591837
13 time - 17 epoch, Training loss : 0.4538300037384033 / NS : Val AP : 0.6976969242095947 / AUROC : 0.6696428571428571
[13 time Val AP : 0.6900510204081632 / AUROC : 0.7467092275619507 ]
[13 time Test AP : 0.6683673469387754 / AUROC : 0.7402836680412292 ]
14 time - 0 epoch, Training loss : 0.4697853624820709 / NS : Val AP : 0.6756054162979126 / AUROC : 0.615234375
14 time - 1 epoch, Training loss : 0.4747237265110016 / NS : Val AP : 0.7320681214332581 / AUROC : 0.62890625
14 time - 2 epoch, Training loss : 0.4702596664428711 / NS : Val AP : 0.7743358612060547 / AUROC : 0.7041015625
14 time - 3 epoch, Training loss : 0.43904411792755127 / NS : Val AP : 0.6628850102424622 / AUROC : 0.65087890625
14 time - 4 epoch, Training loss : 0.43754345178604126 / NS : Val AP : 0.64731764793396 / AUROC : 0.5927734375
14 time - 5 epoch, Training loss : 0.47741442918777466 / NS : Val AP : 0.6881669163703918 / AUROC : 0.6484375
14 time - 6 epoch, Training loss : 0.5084338784217834 / NS : Val AP : 0.727525532245636 / AUROC : 0.68994140625
14 time - 7 epoch, Training loss : 0.4826124906539917 / NS : Val AP : 0.6471010446548462 / AUROC : 0.6083984375
14 time - 8 epoch, Training loss : 0.5034549236297607 / NS : Val AP : 0.6839106678962708 / AUROC : 0.6474609375
14 time - 9 epoch, Training loss : 0.4913381338119507 / NS : Val AP : 0.8192183375358582 / AUROC : 0.75390625
14 time - 10 epoch, Training loss : 0.49381962418556213 / NS : Val AP : 0.801245927810669 / AUROC : 0.7412109375
14 time - 11 epoch, Training loss : 0.4856519103050232 / NS : Val AP : 0.654860258102417 / AUROC : 0.6318359375
14 time - 12 epoch, Training loss : 0.43394502997398376 / NS : Val AP : 0.5356361269950867 / AUROC : 0.4794921875
14 time - 13 epoch, Training loss : 0.4652830958366394 / NS : Val AP : 0.6899141073226929 / AUROC : 0.6494140625
14 time - 14 epoch, Training loss : 0.49931374192237854 / NS : Val AP : 0.6157922744750977 / AUROC : 0.59765625
14 time - 15 epoch, Training loss : 0.46052396297454834 / NS : Val AP : 0.6980803608894348 / AUROC : 0.57666015625
14 time - 16 epoch, Training loss : 0.44346746802330017 / NS : Val AP : 0.6346496343612671 / AUROC : 0.544921875
14 time - 17 epoch, Training loss : 0.47698974609375 / NS : Val AP : 0.6594652533531189 / AUROC : 0.619140625
14 time - 18 epoch, Training loss : 0.44490617513656616 / NS : Val AP : 0.7435340881347656 / AUROC : 0.654296875
14 time - 19 epoch, Training loss : 0.4611855149269104 / NS : Val AP : 0.7235107421875 / AUROC : 0.6689453125
[14 time Val AP : 0.75390625 / AUROC : 0.8192183375358582 ]
[14 time Test AP : 0.53125 / AUROC : 0.5762621760368347 ]
15 time - 0 epoch, Training loss : 0.46618354320526123 / NS : Val AP : 0.810382604598999 / AUROC : 0.7544581618655692
15 time - 1 epoch, Training loss : 0.466068834066391 / NS : Val AP : 0.7689495086669922 / AUROC : 0.6995884773662551
15 time - 2 epoch, Training loss : 0.48541930317878723 / NS : Val AP : 0.765632152557373 / AUROC : 0.7304526748971194
15 time - 3 epoch, Training loss : 0.47138118743896484 / NS : Val AP : 0.7699158191680908 / AUROC : 0.7352537722908092
15 time - 4 epoch, Training loss : 0.44307583570480347 / NS : Val AP : 0.749961256980896 / AUROC : 0.7736625514403292
15 time - 5 epoch, Training loss : 0.45553210377693176 / NS : Val AP : 0.7448422908782959 / AUROC : 0.7304526748971193
15 time - 6 epoch, Training loss : 0.4799167811870575 / NS : Val AP : 0.8536566495895386 / AUROC : 0.7997256515775034
15 time - 7 epoch, Training loss : 0.4684392213821411 / NS : Val AP : 0.799517035484314 / AUROC : 0.7805212620027435
15 time - 8 epoch, Training loss : 0.46716374158859253 / NS : Val AP : 0.6989487409591675 / AUROC : 0.6947873799725651
15 time - 9 epoch, Training loss : 0.44834667444229126 / NS : Val AP : 0.8197740316390991 / AUROC : 0.7956104252400549
15 time - 10 epoch, Training loss : 0.48269081115722656 / NS : Val AP : 0.8309589624404907 / AUROC : 0.7722908093278463
15 time - 11 epoch, Training loss : 0.4677123427391052 / NS : Val AP : 0.7648725509643555 / AUROC : 0.6968449931412894
15 time - 12 epoch, Training loss : 0.46093976497650146 / NS : Val AP : 0.6565765142440796 / AUROC : 0.6810699588477366
15 time - 13 epoch, Training loss : 0.44150006771087646 / NS : Val AP : 0.8193570971488953 / AUROC : 0.7777777777777777
15 time - 14 epoch, Training loss : 0.4783438742160797 / NS : Val AP : 0.6190847158432007 / AUROC : 0.6694101508916324
15 time - 15 epoch, Training loss : 0.4749991297721863 / NS : Val AP : 0.8062955141067505 / AUROC : 0.7818930041152263
15 time - 16 epoch, Training loss : 0.45974135398864746 / NS : Val AP : 0.8368294835090637 / AUROC : 0.8381344307270233
15 time - 17 epoch, Training loss : 0.47719594836235046 / NS : Val AP : 0.7755354642868042 / AUROC : 0.7626886145404663
15 time - 18 epoch, Training loss : 0.5023617744445801 / NS : Val AP : 0.8472232222557068 / AUROC : 0.8189300411522634
15 time - 19 epoch, Training loss : 0.461633563041687 / NS : Val AP : 0.7646805644035339 / AUROC : 0.6954732510288066
15 time - 20 epoch, Training loss : 0.47963571548461914 / NS : Val AP : 0.866868257522583 / AUROC : 0.8271604938271605
15 time - 21 epoch, Training loss : 0.4982760548591614 / NS : Val AP : 0.8224049806594849 / AUROC : 0.8120713305898491
15 time - 22 epoch, Training loss : 0.46840065717697144 / NS : Val AP : 0.6677249073982239 / AUROC : 0.6893004115226338
15 time - 23 epoch, Training loss : 0.47872084379196167 / NS : Val AP : 0.6763166785240173 / AUROC : 0.6755829903978052
15 time - 24 epoch, Training loss : 0.4677801728248596 / NS : Val AP : 0.8520267605781555 / AUROC : 0.7983539094650206
15 time - 25 epoch, Training loss : 0.4976365864276886 / NS : Val AP : 0.7794913053512573 / AUROC : 0.7777777777777777
15 time - 26 epoch, Training loss : 0.4792366325855255 / NS : Val AP : 0.7704722881317139 / AUROC : 0.7421124828532236
[15 time Val AP : 0.8381344307270233 / AUROC : 0.8368294835090637 ]
[15 time Test AP : 0.7040816326530612 / AUROC : 0.722335696220398 ]
16 time - 0 epoch, Training loss : 0.5046306252479553 / NS : Val AP : 0.6738832592964172 / AUROC : 0.6720914127423824
16 time - 1 epoch, Training loss : 0.45283713936805725 / NS : Val AP : 0.6974939703941345 / AUROC : 0.6630859375
16 time - 2 epoch, Training loss : 0.468649297952652 / NS : Val AP : 0.944444477558136 / AUROC : 0.9166666666666667
16 time - 3 epoch, Training loss : 0.49334999918937683 / NS : Val AP : 0.5997950434684753 / AUROC : 0.59765625
16 time - 4 epoch, Training loss : 0.453630656003952 / NS : Val AP : 0.5216270089149475 / AUROC : 0.5277777777777778
16 time - 5 epoch, Training loss : 0.3908665180206299 / NS : Val AP : 0.7320773601531982 / AUROC : 0.71875
16 time - 6 epoch, Training loss : 0.4352547526359558 / NS : Val AP : 0.771428644657135 / AUROC : 0.7222222222222223
16 time - 7 epoch, Training loss : 0.4570420980453491 / NS : Val AP : 0.6416794657707214 / AUROC : 0.65185546875
16 time - 8 epoch, Training loss : 0.4492526650428772 / NS : Val AP : 0.7544011473655701 / AUROC : 0.6944444444444444
16 time - 9 epoch, Training loss : 0.4839911460876465 / NS : Val AP : 0.7794777154922485 / AUROC : 0.7783203125
16 time - 10 epoch, Training loss : 0.41912513971328735 / NS : Val AP : 0.9583333730697632 / AUROC : 0.9444444444444445
16 time - 11 epoch, Training loss : 0.42366260290145874 / NS : Val AP : 0.6984686255455017 / AUROC : 0.6767578125
16 time - 12 epoch, Training loss : 0.4634590446949005 / NS : Val AP : 0.930555522441864 / AUROC : 0.9166666666666667
16 time - 13 epoch, Training loss : 0.5067465901374817 / NS : Val AP : 0.6606135964393616 / AUROC : 0.6962890625
16 time - 14 epoch, Training loss : 0.4572210907936096 / NS : Val AP : 0.7018519043922424 / AUROC : 0.5833333333333334
16 time - 15 epoch, Training loss : 0.4847078025341034 / NS : Val AP : 0.807177722454071 / AUROC : 0.7822265625
16 time - 16 epoch, Training loss : 0.45121699571609497 / NS : Val AP : 0.7878307104110718 / AUROC : 0.6944444444444444
16 time - 17 epoch, Training loss : 0.4381482005119324 / NS : Val AP : 0.7632827758789062 / AUROC : 0.76953125
16 time - 18 epoch, Training loss : 0.4612056612968445 / NS : Val AP : 0.6441799402236938 / AUROC : 0.5277777777777779
16 time - 19 epoch, Training loss : 0.422760546207428 / NS : Val AP : 0.6198279857635498 / AUROC : 0.5947265625
16 time - 20 epoch, Training loss : 0.35527318716049194 / NS : Val AP : 0.8259259462356567 / AUROC : 0.75
[16 time Val AP : 0.9444444444444445 / AUROC : 0.9583333730697632 ]
[16 time Test AP : 0.7506925207756233 / AUROC : 0.778649091720581 ]
17 time - 0 epoch, Training loss : 0.422805517911911 / NS : Val AP : 0.5221291780471802 / AUROC : 0.5252
17 time - 1 epoch, Training loss : 0.47790947556495667 / NS : Val AP : 0.6471961140632629 / AUROC : 0.5673828125
17 time - 2 epoch, Training loss : 0.46266257762908936 / NS : Val AP : 0.46232467889785767 / AUROC : 0.35493827160493824
17 time - 3 epoch, Training loss : 0.4598935842514038 / NS : Val AP : 0.6848874092102051 / AUROC : 0.6240234375
17 time - 4 epoch, Training loss : 0.4774653911590576 / NS : Val AP : 0.45365020632743835 / AUROC : 0.2839506172839506
17 time - 5 epoch, Training loss : 0.4514201283454895 / NS : Val AP : 0.6258644461631775 / AUROC : 0.638671875
17 time - 6 epoch, Training loss : 0.42959797382354736 / NS : Val AP : 0.7354958057403564 / AUROC : 0.6882716049382716
17 time - 7 epoch, Training loss : 0.4430903494358063 / NS : Val AP : 0.6681257486343384 / AUROC : 0.6259765625
17 time - 8 epoch, Training loss : 0.46911799907684326 / NS : Val AP : 0.6502001285552979 / AUROC : 0.5925925925925926
17 time - 9 epoch, Training loss : 0.4762954115867615 / NS : Val AP : 0.6079216599464417 / AUROC : 0.603515625
17 time - 10 epoch, Training loss : 0.48300644755363464 / NS : Val AP : 0.5279552936553955 / AUROC : 0.4814814814814815
17 time - 11 epoch, Training loss : 0.45332270860671997 / NS : Val AP : 0.616525411605835 / AUROC : 0.5400390625
17 time - 12 epoch, Training loss : 0.4393048882484436 / NS : Val AP : 0.8226585388183594 / AUROC : 0.8024691358024691
17 time - 13 epoch, Training loss : 0.4696927070617676 / NS : Val AP : 0.6198226809501648 / AUROC : 0.59521484375
17 time - 14 epoch, Training loss : 0.47011592984199524 / NS : Val AP : 0.5974645018577576 / AUROC : 0.5030864197530863
17 time - 15 epoch, Training loss : 0.46582722663879395 / NS : Val AP : 0.6423904895782471 / AUROC : 0.6044921875
17 time - 16 epoch, Training loss : 0.4664720892906189 / NS : Val AP : 0.7454378008842468 / AUROC : 0.7006172839506172
17 time - 17 epoch, Training loss : 0.4452696442604065 / NS : Val AP : 0.6557919979095459 / AUROC : 0.6064453125
17 time - 18 epoch, Training loss : 0.4774450659751892 / NS : Val AP : 0.7428171634674072 / AUROC : 0.6358024691358025
17 time - 19 epoch, Training loss : 0.4594387114048004 / NS : Val AP : 0.6854657530784607 / AUROC : 0.69384765625
17 time - 20 epoch, Training loss : 0.48589015007019043 / NS : Val AP : 0.5924407243728638 / AUROC : 0.6481481481481481
17 time - 21 epoch, Training loss : 0.42731356620788574 / NS : Val AP : 0.6166937351226807 / AUROC : 0.6005859375
17 time - 22 epoch, Training loss : 0.48080092668533325 / NS : Val AP : 0.5169256925582886 / AUROC : 0.4506172839506173
[17 time Val AP : 0.8024691358024691 / AUROC : 0.8226585388183594 ]
[17 time Test AP : 0.6384000000000001 / AUROC : 0.5978171825408936 ]
18 time - 0 epoch, Training loss : 0.4603784680366516 / NS : Val AP : 0.6634283661842346 / AUROC : 0.6443550703820741
18 time - 1 epoch, Training loss : 0.5082525014877319 / NS : Val AP : 0.5841711759567261 / AUROC : 0.5791015625
18 time - 2 epoch, Training loss : 0.48810917139053345 / NS : Val AP : 0.6539837718009949 / AUROC : 0.5857338820301783
18 time - 3 epoch, Training loss : 0.4937751293182373 / NS : Val AP : 0.630741536617279 / AUROC : 0.5859375
18 time - 4 epoch, Training loss : 0.47253280878067017 / NS : Val AP : 0.6173253059387207 / AUROC : 0.4869684499314129
18 time - 5 epoch, Training loss : 0.4592888057231903 / NS : Val AP : 0.6536402702331543 / AUROC : 0.67578125
18 time - 6 epoch, Training loss : 0.5032421350479126 / NS : Val AP : 0.6557452082633972 / AUROC : 0.6639231824417009
18 time - 7 epoch, Training loss : 0.48392659425735474 / NS : Val AP : 0.6878362894058228 / AUROC : 0.6455078125
18 time - 8 epoch, Training loss : 0.49411362409591675 / NS : Val AP : 0.6652359366416931 / AUROC : 0.6419753086419754
18 time - 9 epoch, Training loss : 0.47960618138313293 / NS : Val AP : 0.6720212697982788 / AUROC : 0.6513671875
18 time - 10 epoch, Training loss : 0.45218539237976074 / NS : Val AP : 0.5910914540290833 / AUROC : 0.5898491083676269
18 time - 11 epoch, Training loss : 0.5024513006210327 / NS : Val AP : 0.6202842593193054 / AUROC : 0.6474609375
18 time - 12 epoch, Training loss : 0.4764428734779358 / NS : Val AP : 0.6350737810134888 / AUROC : 0.5569272976680384
18 time - 13 epoch, Training loss : 0.48479652404785156 / NS : Val AP : 0.5227386355400085 / AUROC : 0.4833984375
18 time - 14 epoch, Training loss : 0.5211184024810791 / NS : Val AP : 0.75312340259552 / AUROC : 0.7489711934156378
18 time - 15 epoch, Training loss : 0.503035306930542 / NS : Val AP : 0.6283737421035767 / AUROC : 0.666015625
18 time - 16 epoch, Training loss : 0.46387091279029846 / NS : Val AP : 0.6611914038658142 / AUROC : 0.5802469135802468
18 time - 17 epoch, Training loss : 0.49170416593551636 / NS : Val AP : 0.620764434337616 / AUROC : 0.6171875
18 time - 18 epoch, Training loss : 0.47517189383506775 / NS : Val AP : 0.5900683999061584 / AUROC : 0.5733882030178326
18 time - 19 epoch, Training loss : 0.419031023979187 / NS : Val AP : 0.6471039652824402 / AUROC : 0.6474609375
18 time - 20 epoch, Training loss : 0.5152840614318848 / NS : Val AP : 0.5256155729293823 / AUROC : 0.5281207133058985
18 time - 21 epoch, Training loss : 0.498013973236084 / NS : Val AP : 0.5720444321632385 / AUROC : 0.5556640625
18 time - 22 epoch, Training loss : 0.45537447929382324 / NS : Val AP : 0.586159348487854 / AUROC : 0.5555555555555556
18 time - 23 epoch, Training loss : 0.479693204164505 / NS : Val AP : 0.5935842990875244 / AUROC : 0.6171875
18 time - 24 epoch, Training loss : 0.4715173840522766 / NS : Val AP : 0.6550195217132568 / AUROC : 0.578875171467764
[18 time Val AP : 0.7489711934156378 / AUROC : 0.75312340259552 ]
[18 time Test AP : 0.5266666666666667 / AUROC : 0.5444604158401489 ]
19 time - 0 epoch, Training loss : 0.4812479615211487 / NS : Val AP : 0.7652475833892822 / AUROC : 0.7197783933518005
19 time - 1 epoch, Training loss : 0.5233814716339111 / NS : Val AP : 0.7555946111679077 / AUROC : 0.724609375
19 time - 2 epoch, Training loss : 0.46167027950286865 / NS : Val AP : 0.6507086157798767 / AUROC : 0.6455078125
19 time - 3 epoch, Training loss : 0.47685644030570984 / NS : Val AP : 0.5535122156143188 / AUROC : 0.49635796045785646
19 time - 4 epoch, Training loss : 0.4822031259536743 / NS : Val AP : 0.7488170266151428 / AUROC : 0.748046875
19 time - 5 epoch, Training loss : 0.4637681841850281 / NS : Val AP : 0.7215948700904846 / AUROC : 0.69140625
19 time - 6 epoch, Training loss : 0.4689629375934601 / NS : Val AP : 0.5820682048797607 / AUROC : 0.5411030176899063
19 time - 7 epoch, Training loss : 0.4859020709991455 / NS : Val AP : 0.7608188986778259 / AUROC : 0.7236328125
19 time - 8 epoch, Training loss : 0.46028923988342285 / NS : Val AP : 0.7079609632492065 / AUROC : 0.6533203125
19 time - 9 epoch, Training loss : 0.4845203459262848 / NS : Val AP : 0.636668860912323 / AUROC : 0.6295525494276795
19 time - 10 epoch, Training loss : 0.46528899669647217 / NS : Val AP : 0.7167038917541504 / AUROC : 0.6669921875
19 time - 11 epoch, Training loss : 0.453399121761322 / NS : Val AP : 0.5535933971405029 / AUROC : 0.5078125
19 time - 12 epoch, Training loss : 0.46307826042175293 / NS : Val AP : 0.6192992925643921 / AUROC : 0.5213319458896982
19 time - 13 epoch, Training loss : 0.5071055889129639 / NS : Val AP : 0.7104544043540955 / AUROC : 0.6318359375
19 time - 14 epoch, Training loss : 0.4509342312812805 / NS : Val AP : 0.7220988869667053 / AUROC : 0.712890625
[19 time Val AP : 0.748046875 / AUROC : 0.7488170266151428 ]
[19 time Test AP : 0.515625 / AUROC : 0.559341311454773 ]
20 time - 0 epoch, Training loss : 0.4759763479232788 / NS : Val AP : 0.6362009644508362 / AUROC : 0.6335181179015685
20 time - 1 epoch, Training loss : 0.4841093122959137 / NS : Val AP : 0.7491533756256104 / AUROC : 0.6796875
20 time - 2 epoch, Training loss : 0.49007654190063477 / NS : Val AP : 0.555283784866333 / AUROC : 0.55859375
20 time - 3 epoch, Training loss : 0.46192997694015503 / NS : Val AP : 0.4985874891281128 / AUROC : 0.4814049586776859
20 time - 4 epoch, Training loss : 0.4632106423377991 / NS : Val AP : 0.8225674033164978 / AUROC : 0.783203125
20 time - 5 epoch, Training loss : 0.5027844309806824 / NS : Val AP : 0.5693776607513428 / AUROC : 0.5322265625
20 time - 6 epoch, Training loss : 0.47562193870544434 / NS : Val AP : 0.53827965259552 / AUROC : 0.5433884297520661
20 time - 7 epoch, Training loss : 0.44986698031425476 / NS : Val AP : 0.755695104598999 / AUROC : 0.7099609375
20 time - 8 epoch, Training loss : 0.4598901569843292 / NS : Val AP : 0.614907443523407 / AUROC : 0.6708984375
20 time - 9 epoch, Training loss : 0.4844408333301544 / NS : Val AP : 0.5805575847625732 / AUROC : 0.4896694214876033
20 time - 10 epoch, Training loss : 0.432298481464386 / NS : Val AP : 0.6171237230300903 / AUROC : 0.58154296875
20 time - 11 epoch, Training loss : 0.45688188076019287 / NS : Val AP : 0.6759591698646545 / AUROC : 0.6396484375
20 time - 12 epoch, Training loss : 0.4864863455295563 / NS : Val AP : 0.6499052047729492 / AUROC : 0.5599173553719008
20 time - 13 epoch, Training loss : 0.4924573302268982 / NS : Val AP : 0.7264605164527893 / AUROC : 0.6630859375
20 time - 14 epoch, Training loss : 0.4797678589820862 / NS : Val AP : 0.7146890163421631 / AUROC : 0.6611328125
[20 time Val AP : 0.783203125 / AUROC : 0.8225674033164978 ]
[20 time Test AP : 0.6938885884261763 / AUROC : 0.7198935747146606 ]
21 time - 0 epoch, Training loss : 0.4929824769496918 / NS : Val AP : 0.6762024164199829 / AUROC : 0.6462582591209423
21 time - 1 epoch, Training loss : 0.499956876039505 / NS : Val AP : 0.6237442493438721 / AUROC : 0.54248046875
21 time - 2 epoch, Training loss : 0.5088086724281311 / NS : Val AP : 0.6691452264785767 / AUROC : 0.638671875
21 time - 3 epoch, Training loss : 0.45702996850013733 / NS : Val AP : 0.577356219291687 / AUROC : 0.47509765625
21 time - 4 epoch, Training loss : 0.4726978838443756 / NS : Val AP : 0.753110945224762 / AUROC : 0.7045454545454546
21 time - 5 epoch, Training loss : 0.4743947982788086 / NS : Val AP : 0.6274977922439575 / AUROC : 0.5869140625
21 time - 6 epoch, Training loss : 0.4729422926902771 / NS : Val AP : 0.7190279364585876 / AUROC : 0.650390625
21 time - 7 epoch, Training loss : 0.45598435401916504 / NS : Val AP : 0.6569420695304871 / AUROC : 0.5654296875
21 time - 8 epoch, Training loss : 0.4616740345954895 / NS : Val AP : 0.7036592960357666 / AUROC : 0.5929752066115703
21 time - 9 epoch, Training loss : 0.47993701696395874 / NS : Val AP : 0.5795832872390747 / AUROC : 0.56689453125
21 time - 10 epoch, Training loss : 0.4772701859474182 / NS : Val AP : 0.5800594687461853 / AUROC : 0.5595703125
21 time - 11 epoch, Training loss : 0.46209508180618286 / NS : Val AP : 0.5570259690284729 / AUROC : 0.5185546875
21 time - 12 epoch, Training loss : 0.4867900609970093 / NS : Val AP : 0.6349802017211914 / AUROC : 0.5557851239669421
21 time - 13 epoch, Training loss : 0.459693044424057 / NS : Val AP : 0.643241286277771 / AUROC : 0.60009765625
21 time - 14 epoch, Training loss : 0.46958884596824646 / NS : Val AP : 0.5172076225280762 / AUROC : 0.4580078125
[21 time Val AP : 0.7045454545454546 / AUROC : 0.753110945224762 ]
[21 time Test AP : 0.5906348750359093 / AUROC : 0.6420397758483887 ]
22 time - 0 epoch, Training loss : 0.4979793429374695 / NS : Val AP : 0.6541215181350708 / AUROC : 0.6601080246913581
22 time - 1 epoch, Training loss : 0.4777641296386719 / NS : Val AP : 0.591067373752594 / AUROC : 0.60546875
22 time - 2 epoch, Training loss : 0.4829271137714386 / NS : Val AP : 0.7111886739730835 / AUROC : 0.697265625
22 time - 3 epoch, Training loss : 0.4700232744216919 / NS : Val AP : 0.631374180316925 / AUROC : 0.59228515625
22 time - 4 epoch, Training loss : 0.46654000878334045 / NS : Val AP : 0.6631484627723694 / AUROC : 0.5347222222222222
22 time - 5 epoch, Training loss : 0.44780388474464417 / NS : Val AP : 0.6671631932258606 / AUROC : 0.6484375
22 time - 6 epoch, Training loss : 0.47884443402290344 / NS : Val AP : 0.7085207104682922 / AUROC : 0.6728515625
22 time - 7 epoch, Training loss : 0.4680648446083069 / NS : Val AP : 0.696599543094635 / AUROC : 0.65576171875
22 time - 8 epoch, Training loss : 0.4850628674030304 / NS : Val AP : 0.6965511441230774 / AUROC : 0.625
22 time - 9 epoch, Training loss : 0.4188048243522644 / NS : Val AP : 0.600132942199707 / AUROC : 0.55615234375
22 time - 10 epoch, Training loss : 0.4725607931613922 / NS : Val AP : 0.7218586802482605 / AUROC : 0.6640625
22 time - 11 epoch, Training loss : 0.4545906186103821 / NS : Val AP : 0.7574031949043274 / AUROC : 0.7109375
22 time - 12 epoch, Training loss : 0.45836177468299866 / NS : Val AP : 0.5146937966346741 / AUROC : 0.4444444444444444
22 time - 13 epoch, Training loss : 0.4696108102798462 / NS : Val AP : 0.6153345704078674 / AUROC : 0.5703125
22 time - 14 epoch, Training loss : 0.4894353747367859 / NS : Val AP : 0.63088059425354 / AUROC : 0.62353515625
22 time - 15 epoch, Training loss : 0.46535050868988037 / NS : Val AP : 0.6697797179222107 / AUROC : 0.599609375
22 time - 16 epoch, Training loss : 0.48314979672431946 / NS : Val AP : 0.6875534057617188 / AUROC : 0.625
22 time - 17 epoch, Training loss : 0.44510215520858765 / NS : Val AP : 0.5237805843353271 / AUROC : 0.49462890625
22 time - 18 epoch, Training loss : 0.4766676723957062 / NS : Val AP : 0.5466610193252563 / AUROC : 0.55810546875
22 time - 19 epoch, Training loss : 0.492328017950058 / NS : Val AP : 0.7409167885780334 / AUROC : 0.7197265625
22 time - 20 epoch, Training loss : 0.4930145740509033 / NS : Val AP : 0.768212616443634 / AUROC : 0.7430555555555555
22 time - 21 epoch, Training loss : 0.43952375650405884 / NS : Val AP : 0.5144637823104858 / AUROC : 0.5185546875
22 time - 22 epoch, Training loss : 0.4676627814769745 / NS : Val AP : 0.7082799077033997 / AUROC : 0.7041015625
22 time - 23 epoch, Training loss : 0.44731998443603516 / NS : Val AP : 0.7650195360183716 / AUROC : 0.70703125
22 time - 24 epoch, Training loss : 0.4743613600730896 / NS : Val AP : 0.6181750297546387 / AUROC : 0.6319444444444444
22 time - 25 epoch, Training loss : 0.46853137016296387 / NS : Val AP : 0.6515755653381348 / AUROC : 0.71142578125
22 time - 26 epoch, Training loss : 0.472051203250885 / NS : Val AP : 0.6557241678237915 / AUROC : 0.669921875
22 time - 27 epoch, Training loss : 0.4885016083717346 / NS : Val AP : 0.7925234436988831 / AUROC : 0.7783203125
22 time - 28 epoch, Training loss : 0.44246906042099 / NS : Val AP : 0.7279476523399353 / AUROC : 0.6458333333333334
22 time - 29 epoch, Training loss : 0.4735267162322998 / NS : Val AP : 0.6918970942497253 / AUROC : 0.6025390625
22 time - 30 epoch, Training loss : 0.46701499819755554 / NS : Val AP : 0.8477302193641663 / AUROC : 0.853515625
22 time - 31 epoch, Training loss : 0.4959694743156433 / NS : Val AP : 0.69008469581604 / AUROC : 0.6298828125
22 time - 32 epoch, Training loss : 0.4783278703689575 / NS : Val AP : 0.7437965273857117 / AUROC : 0.7291666666666666
22 time - 33 epoch, Training loss : 0.48155367374420166 / NS : Val AP : 0.6520593762397766 / AUROC : 0.6083984375
22 time - 34 epoch, Training loss : 0.4780479669570923 / NS : Val AP : 0.5821928977966309 / AUROC : 0.60400390625
22 time - 35 epoch, Training loss : 0.4689472019672394 / NS : Val AP : 0.8327769637107849 / AUROC : 0.7685546875
22 time - 36 epoch, Training loss : 0.45658838748931885 / NS : Val AP : 0.672427237033844 / AUROC : 0.625
22 time - 37 epoch, Training loss : 0.45431944727897644 / NS : Val AP : 0.5901108384132385 / AUROC : 0.599609375
22 time - 38 epoch, Training loss : 0.4363473653793335 / NS : Val AP : 0.7538200616836548 / AUROC : 0.70703125
22 time - 39 epoch, Training loss : 0.4550020694732666 / NS : Val AP : 0.8282873630523682 / AUROC : 0.783203125
22 time - 40 epoch, Training loss : 0.4749588966369629 / NS : Val AP : 0.8683804273605347 / AUROC : 0.8125
[22 time Val AP : 0.853515625 / AUROC : 0.8477302193641663 ]
[22 time Test AP : 0.5618998628257887 / AUROC : 0.5836808085441589 ]
23 time - 0 epoch, Training loss : 0.4601380228996277 / NS : Val AP : 0.6491603851318359 / AUROC : 0.6135088256300377
23 time - 1 epoch, Training loss : 0.5013463497161865 / NS : Val AP : 0.5131236910820007 / AUROC : 0.4541015625
23 time - 2 epoch, Training loss : 0.4865179657936096 / NS : Val AP : 0.8124133348464966 / AUROC : 0.7861328125
23 time - 3 epoch, Training loss : 0.4858180284500122 / NS : Val AP : 0.7168993949890137 / AUROC : 0.7138671875
23 time - 4 epoch, Training loss : 0.4969363212585449 / NS : Val AP : 0.7222222089767456 / AUROC : 0.5555555555555556
23 time - 5 epoch, Training loss : 0.4952113628387451 / NS : Val AP : 0.6547528505325317 / AUROC : 0.6005859375
23 time - 6 epoch, Training loss : 0.4911123812198639 / NS : Val AP : 0.693679928779602 / AUROC : 0.6171875
23 time - 7 epoch, Training loss : 0.47755762934684753 / NS : Val AP : 0.6653160452842712 / AUROC : 0.6484375
23 time - 8 epoch, Training loss : 0.48422253131866455 / NS : Val AP : 0.5555555820465088 / AUROC : 0.4444444444444445
23 time - 9 epoch, Training loss : 0.4634730815887451 / NS : Val AP : 0.6807944774627686 / AUROC : 0.5927734375
23 time - 10 epoch, Training loss : 0.44967472553253174 / NS : Val AP : 0.6225651502609253 / AUROC : 0.599609375
23 time - 11 epoch, Training loss : 0.44043999910354614 / NS : Val AP : 0.8216412663459778 / AUROC : 0.796875
23 time - 12 epoch, Training loss : 0.4873625934123993 / NS : Val AP : 1.0 / AUROC : 1.0
23 time - 13 epoch, Training loss : 0.4791116714477539 / NS : Val AP : 0.6494706273078918 / AUROC : 0.560546875
23 time - 14 epoch, Training loss : 0.47289204597473145 / NS : Val AP : 0.6288610696792603 / AUROC : 0.638671875
23 time - 15 epoch, Training loss : 0.49923819303512573 / NS : Val AP : 0.6573649048805237 / AUROC : 0.630859375
23 time - 16 epoch, Training loss : 0.4881773591041565 / NS : Val AP : 0.8666666746139526 / AUROC : 0.7777777777777778
23 time - 17 epoch, Training loss : 0.4770340621471405 / NS : Val AP : 0.5972660183906555 / AUROC : 0.5625
23 time - 18 epoch, Training loss : 0.458652138710022 / NS : Val AP : 0.649030864238739 / AUROC : 0.66845703125
23 time - 19 epoch, Training loss : 0.4999772906303406 / NS : Val AP : 0.6558228135108948 / AUROC : 0.681640625
23 time - 20 epoch, Training loss : 0.4781956076622009 / NS : Val AP : 0.5555555820465088 / AUROC : 0.4444444444444445
23 time - 21 epoch, Training loss : 0.4834388792514801 / NS : Val AP : 0.7295436859130859 / AUROC : 0.6787109375
23 time - 22 epoch, Training loss : 0.4822545647621155 / NS : Val AP : 0.6839181184768677 / AUROC : 0.6376953125
[23 time Val AP : 1.0 / AUROC : 1.0 ]
[23 time Test AP : 0.7152000000000001 / AUROC : 0.7004640698432922 ]
24 time - 0 epoch, Training loss : 0.49535489082336426 / NS : Val AP : 0.6318881511688232 / AUROC : 0.5777693761814746
24 time - 1 epoch, Training loss : 0.5151752829551697 / NS : Val AP : 0.6602866053581238 / AUROC : 0.6171875
24 time - 2 epoch, Training loss : 0.5057368874549866 / NS : Val AP : 0.5618053674697876 / AUROC : 0.54541015625
24 time - 3 epoch, Training loss : 0.4867993891239166 / NS : Val AP : 0.5260992050170898 / AUROC : 0.45068359375
24 time - 4 epoch, Training loss : 0.48432958126068115 / NS : Val AP : 0.6012585163116455 / AUROC : 0.6066481994459834
24 time - 5 epoch, Training loss : 0.4951499104499817 / NS : Val AP : 0.6002545356750488 / AUROC : 0.5
24 time - 6 epoch, Training loss : 0.49338266253471375 / NS : Val AP : 0.5666372776031494 / AUROC : 0.55078125
24 time - 7 epoch, Training loss : 0.497798889875412 / NS : Val AP : 0.5865992903709412 / AUROC : 0.4541015625
24 time - 8 epoch, Training loss : 0.5040323734283447 / NS : Val AP : 0.6320191621780396 / AUROC : 0.5872576177285318
24 time - 9 epoch, Training loss : 0.47653451561927795 / NS : Val AP : 0.5735587477684021 / AUROC : 0.56298828125
24 time - 10 epoch, Training loss : 0.4791732132434845 / NS : Val AP : 0.718988299369812 / AUROC : 0.697265625
24 time - 11 epoch, Training loss : 0.47630980610847473 / NS : Val AP : 0.5866482853889465 / AUROC : 0.58447265625
24 time - 12 epoch, Training loss : 0.48922157287597656 / NS : Val AP : 0.5472017526626587 / AUROC : 0.4099722991689751
24 time - 13 epoch, Training loss : 0.49987590312957764 / NS : Val AP : 0.6634047627449036 / AUROC : 0.6513671875
24 time - 14 epoch, Training loss : 0.5144950151443481 / NS : Val AP : 0.4737766981124878 / AUROC : 0.4189453125
24 time - 15 epoch, Training loss : 0.506729006767273 / NS : Val AP : 0.5512182712554932 / AUROC : 0.49609375
24 time - 16 epoch, Training loss : 0.4761660099029541 / NS : Val AP : 0.5521789789199829 / AUROC : 0.39335180055401664
24 time - 17 epoch, Training loss : 0.48741641640663147 / NS : Val AP : 0.5244072675704956 / AUROC : 0.45556640625
24 time - 18 epoch, Training loss : 0.4868890047073364 / NS : Val AP : 0.754414975643158 / AUROC : 0.71875
24 time - 19 epoch, Training loss : 0.4971240758895874 / NS : Val AP : 0.6051693558692932 / AUROC : 0.521484375
24 time - 20 epoch, Training loss : 0.5002117156982422 / NS : Val AP : 0.6713799834251404 / AUROC : 0.6703601108033241
24 time - 21 epoch, Training loss : 0.4937661290168762 / NS : Val AP : 0.5645749568939209 / AUROC : 0.5517578125
24 time - 22 epoch, Training loss : 0.4991437792778015 / NS : Val AP : 0.45188581943511963 / AUROC : 0.4296875
24 time - 23 epoch, Training loss : 0.49995869398117065 / NS : Val AP : 0.6949046850204468 / AUROC : 0.6259765625
24 time - 24 epoch, Training loss : 0.4735633134841919 / NS : Val AP : 0.6454326510429382 / AUROC : 0.592797783933518
24 time - 25 epoch, Training loss : 0.506595253944397 / NS : Val AP : 0.5432047843933105 / AUROC : 0.525390625
24 time - 26 epoch, Training loss : 0.4719834327697754 / NS : Val AP : 0.6000910997390747 / AUROC : 0.56689453125
24 time - 27 epoch, Training loss : 0.49634790420532227 / NS : Val AP : 0.5526198744773865 / AUROC : 0.54443359375
24 time - 28 epoch, Training loss : 0.46736520528793335 / NS : Val AP : 0.8696629405021667 / AUROC : 0.8448753462603877
24 time - 29 epoch, Training loss : 0.4928011894226074 / NS : Val AP : 0.6611093282699585 / AUROC : 0.59228515625
24 time - 30 epoch, Training loss : 0.49932950735092163 / NS : Val AP : 0.6645553708076477 / AUROC : 0.6181640625
24 time - 31 epoch, Training loss : 0.48312029242515564 / NS : Val AP : 0.669300377368927 / AUROC : 0.6083984375
24 time - 32 epoch, Training loss : 0.4958881437778473 / NS : Val AP : 0.7137395739555359 / AUROC : 0.6163434903047091
24 time - 33 epoch, Training loss : 0.49028414487838745 / NS : Val AP : 0.6126874685287476 / AUROC : 0.59130859375
24 time - 34 epoch, Training loss : 0.48765021562576294 / NS : Val AP : 0.5686718225479126 / AUROC : 0.5849609375
24 time - 35 epoch, Training loss : 0.479566365480423 / NS : Val AP : 0.7484955787658691 / AUROC : 0.6533203125
24 time - 36 epoch, Training loss : 0.49643126130104065 / NS : Val AP : 0.5744982957839966 / AUROC : 0.502770083102493
24 time - 37 epoch, Training loss : 0.4703519344329834 / NS : Val AP : 0.7813299894332886 / AUROC : 0.720703125
24 time - 38 epoch, Training loss : 0.5342142581939697 / NS : Val AP : 0.6330806612968445 / AUROC : 0.59228515625
[24 time Val AP : 0.8448753462603877 / AUROC : 0.8696629405021667 ]
[24 time Test AP : 0.5655469678953626 / AUROC : 0.6353282928466797 ]
25 time - 0 epoch, Training loss : 0.49098485708236694 / NS : Val AP : 0.6976470947265625 / AUROC : 0.6491493383742911
25 time - 1 epoch, Training loss : 0.4715348482131958 / NS : Val AP : 0.633726179599762 / AUROC : 0.6220703125
25 time - 2 epoch, Training loss : 0.4793524444103241 / NS : Val AP : 0.6861604452133179 / AUROC : 0.66748046875
25 time - 3 epoch, Training loss : 0.4949556887149811 / NS : Val AP : 0.6391398310661316 / AUROC : 0.55859375
25 time - 4 epoch, Training loss : 0.48196840286254883 / NS : Val AP : 0.7250648736953735 / AUROC : 0.6565096952908588
25 time - 5 epoch, Training loss : 0.47263506054878235 / NS : Val AP : 0.5861104726791382 / AUROC : 0.5498046875
25 time - 6 epoch, Training loss : 0.49932053685188293 / NS : Val AP : 0.7547876834869385 / AUROC : 0.7587890625
25 time - 7 epoch, Training loss : 0.49127376079559326 / NS : Val AP : 0.7049081325531006 / AUROC : 0.59814453125
25 time - 8 epoch, Training loss : 0.4938904643058777 / NS : Val AP : 0.7199233174324036 / AUROC : 0.7285318559556786
25 time - 9 epoch, Training loss : 0.4948491156101227 / NS : Val AP : 0.6905949115753174 / AUROC : 0.6904296875
25 time - 10 epoch, Training loss : 0.4848431944847107 / NS : Val AP : 0.603576123714447 / AUROC : 0.51171875
25 time - 11 epoch, Training loss : 0.4771948456764221 / NS : Val AP : 0.6366798281669617 / AUROC : 0.576171875
25 time - 12 epoch, Training loss : 0.5194976329803467 / NS : Val AP : 0.6634529829025269 / AUROC : 0.6786703601108033
25 time - 13 epoch, Training loss : 0.4570189118385315 / NS : Val AP : 0.6671732664108276 / AUROC : 0.66259765625
25 time - 14 epoch, Training loss : 0.4819318652153015 / NS : Val AP : 0.7316271066665649 / AUROC : 0.66796875
25 time - 15 epoch, Training loss : 0.4742560386657715 / NS : Val AP : 0.6563358902931213 / AUROC : 0.5888671875
25 time - 16 epoch, Training loss : 0.4918454885482788 / NS : Val AP : 0.6294050812721252 / AUROC : 0.6232686980609419
[25 time Val AP : 0.7587890625 / AUROC : 0.7547876834869385 ]
[25 time Test AP : 0.7119500594530322 / AUROC : 0.7626795172691345 ]
26 time - 0 epoch, Training loss : 0.5999669432640076 / NS : Val AP : 0.6017255187034607 / AUROC : 0.5848931004777194
26 time - 1 epoch, Training loss : 0.4980159103870392 / NS : Val AP : 0.6523877382278442 / AUROC : 0.6474609375
26 time - 2 epoch, Training loss : 0.561016321182251 / NS : Val AP : 0.485662579536438 / AUROC : 0.4306640625
26 time - 3 epoch, Training loss : 0.5849704742431641 / NS : Val AP : 0.7590912580490112 / AUROC : 0.7294921875
26 time - 4 epoch, Training loss : 0.5700806379318237 / NS : Val AP : 0.6772477626800537 / AUROC : 0.5847750865051904
26 time - 5 epoch, Training loss : 0.5467157363891602 / NS : Val AP : 0.521956205368042 / AUROC : 0.51904296875
26 time - 6 epoch, Training loss : 0.48454833030700684 / NS : Val AP : 0.5367749333381653 / AUROC : 0.51220703125
26 time - 7 epoch, Training loss : 0.636762261390686 / NS : Val AP : 0.6751898527145386 / AUROC : 0.70751953125
26 time - 8 epoch, Training loss : 0.5613688230514526 / NS : Val AP : 0.675447940826416 / AUROC : 0.7093425605536332
26 time - 9 epoch, Training loss : 0.5442481637001038 / NS : Val AP : 0.7424610257148743 / AUROC : 0.701171875
26 time - 10 epoch, Training loss : 0.5347511768341064 / NS : Val AP : 0.6378124952316284 / AUROC : 0.5869140625
26 time - 11 epoch, Training loss : 0.5406478047370911 / NS : Val AP : 0.7002249956130981 / AUROC : 0.7109375
26 time - 12 epoch, Training loss : 0.5717805027961731 / NS : Val AP : 0.7798469066619873 / AUROC : 0.8062283737024221
26 time - 13 epoch, Training loss : 0.43383878469467163 / NS : Val AP : 0.6721035242080688 / AUROC : 0.740234375
26 time - 14 epoch, Training loss : 0.5253432989120483 / NS : Val AP : 0.6656416654586792 / AUROC : 0.5302734375
26 time - 15 epoch, Training loss : 0.44659239053726196 / NS : Val AP : 0.6589300632476807 / AUROC : 0.6025390625
26 time - 16 epoch, Training loss : 0.6154423952102661 / NS : Val AP : 0.7408180236816406 / AUROC : 0.801038062283737
26 time - 17 epoch, Training loss : 0.49822211265563965 / NS : Val AP : 0.7393912672996521 / AUROC : 0.75390625
26 time - 18 epoch, Training loss : 0.48989138007164 / NS : Val AP : 0.5612391829490662 / AUROC : 0.58447265625
26 time - 19 epoch, Training loss : 0.5138885974884033 / NS : Val AP : 0.5945389270782471 / AUROC : 0.615234375
26 time - 20 epoch, Training loss : 0.5670197606086731 / NS : Val AP : 0.7091411352157593 / AUROC : 0.6747404844290658
26 time - 21 epoch, Training loss : 0.49225661158561707 / NS : Val AP : 0.6997928023338318 / AUROC : 0.6396484375
26 time - 22 epoch, Training loss : 0.4873727858066559 / NS : Val AP : 0.7531183362007141 / AUROC : 0.7861328125
[26 time Val AP : 0.8062283737024221 / AUROC : 0.7798469066619873 ]
[26 time Test AP : 0.7682363804247462 / AUROC : 0.8061224222183228 ]
27 time - 0 epoch, Training loss : 0.4858769178390503 / NS : Val AP : 0.6848179697990417 / AUROC : 0.6795523356401383
27 time - 1 epoch, Training loss : 0.4881191551685333 / NS : Val AP : 0.6875815987586975 / AUROC : 0.66064453125
27 time - 2 epoch, Training loss : 0.4855567514896393 / NS : Val AP : 0.6973996758460999 / AUROC : 0.6845703125
27 time - 3 epoch, Training loss : 0.4981597661972046 / NS : Val AP : 0.6811877489089966 / AUROC : 0.6884765625
27 time - 4 epoch, Training loss : 0.4917673170566559 / NS : Val AP : 0.7421783208847046 / AUROC : 0.7421875
27 time - 5 epoch, Training loss : 0.4767336845397949 / NS : Val AP : 0.7955492734909058 / AUROC : 0.75
27 time - 6 epoch, Training loss : 0.478464812040329 / NS : Val AP : 0.5987821221351624 / AUROC : 0.6083984375
27 time - 7 epoch, Training loss : 0.4876492917537689 / NS : Val AP : 0.6920695304870605 / AUROC : 0.6943359375
27 time - 8 epoch, Training loss : 0.48203539848327637 / NS : Val AP : 0.574407696723938 / AUROC : 0.58984375
27 time - 9 epoch, Training loss : 0.47216588258743286 / NS : Val AP : 0.6446747779846191 / AUROC : 0.6181640625
27 time - 10 epoch, Training loss : 0.48653754591941833 / NS : Val AP : 0.9362980723381042 / AUROC : 0.90625
27 time - 11 epoch, Training loss : 0.4821375906467438 / NS : Val AP : 0.6635885834693909 / AUROC : 0.7041015625
27 time - 12 epoch, Training loss : 0.49194931983947754 / NS : Val AP : 0.6167783141136169 / AUROC : 0.6416015625
27 time - 13 epoch, Training loss : 0.4771690368652344 / NS : Val AP : 0.6310266852378845 / AUROC : 0.5224609375
27 time - 14 epoch, Training loss : 0.4921526312828064 / NS : Val AP : 0.5404824018478394 / AUROC : 0.5947265625
27 time - 15 epoch, Training loss : 0.49534162878990173 / NS : Val AP : 0.7582972645759583 / AUROC : 0.703125
27 time - 16 epoch, Training loss : 0.48445016145706177 / NS : Val AP : 0.590116560459137 / AUROC : 0.6064453125
27 time - 17 epoch, Training loss : 0.5029401779174805 / NS : Val AP : 0.6519612669944763 / AUROC : 0.6181640625
27 time - 18 epoch, Training loss : 0.4878333806991577 / NS : Val AP : 0.5827240347862244 / AUROC : 0.58203125
27 time - 19 epoch, Training loss : 0.4767047166824341 / NS : Val AP : 0.6244111657142639 / AUROC : 0.634765625
27 time - 20 epoch, Training loss : 0.4891201853752136 / NS : Val AP : 0.5896368026733398 / AUROC : 0.53125
[27 time Val AP : 0.90625 / AUROC : 0.9362980723381042 ]
[27 time Test AP : 0.6935553633217992 / AUROC : 0.6820775270462036 ]
28 time - 0 epoch, Training loss : 0.4895709156990051 / NS : Val AP : 0.8059062957763672 / AUROC : 0.8296312041662237
28 time - 1 epoch, Training loss : 0.4914413094520569 / NS : Val AP : 0.7716286182403564 / AUROC : 0.673828125
28 time - 2 epoch, Training loss : 0.4895964562892914 / NS : Val AP : 0.8786842226982117 / AUROC : 0.8359375
28 time - 3 epoch, Training loss : 0.49382537603378296 / NS : Val AP : 0.785409688949585 / AUROC : 0.767578125
28 time - 4 epoch, Training loss : 0.4863494038581848 / NS : Val AP : 1.0 / AUROC : 1.0
28 time - 5 epoch, Training loss : 0.48705700039863586 / NS : Val AP : 0.7888876795768738 / AUROC : 0.70849609375
28 time - 6 epoch, Training loss : 0.4892200529575348 / NS : Val AP : 0.6577682495117188 / AUROC : 0.6376953125
28 time - 7 epoch, Training loss : 0.4910988509654999 / NS : Val AP : 0.776687741279602 / AUROC : 0.7431640625
28 time - 8 epoch, Training loss : 0.49363023042678833 / NS : Val AP : 0.5 / AUROC : 0.5
28 time - 9 epoch, Training loss : 0.4851751923561096 / NS : Val AP : 0.7733056545257568 / AUROC : 0.7392578125
28 time - 10 epoch, Training loss : 0.4847780764102936 / NS : Val AP : 0.8535877466201782 / AUROC : 0.7763671875
28 time - 11 epoch, Training loss : 0.48698121309280396 / NS : Val AP : 0.853293240070343 / AUROC : 0.8544921875
28 time - 12 epoch, Training loss : 0.4813823103904724 / NS : Val AP : 0.5 / AUROC : 0.0
28 time - 13 epoch, Training loss : 0.4881134033203125 / NS : Val AP : 0.8332940340042114 / AUROC : 0.7529296875
28 time - 14 epoch, Training loss : 0.4857783317565918 / NS : Val AP : 0.760309100151062 / AUROC : 0.73974609375
[28 time Val AP : 1.0 / AUROC : 1.0 ]
[28 time Test AP : 0.656393169512703 / AUROC : 0.7326672673225403 ]
29 time - 0 epoch, Training loss : 0.5411832332611084 / NS : Val AP : 0.7194381952285767 / AUROC : 0.7261080332409973
29 time - 1 epoch, Training loss : 0.4857727289199829 / NS : Val AP : 0.8484624028205872 / AUROC : 0.83203125
29 time - 2 epoch, Training loss : 0.5060866475105286 / NS : Val AP : 0.8817459940910339 / AUROC : 0.9166666666666667
29 time - 3 epoch, Training loss : 0.48874330520629883 / NS : Val AP : 0.7304198741912842 / AUROC : 0.7236328125
29 time - 4 epoch, Training loss : 0.474039226770401 / NS : Val AP : 0.6277778148651123 / AUROC : 0.4166666666666667
29 time - 5 epoch, Training loss : 0.4887503385543823 / NS : Val AP : 0.7956359386444092 / AUROC : 0.798828125
29 time - 6 epoch, Training loss : 0.47688013315200806 / NS : Val AP : 0.7257575988769531 / AUROC : 0.5833333333333334
29 time - 7 epoch, Training loss : 0.4887484908103943 / NS : Val AP : 0.8710286021232605 / AUROC : 0.865234375
29 time - 8 epoch, Training loss : 0.47115111351013184 / NS : Val AP : 0.7095959782600403 / AUROC : 0.611111111111111
29 time - 9 epoch, Training loss : 0.49186453223228455 / NS : Val AP : 0.8137697577476501 / AUROC : 0.8173828125
29 time - 10 epoch, Training loss : 0.49074533581733704 / NS : Val AP : 1.0 / AUROC : 1.0
29 time - 11 epoch, Training loss : 0.47808682918548584 / NS : Val AP : 0.7418047785758972 / AUROC : 0.75390625
29 time - 12 epoch, Training loss : 0.5068601369857788 / NS : Val AP : 0.5707070827484131 / AUROC : 0.49999999999999994
29 time - 13 epoch, Training loss : 0.48605889081954956 / NS : Val AP : 0.8188527226448059 / AUROC : 0.7978515625
29 time - 14 epoch, Training loss : 0.46629658341407776 / NS : Val AP : 0.8412697911262512 / AUROC : 0.8055555555555556
29 time - 15 epoch, Training loss : 0.4529734253883362 / NS : Val AP : 0.7563695311546326 / AUROC : 0.71533203125
29 time - 16 epoch, Training loss : 0.48971351981163025 / NS : Val AP : 0.89682537317276 / AUROC : 0.8611111111111112
29 time - 17 epoch, Training loss : 0.5007883310317993 / NS : Val AP : 0.7928816676139832 / AUROC : 0.759765625
29 time - 18 epoch, Training loss : 0.4925333559513092 / NS : Val AP : 0.6937229633331299 / AUROC : 0.5833333333333333
29 time - 19 epoch, Training loss : 0.4973132312297821 / NS : Val AP : 0.8805526494979858 / AUROC : 0.86328125
29 time - 20 epoch, Training loss : 0.3950091600418091 / NS : Val AP : 0.8333333730697632 / AUROC : 0.75
[29 time Val AP : 1.0 / AUROC : 1.0 ]
[29 time Test AP : 0.8365650969529086 / AUROC : 0.7748579382896423 ]
30 time - 0 epoch, Training loss : 0.4034424126148224 / NS : Val AP : 0.8177512884140015 / AUROC : 0.8027411986025262
30 time - 1 epoch, Training loss : 0.3981686234474182 / NS : Val AP : 0.8207550644874573 / AUROC : 0.79736328125
30 time - 2 epoch, Training loss : 0.521210253238678 / NS : Val AP : 0.8585666418075562 / AUROC : 0.8252080856123662
30 time - 3 epoch, Training loss : 0.3890811800956726 / NS : Val AP : 0.8551108241081238 / AUROC : 0.833984375
30 time - 4 epoch, Training loss : 0.40129774808883667 / NS : Val AP : 0.8208799362182617 / AUROC : 0.8156956004756242
30 time - 5 epoch, Training loss : 0.4554872512817383 / NS : Val AP : 0.7860738039016724 / AUROC : 0.79541015625
30 time - 6 epoch, Training loss : 0.46316206455230713 / NS : Val AP : 0.6793708801269531 / AUROC : 0.6783590963139121
30 time - 7 epoch, Training loss : 0.5183693766593933 / NS : Val AP : 0.6767034530639648 / AUROC : 0.6630859375
30 time - 8 epoch, Training loss : 0.38483142852783203 / NS : Val AP : 0.8416333198547363 / AUROC : 0.8240190249702735
30 time - 9 epoch, Training loss : 0.5937603116035461 / NS : Val AP : 0.7674627304077148 / AUROC : 0.779296875
30 time - 10 epoch, Training loss : 0.5445142388343811 / NS : Val AP : 0.8744412064552307 / AUROC : 0.8596908442330559
30 time - 11 epoch, Training loss : 0.4855877161026001 / NS : Val AP : 0.7715188264846802 / AUROC : 0.81787109375
30 time - 12 epoch, Training loss : 0.5126055479049683 / NS : Val AP : 0.7633825540542603 / AUROC : 0.7752675386444708
30 time - 13 epoch, Training loss : 0.5585522651672363 / NS : Val AP : 0.6192538738250732 / AUROC : 0.6611328125
30 time - 14 epoch, Training loss : 0.4235380291938782 / NS : Val AP : 0.7143243551254272 / AUROC : 0.7407847800237812
30 time - 15 epoch, Training loss : 0.567417323589325 / NS : Val AP : 0.6590667366981506 / AUROC : 0.71435546875
30 time - 16 epoch, Training loss : 0.42287129163742065 / NS : Val AP : 0.650191605091095 / AUROC : 0.652794292508918
30 time - 17 epoch, Training loss : 0.5388306975364685 / NS : Val AP : 0.7646849155426025 / AUROC : 0.767578125
30 time - 18 epoch, Training loss : 0.49323758482933044 / NS : Val AP : 0.7652454376220703 / AUROC : 0.7859690844233055
30 time - 19 epoch, Training loss : 0.5666504502296448 / NS : Val AP : 0.7310289740562439 / AUROC : 0.7763671875
30 time - 20 epoch, Training loss : 0.4367535710334778 / NS : Val AP : 0.7441233396530151 / AUROC : 0.7812128418549346
[30 time Val AP : 0.8596908442330559 / AUROC : 0.8744412064552307 ]
[30 time Test AP : 0.6841831425598335 / AUROC : 0.6805705428123474 ]
31 time - 0 epoch, Training loss : 0.5958925485610962 / NS : Val AP : 0.5567282438278198 / AUROC : 0.554016620498615
31 time - 1 epoch, Training loss : 0.9206452965736389 / NS : Val AP : 0.5470869541168213 / AUROC : 0.52880859375
31 time - 2 epoch, Training loss : 0.74813312292099 / NS : Val AP : 0.8690476417541504 / AUROC : 0.8055555555555556
31 time - 3 epoch, Training loss : 0.7305448055267334 / NS : Val AP : 0.6208616495132446 / AUROC : 0.6728515625
31 time - 4 epoch, Training loss : 0.7546483278274536 / NS : Val AP : 0.9055556058883667 / AUROC : 0.8611111111111112
31 time - 5 epoch, Training loss : 0.4040386974811554 / NS : Val AP : 0.6641697883605957 / AUROC : 0.6689453125
31 time - 6 epoch, Training loss : 0.4466034173965454 / NS : Val AP : 0.6825757026672363 / AUROC : 0.7222222222222223
31 time - 7 epoch, Training loss : 0.453781396150589 / NS : Val AP : 0.7860888242721558 / AUROC : 0.806640625
31 time - 8 epoch, Training loss : 0.42463529109954834 / NS : Val AP : 0.7279461622238159 / AUROC : 0.6388888888888888
31 time - 9 epoch, Training loss : 0.49427327513694763 / NS : Val AP : 0.776893138885498 / AUROC : 0.77734375
31 time - 10 epoch, Training loss : 0.49506521224975586 / NS : Val AP : 0.4909090995788574 / AUROC : 0.4305555555555556
31 time - 11 epoch, Training loss : 0.44010233879089355 / NS : Val AP : 0.5637765526771545 / AUROC : 0.56494140625
31 time - 12 epoch, Training loss : 0.4350760579109192 / NS : Val AP : 0.9523810148239136 / AUROC : 0.9444444444444444
31 time - 13 epoch, Training loss : 0.41989409923553467 / NS : Val AP : 0.7380002737045288 / AUROC : 0.69482421875
31 time - 14 epoch, Training loss : 0.4891356825828552 / NS : Val AP : 0.8492063283920288 / AUROC : 0.8472222222222223
31 time - 15 epoch, Training loss : 0.5597863793373108 / NS : Val AP : 0.6710768938064575 / AUROC : 0.66748046875
31 time - 16 epoch, Training loss : 0.44362252950668335 / NS : Val AP : 0.8766233921051025 / AUROC : 0.8055555555555555
31 time - 17 epoch, Training loss : 0.43041157722473145 / NS : Val AP : 0.7656193971633911 / AUROC : 0.71826171875
31 time - 18 epoch, Training loss : 0.43358802795410156 / NS : Val AP : 0.8333333730697632 / AUROC : 0.75
31 time - 19 epoch, Training loss : 0.3941444158554077 / NS : Val AP : 0.7083716988563538 / AUROC : 0.646484375
31 time - 20 epoch, Training loss : 0.7036778926849365 / NS : Val AP : 0.9761905074119568 / AUROC : 0.9722222222222222
31 time - 21 epoch, Training loss : 0.4548875093460083 / NS : Val AP : 0.7846112251281738 / AUROC : 0.7412109375
31 time - 22 epoch, Training loss : 0.49610358476638794 / NS : Val AP : 0.8152778148651123 / AUROC : 0.7777777777777778
31 time - 23 epoch, Training loss : 0.46152156591415405 / NS : Val AP : 0.7829991579055786 / AUROC : 0.7734375
31 time - 24 epoch, Training loss : 0.4783095717430115 / NS : Val AP : 1.0 / AUROC : 1.0
31 time - 25 epoch, Training loss : 0.44406858086586 / NS : Val AP : 0.8714348673820496 / AUROC : 0.8515625
31 time - 26 epoch, Training loss : 0.4566197991371155 / NS : Val AP : 0.7523809671401978 / AUROC : 0.8194444444444444
31 time - 27 epoch, Training loss : 0.4451862573623657 / NS : Val AP : 0.7122786045074463 / AUROC : 0.720703125
31 time - 28 epoch, Training loss : 0.47144588828086853 / NS : Val AP : 0.9166666865348816 / AUROC : 0.888888888888889
31 time - 29 epoch, Training loss : 0.45649367570877075 / NS : Val AP : 0.6682726740837097 / AUROC : 0.5693359375
31 time - 30 epoch, Training loss : 0.5068748593330383 / NS : Val AP : 0.8734127283096313 / AUROC : 0.888888888888889
31 time - 31 epoch, Training loss : 0.43716806173324585 / NS : Val AP : 0.7022607922554016 / AUROC : 0.71923828125
31 time - 32 epoch, Training loss : 0.450744092464447 / NS : Val AP : 0.8305555582046509 / AUROC : 0.8055555555555556
31 time - 33 epoch, Training loss : 0.42535489797592163 / NS : Val AP : 0.7523428797721863 / AUROC : 0.6865234375
31 time - 34 epoch, Training loss : 0.45898640155792236 / NS : Val AP : 0.8819444179534912 / AUROC : 0.8333333333333333
[31 time Val AP : 1.0 / AUROC : 1.0 ]
[31 time Test AP : 0.8670360110803323 / AUROC : 0.8995614051818848 ]
32 time - 0 epoch, Training loss : 0.7431485652923584 / NS : Val AP : 0.7647289037704468 / AUROC : 0.689247513604804
32 time - 1 epoch, Training loss : 0.6726027727127075 / NS : Val AP : 0.635329008102417 / AUROC : 0.58154296875
32 time - 2 epoch, Training loss : 0.5283055901527405 / NS : Val AP : 0.7824774384498596 / AUROC : 0.7353515625
32 time - 3 epoch, Training loss : 0.48550039529800415 / NS : Val AP : 0.668380618095398 / AUROC : 0.5061728395061729
32 time - 4 epoch, Training loss : 0.49217507243156433 / NS : Val AP : 0.8496590256690979 / AUROC : 0.85009765625
32 time - 5 epoch, Training loss : 0.48999661207199097 / NS : Val AP : 0.7873601913452148 / AUROC : 0.79736328125
32 time - 6 epoch, Training loss : 0.4854673147201538 / NS : Val AP : 0.8370369672775269 / AUROC : 0.7160493827160493
32 time - 7 epoch, Training loss : 0.503580629825592 / NS : Val AP : 0.7961858510971069 / AUROC : 0.7880859375
32 time - 8 epoch, Training loss : 0.5066095590591431 / NS : Val AP : 0.6343449354171753 / AUROC : 0.6845703125
32 time - 9 epoch, Training loss : 0.48107704520225525 / NS : Val AP : 0.54411381483078 / AUROC : 0.5740740740740741
32 time - 10 epoch, Training loss : 0.4882906377315521 / NS : Val AP : 0.8915138244628906 / AUROC : 0.86083984375
32 time - 11 epoch, Training loss : 0.5049108862876892 / NS : Val AP : 0.600985050201416 / AUROC : 0.67138671875
32 time - 12 epoch, Training loss : 0.4988586902618408 / NS : Val AP : 0.7952441573143005 / AUROC : 0.7407407407407408
32 time - 13 epoch, Training loss : 0.49811601638793945 / NS : Val AP : 0.7416794300079346 / AUROC : 0.7705078125
32 time - 14 epoch, Training loss : 0.4934430718421936 / NS : Val AP : 0.7519472241401672 / AUROC : 0.76953125
32 time - 15 epoch, Training loss : 0.4942733645439148 / NS : Val AP : 0.8952381610870361 / AUROC : 0.8765432098765433
32 time - 16 epoch, Training loss : 0.4982999563217163 / NS : Val AP : 0.7992068529129028 / AUROC : 0.78759765625
32 time - 17 epoch, Training loss : 0.48637524247169495 / NS : Val AP : 0.7650696039199829 / AUROC : 0.744140625
32 time - 18 epoch, Training loss : 0.49734994769096375 / NS : Val AP : 0.7283970713615417 / AUROC : 0.6296296296296297
32 time - 19 epoch, Training loss : 0.4996394217014313 / NS : Val AP : 0.8488593101501465 / AUROC : 0.828125
32 time - 20 epoch, Training loss : 0.49282580614089966 / NS : Val AP : 0.6614232659339905 / AUROC : 0.63525390625
32 time - 21 epoch, Training loss : 0.5015601515769958 / NS : Val AP : 0.7850529551506042 / AUROC : 0.7530864197530863
32 time - 22 epoch, Training loss : 0.4863675534725189 / NS : Val AP : 0.8099331259727478 / AUROC : 0.7802734375
32 time - 23 epoch, Training loss : 0.49707940220832825 / NS : Val AP : 0.7607945203781128 / AUROC : 0.6953125
32 time - 24 epoch, Training loss : 0.5124327540397644 / NS : Val AP : 0.6925044059753418 / AUROC : 0.7037037037037037
32 time - 25 epoch, Training loss : 0.49752891063690186 / NS : Val AP : 0.8139747381210327 / AUROC : 0.79736328125
[32 time Val AP : 0.8765432098765433 / AUROC : 0.8952381610870361 ]
[32 time Test AP : 0.6172388604821037 / AUROC : 0.617569088935852 ]
33 time - 0 epoch, Training loss : 0.53960782289505 / NS : Val AP : 0.6738215684890747 / AUROC : 0.6737111111111113
33 time - 1 epoch, Training loss : 0.47809866070747375 / NS : Val AP : 0.8195742964744568 / AUROC : 0.80224609375
33 time - 2 epoch, Training loss : 0.4791406989097595 / NS : Val AP : 0.712231457233429 / AUROC : 0.73779296875
33 time - 3 epoch, Training loss : 0.4762563705444336 / NS : Val AP : 0.5904325246810913 / AUROC : 0.576171875
33 time - 4 epoch, Training loss : 0.49209827184677124 / NS : Val AP : 0.7273637056350708 / AUROC : 0.73193359375
33 time - 5 epoch, Training loss : 0.4678703844547272 / NS : Val AP : 0.5651049613952637 / AUROC : 0.5526859504132232
33 time - 6 epoch, Training loss : 0.4916963577270508 / NS : Val AP : 0.7738139629364014 / AUROC : 0.72021484375
33 time - 7 epoch, Training loss : 0.4879651963710785 / NS : Val AP : 0.6661025285720825 / AUROC : 0.6689453125
33 time - 8 epoch, Training loss : 0.4961949288845062 / NS : Val AP : 0.7716474533081055 / AUROC : 0.701171875
33 time - 9 epoch, Training loss : 0.4856901168823242 / NS : Val AP : 0.829525351524353 / AUROC : 0.80029296875
33 time - 10 epoch, Training loss : 0.48754340410232544 / NS : Val AP : 0.6667928695678711 / AUROC : 0.6477272727272727
33 time - 11 epoch, Training loss : 0.48591214418411255 / NS : Val AP : 0.7593535780906677 / AUROC : 0.73193359375
[33 time Val AP : 0.80224609375 / AUROC : 0.8195742964744568 ]
[33 time Test AP : 0.6719111111111111 / AUROC : 0.7083014845848083 ]
34 time - 0 epoch, Training loss : 0.47645053267478943 / NS : Val AP : 0.7571800351142883 / AUROC : 0.7119302667506826
34 time - 1 epoch, Training loss : 0.4807855486869812 / NS : Val AP : 0.65477055311203 / AUROC : 0.666015625
34 time - 2 epoch, Training loss : 0.49204933643341064 / NS : Val AP : 0.8379513025283813 / AUROC : 0.7900390625
34 time - 3 epoch, Training loss : 0.4799196124076843 / NS : Val AP : 0.8142449259757996 / AUROC : 0.80078125
34 time - 4 epoch, Training loss : 0.4892602562904358 / NS : Val AP : 0.718472957611084 / AUROC : 0.6611328125
34 time - 5 epoch, Training loss : 0.48445987701416016 / NS : Val AP : 0.7821568250656128 / AUROC : 0.74
34 time - 6 epoch, Training loss : 0.4881609380245209 / NS : Val AP : 0.7185702919960022 / AUROC : 0.62744140625
34 time - 7 epoch, Training loss : 0.4960818588733673 / NS : Val AP : 0.651667058467865 / AUROC : 0.5869140625
34 time - 8 epoch, Training loss : 0.47839996218681335 / NS : Val AP : 0.7890353798866272 / AUROC : 0.77099609375
34 time - 9 epoch, Training loss : 0.4811721444129944 / NS : Val AP : 0.8070945739746094 / AUROC : 0.7275390625
34 time - 10 epoch, Training loss : 0.487598717212677 / NS : Val AP : 0.782477080821991 / AUROC : 0.685
34 time - 11 epoch, Training loss : 0.498959481716156 / NS : Val AP : 0.7527377009391785 / AUROC : 0.6435546875
34 time - 12 epoch, Training loss : 0.4978218078613281 / NS : Val AP : 0.8946859836578369 / AUROC : 0.8427734375
34 time - 13 epoch, Training loss : 0.500432014465332 / NS : Val AP : 0.733559787273407 / AUROC : 0.66943359375
34 time - 14 epoch, Training loss : 0.4760091304779053 / NS : Val AP : 0.7549599409103394 / AUROC : 0.666015625
34 time - 15 epoch, Training loss : 0.495756059885025 / NS : Val AP : 0.7969172596931458 / AUROC : 0.7700000000000001
34 time - 16 epoch, Training loss : 0.4944046139717102 / NS : Val AP : 0.7588756680488586 / AUROC : 0.6943359375
34 time - 17 epoch, Training loss : 0.49032527208328247 / NS : Val AP : 0.7639162540435791 / AUROC : 0.7919921875
34 time - 18 epoch, Training loss : 0.4919424057006836 / NS : Val AP : 0.8209396004676819 / AUROC : 0.76025390625
34 time - 19 epoch, Training loss : 0.48867011070251465 / NS : Val AP : 0.7989240884780884 / AUROC : 0.7119140625
34 time - 20 epoch, Training loss : 0.4920817017555237 / NS : Val AP : 0.7248693108558655 / AUROC : 0.65
34 time - 21 epoch, Training loss : 0.48000526428222656 / NS : Val AP : 0.7093207240104675 / AUROC : 0.5791015625
34 time - 22 epoch, Training loss : 0.4827548861503601 / NS : Val AP : 0.8067461252212524 / AUROC : 0.7998046875
[34 time Val AP : 0.8427734375 / AUROC : 0.8946859836578369 ]
[34 time Test AP : 0.7676958622138207 / AUROC : 0.7884122729301453 ]
35 time - 0 epoch, Training loss : 0.49749910831451416 / NS : Val AP : 0.629016101360321 / AUROC : 0.6651662049861495
35 time - 1 epoch, Training loss : 0.4903152883052826 / NS : Val AP : 0.7093778848648071 / AUROC : 0.7099609375
35 time - 2 epoch, Training loss : 0.490499347448349 / NS : Val AP : 0.5749639272689819 / AUROC : 0.3611111111111111
35 time - 3 epoch, Training loss : 0.475822776556015 / NS : Val AP : 0.7888628840446472 / AUROC : 0.78125
35 time - 4 epoch, Training loss : 0.5260811448097229 / NS : Val AP : 0.591269850730896 / AUROC : 0.6666666666666667
35 time - 5 epoch, Training loss : 0.5555101633071899 / NS : Val AP : 0.7960981726646423 / AUROC : 0.75439453125
35 time - 6 epoch, Training loss : 0.5037552118301392 / NS : Val AP : 0.49242424964904785 / AUROC : 0.38888888888888884
35 time - 7 epoch, Training loss : 0.482726514339447 / NS : Val AP : 0.6529165506362915 / AUROC : 0.69921875
35 time - 8 epoch, Training loss : 0.4930537939071655 / NS : Val AP : 0.5449735522270203 / AUROC : 0.45833333333333337
35 time - 9 epoch, Training loss : 0.46832868456840515 / NS : Val AP : 0.7499514818191528 / AUROC : 0.72705078125
35 time - 10 epoch, Training loss : 0.5032895803451538 / NS : Val AP : 0.743686854839325 / AUROC : 0.763888888888889
35 time - 11 epoch, Training loss : 0.4834202527999878 / NS : Val AP : 0.8434053659439087 / AUROC : 0.81298828125
35 time - 12 epoch, Training loss : 0.5010526180267334 / NS : Val AP : 0.8766233921051025 / AUROC : 0.8055555555555555
35 time - 13 epoch, Training loss : 0.4719949960708618 / NS : Val AP : 0.6213030219078064 / AUROC : 0.69384765625
35 time - 14 epoch, Training loss : 0.48146122694015503 / NS : Val AP : 0.9583333134651184 / AUROC : 0.9444444444444445
35 time - 15 epoch, Training loss : 0.4929548501968384 / NS : Val AP : 0.7276763916015625 / AUROC : 0.7626953125
35 time - 16 epoch, Training loss : 0.47690534591674805 / NS : Val AP : 0.5166666507720947 / AUROC : 0.4305555555555556
35 time - 17 epoch, Training loss : 0.48811060190200806 / NS : Val AP : 0.7625844478607178 / AUROC : 0.74951171875
35 time - 18 epoch, Training loss : 0.48983341455459595 / NS : Val AP : 0.8305555582046509 / AUROC : 0.8055555555555556
35 time - 19 epoch, Training loss : 0.498205304145813 / NS : Val AP : 0.6695667505264282 / AUROC : 0.669921875
35 time - 20 epoch, Training loss : 0.4978044629096985 / NS : Val AP : 0.8592592477798462 / AUROC : 0.7777777777777778
35 time - 21 epoch, Training loss : 0.48686763644218445 / NS : Val AP : 0.8387343287467957 / AUROC : 0.8046875
35 time - 22 epoch, Training loss : 0.47959911823272705 / NS : Val AP : 0.5075757503509521 / AUROC : 0.4444444444444444
35 time - 23 epoch, Training loss : 0.48750466108322144 / NS : Val AP : 0.6810759902000427 / AUROC : 0.6826171875
35 time - 24 epoch, Training loss : 0.47434088587760925 / NS : Val AP : 0.6853174567222595 / AUROC : 0.7222222222222223
[35 time Val AP : 0.9444444444444445 / AUROC : 0.9583333134651184 ]
[35 time Test AP : 0.6038781163434903 / AUROC : 0.6049273610115051 ]
36 time - 0 epoch, Training loss : 0.31522268056869507 / NS : Val AP : 0.7822286486625671 / AUROC : 0.696060326254232
36 time - 1 epoch, Training loss : 0.5767050385475159 / NS : Val AP : 0.6840190887451172 / AUROC : 0.640625
36 time - 2 epoch, Training loss : 0.46357327699661255 / NS : Val AP : 0.7209689021110535 / AUROC : 0.6975999999999999
36 time - 3 epoch, Training loss : 0.4942183494567871 / NS : Val AP : 0.6675527691841125 / AUROC : 0.634765625
36 time - 4 epoch, Training loss : 0.4118836522102356 / NS : Val AP : 0.7386509776115417 / AUROC : 0.7711999999999999
36 time - 5 epoch, Training loss : 0.49263423681259155 / NS : Val AP : 0.7764183282852173 / AUROC : 0.734375
36 time - 6 epoch, Training loss : 0.549390435218811 / NS : Val AP : 0.7599978446960449 / AUROC : 0.7544
36 time - 7 epoch, Training loss : 0.4454139173030853 / NS : Val AP : 0.8367321491241455 / AUROC : 0.77978515625
36 time - 8 epoch, Training loss : 0.5058803558349609 / NS : Val AP : 0.8006519079208374 / AUROC : 0.728
36 time - 9 epoch, Training loss : 0.44785770773887634 / NS : Val AP : 0.766609787940979 / AUROC : 0.68115234375
36 time - 10 epoch, Training loss : 0.4955630302429199 / NS : Val AP : 0.7544125318527222 / AUROC : 0.6424
36 time - 11 epoch, Training loss : 0.5044699907302856 / NS : Val AP : 0.7902208566665649 / AUROC : 0.7451171875
36 time - 12 epoch, Training loss : 0.5195773243904114 / NS : Val AP : 0.7988635301589966 / AUROC : 0.6992
36 time - 13 epoch, Training loss : 0.4932255148887634 / NS : Val AP : 0.7418509721755981 / AUROC : 0.6484375
36 time - 14 epoch, Training loss : 0.5126272439956665 / NS : Val AP : 0.9007814526557922 / AUROC : 0.8576
36 time - 15 epoch, Training loss : 0.48424655199050903 / NS : Val AP : 0.7489211559295654 / AUROC : 0.671875
36 time - 16 epoch, Training loss : 0.4961916208267212 / NS : Val AP : 0.6337248682975769 / AUROC : 0.5464
36 time - 17 epoch, Training loss : 0.4956263601779938 / NS : Val AP : 0.7040532827377319 / AUROC : 0.62646484375
36 time - 18 epoch, Training loss : 0.4939191937446594 / NS : Val AP : 0.6644141674041748 / AUROC : 0.5488
36 time - 19 epoch, Training loss : 0.4719860553741455 / NS : Val AP : 0.7783805131912231 / AUROC : 0.69775390625
36 time - 20 epoch, Training loss : 0.4922337234020233 / NS : Val AP : 0.8804041147232056 / AUROC : 0.8088000000000001
36 time - 21 epoch, Training loss : 0.5068420171737671 / NS : Val AP : 0.728378176689148 / AUROC : 0.623046875
36 time - 22 epoch, Training loss : 0.49855703115463257 / NS : Val AP : 0.7868925333023071 / AUROC : 0.7856000000000001
36 time - 23 epoch, Training loss : 0.49089372158050537 / NS : Val AP : 0.6739204525947571 / AUROC : 0.5810546875
36 time - 24 epoch, Training loss : 0.4808483123779297 / NS : Val AP : 0.8031868934631348 / AUROC : 0.6960000000000002
[36 time Val AP : 0.8576 / AUROC : 0.9007814526557922 ]
[36 time Test AP : 0.7211652794292509 / AUROC : 0.7032778859138489 ]
37 time - 0 epoch, Training loss : 0.4788358211517334 / NS : Val AP : 0.9116625785827637 / AUROC : 0.8895747599451302
37 time - 1 epoch, Training loss : 0.4869702458381653 / NS : Val AP : 0.8394263982772827 / AUROC : 0.7956104252400549
37 time - 2 epoch, Training loss : 0.4759870171546936 / NS : Val AP : 0.8307523727416992 / AUROC : 0.7825788751714677
37 time - 3 epoch, Training loss : 0.4628579020500183 / NS : Val AP : 0.9061582088470459 / AUROC : 0.882716049382716
37 time - 4 epoch, Training loss : 0.45996835827827454 / NS : Val AP : 0.872003436088562 / AUROC : 0.836076817558299
37 time - 5 epoch, Training loss : 0.476199746131897 / NS : Val AP : 0.9193909168243408 / AUROC : 0.8936899862825789
37 time - 6 epoch, Training loss : 0.4720953702926636 / NS : Val AP : 0.9042415022850037 / AUROC : 0.8689986282578875
37 time - 7 epoch, Training loss : 0.4677043855190277 / NS : Val AP : 0.8778712749481201 / AUROC : 0.8484224965706447
37 time - 8 epoch, Training loss : 0.4625641107559204 / NS : Val AP : 0.9087145328521729 / AUROC : 0.8916323731138546
37 time - 9 epoch, Training loss : 0.4617454707622528 / NS : Val AP : 0.8742140531539917 / AUROC : 0.901920438957476
37 time - 10 epoch, Training loss : 0.4846329092979431 / NS : Val AP : 0.9128157496452332 / AUROC : 0.8792866941015088
37 time - 11 epoch, Training loss : 0.44655123353004456 / NS : Val AP : 0.9271265268325806 / AUROC : 0.9032921810699588
37 time - 12 epoch, Training loss : 0.4872821867465973 / NS : Val AP : 0.9273601770401001 / AUROC : 0.9211248285322359
37 time - 13 epoch, Training loss : 0.4303579330444336 / NS : Val AP : 0.9431900382041931 / AUROC : 0.9245541838134431
37 time - 14 epoch, Training loss : 0.4436758756637573 / NS : Val AP : 0.9127333164215088 / AUROC : 0.8950617283950617
37 time - 15 epoch, Training loss : 0.47482895851135254 / NS : Val AP : 0.9233286380767822 / AUROC : 0.9046639231824416
37 time - 16 epoch, Training loss : 0.4639577269554138 / NS : Val AP : 0.9192343354225159 / AUROC : 0.8957475994513031
37 time - 17 epoch, Training loss : 0.4703226089477539 / NS : Val AP : 0.9168724417686462 / AUROC : 0.8882030178326474
37 time - 18 epoch, Training loss : 0.46025845408439636 / NS : Val AP : 0.7719414830207825 / AUROC : 0.8058984910836763
37 time - 19 epoch, Training loss : 0.4719187319278717 / NS : Val AP : 0.9598324298858643 / AUROC : 0.9519890260631001
37 time - 20 epoch, Training loss : 0.4758179187774658 / NS : Val AP : 0.8469060063362122 / AUROC : 0.8834019204389575
37 time - 21 epoch, Training loss : 0.45660895109176636 / NS : Val AP : 0.9039306044578552 / AUROC : 0.8751714677640603
37 time - 22 epoch, Training loss : 0.4576992690563202 / NS : Val AP : 0.8714169859886169 / AUROC : 0.8401920438957476
37 time - 23 epoch, Training loss : 0.4210018217563629 / NS : Val AP : 0.9037237167358398 / AUROC : 0.8779149519890261
37 time - 24 epoch, Training loss : 0.47275876998901367 / NS : Val AP : 0.853013277053833 / AUROC : 0.7976680384087792
37 time - 25 epoch, Training loss : 0.47888070344924927 / NS : Val AP : 0.8895361423492432 / AUROC : 0.8628257887517147
37 time - 26 epoch, Training loss : 0.43927574157714844 / NS : Val AP : 0.8968034982681274 / AUROC : 0.8628257887517147
37 time - 27 epoch, Training loss : 0.47882843017578125 / NS : Val AP : 0.7661289572715759 / AUROC : 0.7414266117969821
37 time - 28 epoch, Training loss : 0.45337027311325073 / NS : Val AP : 0.7696169018745422 / AUROC : 0.8065843621399177
37 time - 29 epoch, Training loss : 0.45552483201026917 / NS : Val AP : 0.9193848967552185 / AUROC : 0.8957475994513031
[37 time Val AP : 0.9519890260631001 / AUROC : 0.9598324298858643 ]
[37 time Test AP : 0.8035714285714286 / AUROC : 0.857234001159668 ]
0.7402	0.7630
NS : avg AP : 0.7630282044410706 / avg AUROC : 0.7402222900974182
============================================ Test End =================================================