args: Namespace(aggregator='Maxmin', alpha_e=0, alpha_v=0, batch_size=32, dataset_name='email-Enron', dim_edge=128, dim_hidden=128, dim_time=128, dim_vertex=128, early_stop=10, epochs=50, eval_mode='train_fixed_split', exp_num=1, folder_name='logs/hnhn/email-Enron_train_fixed_split_hnhn', freq_size=2628000, gpu=0, lr=0.0001, model='hnhn', model_save='/home/dake/workspace/HNHN,HGNN/data/email-Enron/train_fixed_split/hnhn', neg_mode='sns', neg_ratio=1, neg_size=100, num_layers=2, seed=1111, time_split_type='sec', training='wgan')
============================================ Experiments 111 ==================================================[0 epoch - Val AP : 0.6868910072339816 / AUROC : 0.6929444074630737 ]
[1 epoch - Val AP : 0.7129593226052946 / AUROC : 0.7176862359046936 ]
[2 epoch - Val AP : 0.7273466641325204 / AUROC : 0.7173547148704529 ]
[3 epoch - Val AP : 0.7179129154782138 / AUROC : 0.7358114123344421 ]
[4 epoch - Val AP : 0.6962604873748965 / AUROC : 0.7113621234893799 ]
[5 epoch - Val AP : 0.7003711563826753 / AUROC : 0.7074288129806519 ]
[6 epoch - Val AP : 0.7149403251986778 / AUROC : 0.7296960949897766 ]
[7 epoch - Val AP : 0.7248436228138128 / AUROC : 0.7301483154296875 ]
[8 epoch - Val AP : 0.717291843776738 / AUROC : 0.7346914410591125 ]
[9 epoch - Val AP : 0.7119481799088393 / AUROC : 0.7170218825340271 ]
[10 epoch - Val AP : 0.7429006735843373 / AUROC : 0.768490195274353 ]
[11 epoch - Val AP : 0.7533993126242344 / AUROC : 0.7709800004959106 ]
[12 epoch - Val AP : 0.7360914131548268 / AUROC : 0.752930223941803 ]
[13 epoch - Val AP : 0.7340264726809644 / AUROC : 0.7617476582527161 ]
[14 epoch - Val AP : 0.7190078816983629 / AUROC : 0.7398662567138672 ]
[15 epoch - Val AP : 0.7259758693460004 / AUROC : 0.7398700714111328 ]
[16 epoch - Val AP : 0.7329055474705308 / AUROC : 0.7530248761177063 ]
[17 epoch - Val AP : 0.7481192311290148 / AUROC : 0.7656078338623047 ]
[18 epoch - Val AP : 0.7638309385878903 / AUROC : 0.7795152068138123 ]
[19 epoch - Val AP : 0.7395939327778795 / AUROC : 0.7537738084793091 ]
[20 epoch - Val AP : 0.7280204543120629 / AUROC : 0.7461007833480835 ]
[21 epoch - Val AP : 0.7352295060633111 / AUROC : 0.7516341209411621 ]
[22 epoch - Val AP : 0.7539613762244467 / AUROC : 0.7690354585647583 ]
[23 epoch - Val AP : 0.749579795992069 / AUROC : 0.7484304308891296 ]
[24 epoch - Val AP : 0.7292473882625568 / AUROC : 0.747047483921051 ]
[25 epoch - Val AP : 0.7406533340377712 / AUROC : 0.7555705904960632 ]
[26 epoch - Val AP : 0.7487027938048814 / AUROC : 0.7611951231956482 ]
[27 epoch - Val AP : 0.7556211506076576 / AUROC : 0.7644876837730408 ]
[28 epoch - Val AP : 0.7456751979115708 / AUROC : 0.7613678574562073 ]
[Best epoch AP : 0.7638309385878903 / AUROC : 0.7795152068138123 ]
[Test AP : 0.7243793162699385 / AUROC : 0.7398810386657715 ]
0.7244	0.7399
NS : avg AP : 0.7398810386657715 / avg AUROC : 0.7243793162699385
============================================ Test End =================================================