args: Namespace(aggregator='Maxmin', alpha_e=0, alpha_v=0, batch_size=32, dataset_name='email-Enron', dim_edge=128, dim_hidden=128, dim_time=128, dim_vertex=128, early_stop=10, epochs=50, eval_mode='train_live_update', exp_num=1, folder_name='logs/hgnn/email-Enron_train_live_update_hgnn', freq_size=2628000, gpu=1, lr=0.0001, model='hgnn', model_save='/home/dake/workspace/HNHN,HGNN/data/email-Enron/train_live_update/hgnn', neg_mode='sns', neg_ratio=1, neg_size=100, num_layers=2, seed=1111, time_split_type='sec', training='wgan')
============================================ Experiments 111 ==================================================0 time - 0 epoch, Training loss : 0.4888331890106201 / NS : Val AP : 1.0 / AUROC : 1.0
0 time - 1 epoch, Training loss : 0.4749913811683655 / NS : Val AP : 1.0 / AUROC : 1.0
0 time - 2 epoch, Training loss : 0.4623817205429077 / NS : Val AP : 1.0 / AUROC : 1.0
0 time - 3 epoch, Training loss : 0.45001333951950073 / NS : Val AP : 1.0 / AUROC : 1.0
0 time - 4 epoch, Training loss : 0.4075552523136139 / NS : Val AP : 1.0 / AUROC : 1.0
0 time - 5 epoch, Training loss : 0.36269229650497437 / NS : Val AP : 1.0 / AUROC : 1.0
0 time - 6 epoch, Training loss : 0.40223032236099243 / NS : Val AP : 1.0 / AUROC : 1.0
0 time - 7 epoch, Training loss : 0.3981568515300751 / NS : Val AP : 1.0 / AUROC : 1.0
0 time - 8 epoch, Training loss : 0.40600770711898804 / NS : Val AP : 0.5 / AUROC : 0.5
0 time - 9 epoch, Training loss : 0.4357045888900757 / NS : Val AP : 1.0 / AUROC : 1.0
0 time - 10 epoch, Training loss : 0.3761724531650543 / NS : Val AP : 1.0 / AUROC : 1.0
[0 time Val AP : 1.0 / AUROC : 1.0 ]
[0 time Test AP : 0.0 / AUROC : 0.5 ]
1 time - 0 epoch, Training loss : 0.4944843649864197 / NS : Val AP : 1.0 / AUROC : 1.0
1 time - 1 epoch, Training loss : 0.529927134513855 / NS : Val AP : 0.5833333730697632 / AUROC : 0.5
1 time - 2 epoch, Training loss : 0.4831268787384033 / NS : Val AP : 1.0 / AUROC : 1.0
1 time - 3 epoch, Training loss : 0.4978824555873871 / NS : Val AP : 1.0 / AUROC : 1.0
1 time - 4 epoch, Training loss : 0.4717937111854553 / NS : Val AP : 0.75 / AUROC : 0.625
1 time - 5 epoch, Training loss : 0.47022971510887146 / NS : Val AP : 1.0 / AUROC : 1.0
1 time - 6 epoch, Training loss : 0.4955456256866455 / NS : Val AP : 1.0 / AUROC : 1.0
1 time - 7 epoch, Training loss : 0.5209726691246033 / NS : Val AP : 1.0 / AUROC : 1.0
1 time - 8 epoch, Training loss : 0.49577051401138306 / NS : Val AP : 1.0 / AUROC : 1.0
1 time - 9 epoch, Training loss : 0.491240918636322 / NS : Val AP : 1.0 / AUROC : 1.0
1 time - 10 epoch, Training loss : 0.4998515844345093 / NS : Val AP : 0.75 / AUROC : 0.5
[1 time Val AP : 1.0 / AUROC : 1.0 ]
[1 time Test AP : 1.0 / AUROC : 1.0 ]
2 time - 0 epoch, Training loss : 0.6487508416175842 / NS : Val AP : 0.8928571343421936 / AUROC : 0.8125
2 time - 1 epoch, Training loss : 0.5018578767776489 / NS : Val AP : 0.625 / AUROC : 0.375
2 time - 2 epoch, Training loss : 0.5095373392105103 / NS : Val AP : 0.5833333134651184 / AUROC : 0.25
2 time - 3 epoch, Training loss : 0.5001338124275208 / NS : Val AP : 0.949999988079071 / AUROC : 0.9375
2 time - 4 epoch, Training loss : 0.5129204988479614 / NS : Val AP : 0.8166666626930237 / AUROC : 0.75
2 time - 5 epoch, Training loss : 0.5453399419784546 / NS : Val AP : 0.8333333730697632 / AUROC : 0.75
2 time - 6 epoch, Training loss : 0.5156246423721313 / NS : Val AP : 0.4749999940395355 / AUROC : 0.25
2 time - 7 epoch, Training loss : 0.5131841897964478 / NS : Val AP : 0.8928571343421936 / AUROC : 0.8125
2 time - 8 epoch, Training loss : 0.5151929259300232 / NS : Val AP : 0.4940476417541504 / AUROC : 0.375
2 time - 9 epoch, Training loss : 0.509070634841919 / NS : Val AP : 0.4375 / AUROC : 0.0625
2 time - 10 epoch, Training loss : 0.48618948459625244 / NS : Val AP : 1.0 / AUROC : 1.0
2 time - 11 epoch, Training loss : 0.4941903054714203 / NS : Val AP : 0.9166666865348816 / AUROC : 0.875
2 time - 12 epoch, Training loss : 0.5061094760894775 / NS : Val AP : 1.0 / AUROC : 1.0
2 time - 13 epoch, Training loss : 0.5149145126342773 / NS : Val AP : 0.824999988079071 / AUROC : 0.8125
2 time - 14 epoch, Training loss : 0.5118605494499207 / NS : Val AP : 1.0 / AUROC : 1.0
2 time - 15 epoch, Training loss : 0.5560726523399353 / NS : Val AP : 0.949999988079071 / AUROC : 0.9375
2 time - 16 epoch, Training loss : 0.4915466904640198 / NS : Val AP : 1.0 / AUROC : 1.0
2 time - 17 epoch, Training loss : 0.5083068609237671 / NS : Val AP : 1.0 / AUROC : 1.0
2 time - 18 epoch, Training loss : 0.5395834445953369 / NS : Val AP : 0.875 / AUROC : 0.75
2 time - 19 epoch, Training loss : 0.5114946365356445 / NS : Val AP : 0.949999988079071 / AUROC : 0.9375
2 time - 20 epoch, Training loss : 0.500238299369812 / NS : Val AP : 0.7678571343421936 / AUROC : 0.625
[2 time Val AP : 1.0 / AUROC : 1.0 ]
[2 time Test AP : 1.0 / AUROC : 1.0 ]
3 time - 0 epoch, Training loss : 0.47413840889930725 / NS : Val AP : 1.0 / AUROC : 1.0
3 time - 1 epoch, Training loss : 0.47421082854270935 / NS : Val AP : 1.0 / AUROC : 1.0
3 time - 2 epoch, Training loss : 0.4846509099006653 / NS : Val AP : 0.8333333730697632 / AUROC : 0.75
3 time - 3 epoch, Training loss : 0.4776087999343872 / NS : Val AP : 0.75 / AUROC : 0.5
3 time - 4 epoch, Training loss : 0.4774494171142578 / NS : Val AP : 0.8333333730697632 / AUROC : 0.75
3 time - 5 epoch, Training loss : 0.47884389758110046 / NS : Val AP : 1.0 / AUROC : 1.0
3 time - 6 epoch, Training loss : 0.4377516806125641 / NS : Val AP : 1.0 / AUROC : 1.0
3 time - 7 epoch, Training loss : 0.43815553188323975 / NS : Val AP : 1.0 / AUROC : 1.0
3 time - 8 epoch, Training loss : 0.4526272714138031 / NS : Val AP : 1.0 / AUROC : 1.0
3 time - 9 epoch, Training loss : 0.38610994815826416 / NS : Val AP : 0.4166666865348816 / AUROC : 0.0
3 time - 10 epoch, Training loss : 0.4436425566673279 / NS : Val AP : 0.75 / AUROC : 0.5
[3 time Val AP : 1.0 / AUROC : 1.0 ]
[3 time Test AP : 1.0 / AUROC : 1.0 ]
4 time - 0 epoch, Training loss : 0.4055497646331787 / NS : Val AP : 0.7117424011230469 / AUROC : 0.71875
4 time - 1 epoch, Training loss : 0.472531795501709 / NS : Val AP : 0.8909090757369995 / AUROC : 0.859375
4 time - 2 epoch, Training loss : 0.5042968988418579 / NS : Val AP : 0.9270833730697632 / AUROC : 0.90625
4 time - 3 epoch, Training loss : 0.4711742401123047 / NS : Val AP : 0.9318181872367859 / AUROC : 0.90625
4 time - 4 epoch, Training loss : 0.5080424547195435 / NS : Val AP : 0.8578869104385376 / AUROC : 0.859375
4 time - 5 epoch, Training loss : 0.4801633656024933 / NS : Val AP : 0.762499988079071 / AUROC : 0.75
4 time - 6 epoch, Training loss : 0.4658943712711334 / NS : Val AP : 0.925000011920929 / AUROC : 0.90625
4 time - 7 epoch, Training loss : 0.4587640166282654 / NS : Val AP : 0.8928952813148499 / AUROC : 0.859375
4 time - 8 epoch, Training loss : 0.4883412718772888 / NS : Val AP : 0.9861111044883728 / AUROC : 0.984375
4 time - 9 epoch, Training loss : 0.44550538063049316 / NS : Val AP : 0.6784090995788574 / AUROC : 0.671875
4 time - 10 epoch, Training loss : 0.48203134536743164 / NS : Val AP : 0.9750000238418579 / AUROC : 0.96875
4 time - 11 epoch, Training loss : 0.43021970987319946 / NS : Val AP : 0.7895833253860474 / AUROC : 0.828125
4 time - 12 epoch, Training loss : 0.4181079566478729 / NS : Val AP : 0.8613095283508301 / AUROC : 0.875
4 time - 13 epoch, Training loss : 0.4616940915584564 / NS : Val AP : 0.9166666865348816 / AUROC : 0.921875
4 time - 14 epoch, Training loss : 0.4172137975692749 / NS : Val AP : 0.921875 / AUROC : 0.859375
4 time - 15 epoch, Training loss : 0.45079106092453003 / NS : Val AP : 0.925000011920929 / AUROC : 0.90625
4 time - 16 epoch, Training loss : 0.5035136938095093 / NS : Val AP : 0.8680555820465088 / AUROC : 0.890625
4 time - 17 epoch, Training loss : 0.45285677909851074 / NS : Val AP : 0.9659091234207153 / AUROC : 0.953125
4 time - 18 epoch, Training loss : 0.44780319929122925 / NS : Val AP : 0.7346320152282715 / AUROC : 0.75
[4 time Val AP : 0.984375 / AUROC : 0.9861111044883728 ]
[4 time Test AP : 0.6875 / AUROC : 0.7291666865348816 ]
5 time - 0 epoch, Training loss : 0.4591778814792633 / NS : Val AP : 0.976190447807312 / AUROC : 0.9722222222222223
5 time - 1 epoch, Training loss : 0.510474443435669 / NS : Val AP : 0.9107142686843872 / AUROC : 0.888888888888889
5 time - 2 epoch, Training loss : 0.442096471786499 / NS : Val AP : 0.920634925365448 / AUROC : 0.9166666666666667
5 time - 3 epoch, Training loss : 0.49896323680877686 / NS : Val AP : 0.7041666507720947 / AUROC : 0.6944444444444445
5 time - 4 epoch, Training loss : 0.48186612129211426 / NS : Val AP : 0.8416666984558105 / AUROC : 0.8333333333333334
5 time - 5 epoch, Training loss : 0.4498232305049896 / NS : Val AP : 0.8777778148651123 / AUROC : 0.8333333333333334
5 time - 6 epoch, Training loss : 0.4473782181739807 / NS : Val AP : 0.9484127163887024 / AUROC : 0.9444444444444444
5 time - 7 epoch, Training loss : 0.4739919900894165 / NS : Val AP : 0.8501683473587036 / AUROC : 0.75
5 time - 8 epoch, Training loss : 0.4369089603424072 / NS : Val AP : 0.807539701461792 / AUROC : 0.7777777777777779
5 time - 9 epoch, Training loss : 0.4495158791542053 / NS : Val AP : 0.855555534362793 / AUROC : 0.8611111111111112
5 time - 10 epoch, Training loss : 0.4719235301017761 / NS : Val AP : 0.8432900905609131 / AUROC : 0.7777777777777778
[5 time Val AP : 0.9722222222222223 / AUROC : 0.976190447807312 ]
[5 time Test AP : 1.0 / AUROC : 1.0 ]
6 time - 0 epoch, Training loss : 0.45603230595588684 / NS : Val AP : 0.6154836416244507 / AUROC : 0.5899999999999999
6 time - 1 epoch, Training loss : 0.4815688133239746 / NS : Val AP : 0.7692983150482178 / AUROC : 0.7500000000000001
6 time - 2 epoch, Training loss : 0.5276753306388855 / NS : Val AP : 0.7521153688430786 / AUROC : 0.69
6 time - 3 epoch, Training loss : 0.4658886194229126 / NS : Val AP : 0.9358974099159241 / AUROC : 0.91
6 time - 4 epoch, Training loss : 0.4600037932395935 / NS : Val AP : 0.7311831712722778 / AUROC : 0.7
6 time - 5 epoch, Training loss : 0.5471360087394714 / NS : Val AP : 0.7916666865348816 / AUROC : 0.77
6 time - 6 epoch, Training loss : 0.47821933031082153 / NS : Val AP : 0.4585723876953125 / AUROC : 0.38
6 time - 7 epoch, Training loss : 0.46121954917907715 / NS : Val AP : 0.8345328569412231 / AUROC : 0.76
6 time - 8 epoch, Training loss : 0.48864924907684326 / NS : Val AP : 0.7255876064300537 / AUROC : 0.65
6 time - 9 epoch, Training loss : 0.48096054792404175 / NS : Val AP : 0.8622148633003235 / AUROC : 0.77
6 time - 10 epoch, Training loss : 0.4395442605018616 / NS : Val AP : 0.784119725227356 / AUROC : 0.81
6 time - 11 epoch, Training loss : 0.4760146737098694 / NS : Val AP : 0.5090619921684265 / AUROC : 0.5
6 time - 12 epoch, Training loss : 0.6195469498634338 / NS : Val AP : 0.6208730340003967 / AUROC : 0.5700000000000001
6 time - 13 epoch, Training loss : 0.47927987575531006 / NS : Val AP : 0.49877288937568665 / AUROC : 0.41000000000000003
[6 time Val AP : 0.91 / AUROC : 0.9358974099159241 ]
[6 time Test AP : 0.36 / AUROC : 0.4577777683734894 ]
7 time - 0 epoch, Training loss : 0.42338985204696655 / NS : Val AP : 0.8415808081626892 / AUROC : 0.8698224852071006
7 time - 1 epoch, Training loss : 0.356853187084198 / NS : Val AP : 0.8754578828811646 / AUROC : 0.8520710059171598
7 time - 2 epoch, Training loss : 0.4886377453804016 / NS : Val AP : 0.906096339225769 / AUROC : 0.923076923076923
7 time - 3 epoch, Training loss : 0.5069795846939087 / NS : Val AP : 0.745999813079834 / AUROC : 0.8224852071005917
7 time - 4 epoch, Training loss : 0.48878413438796997 / NS : Val AP : 0.7185714244842529 / AUROC : 0.7751479289940828
7 time - 5 epoch, Training loss : 0.46401315927505493 / NS : Val AP : 0.872668981552124 / AUROC : 0.8520710059171597
7 time - 6 epoch, Training loss : 0.35278820991516113 / NS : Val AP : 0.8413902521133423 / AUROC : 0.8816568047337278
7 time - 7 epoch, Training loss : 0.5142478346824646 / NS : Val AP : 0.7700675129890442 / AUROC : 0.7869822485207101
7 time - 8 epoch, Training loss : 0.45632970333099365 / NS : Val AP : 0.9999999403953552 / AUROC : 1.0
7 time - 9 epoch, Training loss : 0.49084967374801636 / NS : Val AP : 0.8101949691772461 / AUROC : 0.8579881656804734
7 time - 10 epoch, Training loss : 0.3694726228713989 / NS : Val AP : 0.8891403079032898 / AUROC : 0.8698224852071006
7 time - 11 epoch, Training loss : 0.4571440517902374 / NS : Val AP : 0.8002845048904419 / AUROC : 0.8698224852071006
7 time - 12 epoch, Training loss : 0.4051504135131836 / NS : Val AP : 0.8719216585159302 / AUROC : 0.9289940828402368
7 time - 13 epoch, Training loss : 0.43290114402770996 / NS : Val AP : 0.7951267957687378 / AUROC : 0.7692307692307692
7 time - 14 epoch, Training loss : 0.43638259172439575 / NS : Val AP : 0.8839989900588989 / AUROC : 0.9053254437869822
7 time - 15 epoch, Training loss : 0.4756801128387451 / NS : Val AP : 0.673967719078064 / AUROC : 0.7159763313609467
7 time - 16 epoch, Training loss : 0.40770798921585083 / NS : Val AP : 0.8262231349945068 / AUROC : 0.7869822485207101
7 time - 17 epoch, Training loss : 0.4732031524181366 / NS : Val AP : 1.0 / AUROC : 1.0
7 time - 18 epoch, Training loss : 0.38363778591156006 / NS : Val AP : 0.9569302797317505 / AUROC : 0.9585798816568047
[7 time Val AP : 1.0 / AUROC : 0.9999999403953552 ]
[7 time Test AP : 1.0 / AUROC : 1.0 ]
8 time - 0 epoch, Training loss : 0.38918015360832214 / NS : Val AP : 0.9690616726875305 / AUROC : 0.970414201183432
8 time - 1 epoch, Training loss : 0.37685731053352356 / NS : Val AP : 0.9796597957611084 / AUROC : 0.9763313609467456
8 time - 2 epoch, Training loss : 0.3549102544784546 / NS : Val AP : 0.9247863292694092 / AUROC : 0.9112426035502958
8 time - 3 epoch, Training loss : 0.43400683999061584 / NS : Val AP : 0.8701837062835693 / AUROC : 0.8461538461538461
8 time - 4 epoch, Training loss : 0.38374796509742737 / NS : Val AP : 0.8992048501968384 / AUROC : 0.8698224852071007
8 time - 5 epoch, Training loss : 0.42720741033554077 / NS : Val AP : 0.8571428060531616 / AUROC : 0.834319526627219
8 time - 6 epoch, Training loss : 0.4150368571281433 / NS : Val AP : 0.8741148114204407 / AUROC : 0.8698224852071006
8 time - 7 epoch, Training loss : 0.4398168921470642 / NS : Val AP : 0.6775346398353577 / AUROC : 0.6863905325443787
8 time - 8 epoch, Training loss : 0.4043111503124237 / NS : Val AP : 0.9455281496047974 / AUROC : 0.9467455621301775
8 time - 9 epoch, Training loss : 0.36985570192337036 / NS : Val AP : 0.90885329246521 / AUROC : 0.9289940828402367
8 time - 10 epoch, Training loss : 0.4536721706390381 / NS : Val AP : 0.8136282563209534 / AUROC : 0.834319526627219
8 time - 11 epoch, Training loss : 0.4042854309082031 / NS : Val AP : 0.948695719242096 / AUROC : 0.9408284023668639
[8 time Val AP : 0.9763313609467456 / AUROC : 0.9796597957611084 ]
[8 time Test AP : 1.0 / AUROC : 1.0 ]
9 time - 0 epoch, Training loss : 0.5389195084571838 / NS : Val AP : 0.7296177744865417 / AUROC : 0.7168367346938775
9 time - 1 epoch, Training loss : 0.5238633155822754 / NS : Val AP : 0.6570268869400024 / AUROC : 0.6071428571428572
9 time - 2 epoch, Training loss : 0.457511842250824 / NS : Val AP : 0.7407714128494263 / AUROC : 0.711734693877551
9 time - 3 epoch, Training loss : 0.4851996600627899 / NS : Val AP : 0.6251852512359619 / AUROC : 0.7040816326530612
9 time - 4 epoch, Training loss : 0.4648588001728058 / NS : Val AP : 0.7275266051292419 / AUROC : 0.7321428571428572
9 time - 5 epoch, Training loss : 0.4921978712081909 / NS : Val AP : 0.835374116897583 / AUROC : 0.778061224489796
9 time - 6 epoch, Training loss : 0.42325878143310547 / NS : Val AP : 0.7647087574005127 / AUROC : 0.7168367346938775
9 time - 7 epoch, Training loss : 0.4341714084148407 / NS : Val AP : 0.8411639928817749 / AUROC : 0.7448979591836735
9 time - 8 epoch, Training loss : 0.4456237256526947 / NS : Val AP : 0.6555424928665161 / AUROC : 0.6020408163265307
9 time - 9 epoch, Training loss : 0.43547293543815613 / NS : Val AP : 0.7180002927780151 / AUROC : 0.6989795918367346
9 time - 10 epoch, Training loss : 0.4884348511695862 / NS : Val AP : 0.8940460681915283 / AUROC : 0.8647959183673469
9 time - 11 epoch, Training loss : 0.5174980759620667 / NS : Val AP : 0.658348798751831 / AUROC : 0.6454081632653061
9 time - 12 epoch, Training loss : 0.46155527234077454 / NS : Val AP : 0.725240170955658 / AUROC : 0.6887755102040817
9 time - 13 epoch, Training loss : 0.49381446838378906 / NS : Val AP : 0.7356542348861694 / AUROC : 0.6275510204081634
9 time - 14 epoch, Training loss : 0.5563032031059265 / NS : Val AP : 0.8208190202713013 / AUROC : 0.7270408163265306
9 time - 15 epoch, Training loss : 0.5198899507522583 / NS : Val AP : 0.7811533212661743 / AUROC : 0.7040816326530612
9 time - 16 epoch, Training loss : 0.4493010342121124 / NS : Val AP : 0.8864409327507019 / AUROC : 0.8418367346938775
9 time - 17 epoch, Training loss : 0.4549430012702942 / NS : Val AP : 0.6964994072914124 / AUROC : 0.673469387755102
9 time - 18 epoch, Training loss : 0.465451180934906 / NS : Val AP : 0.6804421544075012 / AUROC : 0.6836734693877551
9 time - 19 epoch, Training loss : 0.4363979995250702 / NS : Val AP : 0.6525839567184448 / AUROC : 0.5433673469387755
9 time - 20 epoch, Training loss : 0.4631951153278351 / NS : Val AP : 0.7316998839378357 / AUROC : 0.7040816326530612
[9 time Val AP : 0.8647959183673469 / AUROC : 0.8940460681915283 ]
[9 time Test AP : 0.8979591836734694 / AUROC : 0.9276437759399414 ]
10 time - 0 epoch, Training loss : 0.4952516555786133 / NS : Val AP : 0.6039923429489136 / AUROC : 0.5432098765432098
10 time - 1 epoch, Training loss : 0.5205047130584717 / NS : Val AP : 0.7071428298950195 / AUROC : 0.7037037037037037
10 time - 2 epoch, Training loss : 0.46901804208755493 / NS : Val AP : 0.5585317611694336 / AUROC : 0.5432098765432098
10 time - 3 epoch, Training loss : 0.49415019154548645 / NS : Val AP : 0.8563491702079773 / AUROC : 0.8395061728395061
10 time - 4 epoch, Training loss : 0.5615012645721436 / NS : Val AP : 0.802209734916687 / AUROC : 0.6913580246913581
10 time - 5 epoch, Training loss : 0.46455979347229004 / NS : Val AP : 0.46448618173599243 / AUROC : 0.3950617283950617
10 time - 6 epoch, Training loss : 0.48603522777557373 / NS : Val AP : 0.6190087199211121 / AUROC : 0.5432098765432098
10 time - 7 epoch, Training loss : 0.5153133869171143 / NS : Val AP : 0.6017093658447266 / AUROC : 0.6049382716049383
10 time - 8 epoch, Training loss : 0.48781341314315796 / NS : Val AP : 0.6180827617645264 / AUROC : 0.6049382716049383
10 time - 9 epoch, Training loss : 0.4893484115600586 / NS : Val AP : 0.5775960087776184 / AUROC : 0.5432098765432098
10 time - 10 epoch, Training loss : 0.47040027379989624 / NS : Val AP : 0.6985329985618591 / AUROC : 0.7654320987654321
10 time - 11 epoch, Training loss : 0.5364561080932617 / NS : Val AP : 0.7865400314331055 / AUROC : 0.8148148148148148
10 time - 12 epoch, Training loss : 0.524974524974823 / NS : Val AP : 0.6457071304321289 / AUROC : 0.6666666666666666
10 time - 13 epoch, Training loss : 0.5069231986999512 / NS : Val AP : 0.627623438835144 / AUROC : 0.4691358024691358
[10 time Val AP : 0.8395061728395061 / AUROC : 0.8563491702079773 ]
[10 time Test AP : 0.8 / AUROC : 0.7099999785423279 ]
11 time - 0 epoch, Training loss : 0.2782742381095886 / NS : Val AP : 0.6280359625816345 / AUROC : 0.6198979591836734
11 time - 1 epoch, Training loss : 0.4901207685470581 / NS : Val AP : 0.6109316945075989 / AUROC : 0.5841836734693877
11 time - 2 epoch, Training loss : 0.47377145290374756 / NS : Val AP : 0.5580997467041016 / AUROC : 0.5688775510204082
11 time - 3 epoch, Training loss : 0.44333672523498535 / NS : Val AP : 0.706242561340332 / AUROC : 0.6224489795918366
11 time - 4 epoch, Training loss : 0.5089328289031982 / NS : Val AP : 0.7467982769012451 / AUROC : 0.6275510204081632
11 time - 5 epoch, Training loss : 0.47932326793670654 / NS : Val AP : 0.6434623003005981 / AUROC : 0.6275510204081631
11 time - 6 epoch, Training loss : 0.5317636132240295 / NS : Val AP : 0.6336936354637146 / AUROC : 0.576530612244898
11 time - 7 epoch, Training loss : 0.49682122468948364 / NS : Val AP : 0.8542381525039673 / AUROC : 0.8048469387755103
11 time - 8 epoch, Training loss : 0.41765713691711426 / NS : Val AP : 0.8040986657142639 / AUROC : 0.7627551020408163
11 time - 9 epoch, Training loss : 0.47478049993515015 / NS : Val AP : 0.6662610769271851 / AUROC : 0.5242346938775511
11 time - 10 epoch, Training loss : 0.4754042625427246 / NS : Val AP : 0.6626384258270264 / AUROC : 0.6033163265306123
11 time - 11 epoch, Training loss : 0.46453386545181274 / NS : Val AP : 0.6807993650436401 / AUROC : 0.5816326530612245
11 time - 12 epoch, Training loss : 0.5091019868850708 / NS : Val AP : 0.6364145874977112 / AUROC : 0.43239795918367346
11 time - 13 epoch, Training loss : 0.4619854986667633 / NS : Val AP : 0.61409592628479 / AUROC : 0.4910714285714286
11 time - 14 epoch, Training loss : 0.4498446583747864 / NS : Val AP : 0.7156307697296143 / AUROC : 0.6466836734693878
11 time - 15 epoch, Training loss : 0.47928065061569214 / NS : Val AP : 0.6148933172225952 / AUROC : 0.548469387755102
11 time - 16 epoch, Training loss : 0.5032880902290344 / NS : Val AP : 0.6348822116851807 / AUROC : 0.5816326530612245
11 time - 17 epoch, Training loss : 0.4702102243900299 / NS : Val AP : 0.7927876710891724 / AUROC : 0.721938775510204
[11 time Val AP : 0.8048469387755103 / AUROC : 0.8542381525039673 ]
[11 time Test AP : 0.8316326530612245 / AUROC : 0.8807245492935181 ]
12 time - 0 epoch, Training loss : 0.4857603907585144 / NS : Val AP : 0.756247878074646 / AUROC : 0.7020408163265306
12 time - 1 epoch, Training loss : 0.48418089747428894 / NS : Val AP : 0.7417796850204468 / AUROC : 0.630859375
12 time - 2 epoch, Training loss : 0.4909483790397644 / NS : Val AP : 0.4166666567325592 / AUROC : 0.0
12 time - 3 epoch, Training loss : 0.4814635217189789 / NS : Val AP : 0.6339550614356995 / AUROC : 0.53125
12 time - 4 epoch, Training loss : 0.4946870803833008 / NS : Val AP : 0.8666666746139526 / AUROC : 0.7777777777777778
12 time - 5 epoch, Training loss : 0.47996091842651367 / NS : Val AP : 0.8402878046035767 / AUROC : 0.77734375
12 time - 6 epoch, Training loss : 0.45147013664245605 / NS : Val AP : 0.8333333730697632 / AUROC : 0.6666666666666666
12 time - 7 epoch, Training loss : 0.4494425058364868 / NS : Val AP : 0.8287757635116577 / AUROC : 0.7509765625
12 time - 8 epoch, Training loss : 0.4681966304779053 / NS : Val AP : 0.4444444179534912 / AUROC : 0.11111111111111112
12 time - 9 epoch, Training loss : 0.4631604850292206 / NS : Val AP : 0.7117120027542114 / AUROC : 0.62109375
12 time - 10 epoch, Training loss : 0.47802048921585083 / NS : Val AP : 0.38333335518836975 / AUROC : 0.0
12 time - 11 epoch, Training loss : 0.4789615869522095 / NS : Val AP : 0.7569211721420288 / AUROC : 0.63671875
12 time - 12 epoch, Training loss : 0.46449172496795654 / NS : Val AP : 1.0 / AUROC : 1.0
12 time - 13 epoch, Training loss : 0.5162186622619629 / NS : Val AP : 0.6824203729629517 / AUROC : 0.5849609375
12 time - 14 epoch, Training loss : 0.500309944152832 / NS : Val AP : 0.8666666746139526 / AUROC : 0.7777777777777778
12 time - 15 epoch, Training loss : 0.4701600670814514 / NS : Val AP : 0.7168564796447754 / AUROC : 0.6279296875
12 time - 16 epoch, Training loss : 0.45632094144821167 / NS : Val AP : 0.9166666865348816 / AUROC : 0.888888888888889
12 time - 17 epoch, Training loss : 0.484660267829895 / NS : Val AP : 0.6718296408653259 / AUROC : 0.55859375
12 time - 18 epoch, Training loss : 0.4813723564147949 / NS : Val AP : 1.0 / AUROC : 1.0
12 time - 19 epoch, Training loss : 0.4773625433444977 / NS : Val AP : 0.7524034976959229 / AUROC : 0.666015625
12 time - 20 epoch, Training loss : 0.4608714282512665 / NS : Val AP : 0.5555555820465088 / AUROC : 0.4444444444444445
12 time - 21 epoch, Training loss : 0.4924277067184448 / NS : Val AP : 0.6680857539176941 / AUROC : 0.6318359375
12 time - 22 epoch, Training loss : 0.46045660972595215 / NS : Val AP : 0.6333333253860474 / AUROC : 0.3333333333333333
[12 time Val AP : 1.0 / AUROC : 1.0 ]
[12 time Test AP : 0.7222222222222222 / AUROC : 0.7126362323760986 ]
13 time - 0 epoch, Training loss : 0.47693943977355957 / NS : Val AP : 0.5534464120864868 / AUROC : 0.5357142857142857
13 time - 1 epoch, Training loss : 0.48059701919555664 / NS : Val AP : 0.7680414915084839 / AUROC : 0.7142857142857142
13 time - 2 epoch, Training loss : 0.4912775158882141 / NS : Val AP : 0.7341823577880859 / AUROC : 0.7002551020408163
13 time - 3 epoch, Training loss : 0.4620858430862427 / NS : Val AP : 0.8274568319320679 / AUROC : 0.8131377551020408
13 time - 4 epoch, Training loss : 0.4909464716911316 / NS : Val AP : 0.7381769418716431 / AUROC : 0.7040816326530612
13 time - 5 epoch, Training loss : 0.47797393798828125 / NS : Val AP : 0.6990610957145691 / AUROC : 0.6741071428571428
13 time - 6 epoch, Training loss : 0.4365985095500946 / NS : Val AP : 0.8206045627593994 / AUROC : 0.735969387755102
13 time - 7 epoch, Training loss : 0.49210286140441895 / NS : Val AP : 0.7935675978660583 / AUROC : 0.7142857142857144
13 time - 8 epoch, Training loss : 0.45798397064208984 / NS : Val AP : 0.6901487112045288 / AUROC : 0.6033163265306123
13 time - 9 epoch, Training loss : 0.48940789699554443 / NS : Val AP : 0.7259202003479004 / AUROC : 0.6951530612244898
13 time - 10 epoch, Training loss : 0.49241840839385986 / NS : Val AP : 0.6780782341957092 / AUROC : 0.5994897959183674
13 time - 11 epoch, Training loss : 0.47447383403778076 / NS : Val AP : 0.6766625046730042 / AUROC : 0.6307397959183674
13 time - 12 epoch, Training loss : 0.46709632873535156 / NS : Val AP : 0.7977057099342346 / AUROC : 0.735969387755102
13 time - 13 epoch, Training loss : 0.49779635667800903 / NS : Val AP : 0.6103625297546387 / AUROC : 0.46173469387755106
[13 time Val AP : 0.8131377551020408 / AUROC : 0.8274568319320679 ]
[13 time Test AP : 0.6887755102040816 / AUROC : 0.7263759970664978 ]
14 time - 0 epoch, Training loss : 0.48235616087913513 / NS : Val AP : 0.8204091787338257 / AUROC : 0.7841796875
14 time - 1 epoch, Training loss : 0.46818435192108154 / NS : Val AP : 0.7444336414337158 / AUROC : 0.736328125
14 time - 2 epoch, Training loss : 0.4922885298728943 / NS : Val AP : 0.7523438930511475 / AUROC : 0.7451171875
14 time - 3 epoch, Training loss : 0.4823439419269562 / NS : Val AP : 0.6221433877944946 / AUROC : 0.6025390625
14 time - 4 epoch, Training loss : 0.4372985363006592 / NS : Val AP : 0.7648922204971313 / AUROC : 0.685546875
14 time - 5 epoch, Training loss : 0.4449467360973358 / NS : Val AP : 0.7297072410583496 / AUROC : 0.6767578125
14 time - 6 epoch, Training loss : 0.4662155210971832 / NS : Val AP : 0.7660165429115295 / AUROC : 0.76171875
14 time - 7 epoch, Training loss : 0.47894662618637085 / NS : Val AP : 0.8003281950950623 / AUROC : 0.7998046875
14 time - 8 epoch, Training loss : 0.4441554546356201 / NS : Val AP : 0.848522424697876 / AUROC : 0.8515625
14 time - 9 epoch, Training loss : 0.5198521614074707 / NS : Val AP : 0.7463232278823853 / AUROC : 0.712890625
14 time - 10 epoch, Training loss : 0.4726831912994385 / NS : Val AP : 0.7529208064079285 / AUROC : 0.7197265625
14 time - 11 epoch, Training loss : 0.44486570358276367 / NS : Val AP : 0.7592849731445312 / AUROC : 0.7080078125
14 time - 12 epoch, Training loss : 0.43194741010665894 / NS : Val AP : 0.7965078949928284 / AUROC : 0.7314453125
14 time - 13 epoch, Training loss : 0.5380935668945312 / NS : Val AP : 0.7784096598625183 / AUROC : 0.693359375
14 time - 14 epoch, Training loss : 0.4649994373321533 / NS : Val AP : 0.6504636406898499 / AUROC : 0.634765625
14 time - 15 epoch, Training loss : 0.47073036432266235 / NS : Val AP : 0.712663471698761 / AUROC : 0.62109375
14 time - 16 epoch, Training loss : 0.45793387293815613 / NS : Val AP : 0.7966304421424866 / AUROC : 0.7685546875
14 time - 17 epoch, Training loss : 0.4666341543197632 / NS : Val AP : 0.6822434067726135 / AUROC : 0.6943359375
14 time - 18 epoch, Training loss : 0.49656912684440613 / NS : Val AP : 0.7937585115432739 / AUROC : 0.7529296875
[14 time Val AP : 0.8515625 / AUROC : 0.848522424697876 ]
[14 time Test AP : 0.7890625 / AUROC : 0.8454447984695435 ]
15 time - 0 epoch, Training loss : 0.47954365611076355 / NS : Val AP : 0.9121465682983398 / AUROC : 0.8943758573388203
15 time - 1 epoch, Training loss : 0.47738397121429443 / NS : Val AP : 0.8110755085945129 / AUROC : 0.7914951989026062
15 time - 2 epoch, Training loss : 0.46482715010643005 / NS : Val AP : 0.6885297298431396 / AUROC : 0.6364883401920439
15 time - 3 epoch, Training loss : 0.465519517660141 / NS : Val AP : 0.6554909348487854 / AUROC : 0.6241426611796982
15 time - 4 epoch, Training loss : 0.4585574269294739 / NS : Val AP : 0.7616550922393799 / AUROC : 0.7126200274348422
15 time - 5 epoch, Training loss : 0.5097554326057434 / NS : Val AP : 0.7987684011459351 / AUROC : 0.7709190672153635
15 time - 6 epoch, Training loss : 0.47141700983047485 / NS : Val AP : 0.706701397895813 / AUROC : 0.6790123456790123
15 time - 7 epoch, Training loss : 0.47419339418411255 / NS : Val AP : 0.8099149465560913 / AUROC : 0.8257887517146776
15 time - 8 epoch, Training loss : 0.46674874424934387 / NS : Val AP : 0.8434210419654846 / AUROC : 0.7942386831275721
15 time - 9 epoch, Training loss : 0.4606366753578186 / NS : Val AP : 0.7681589126586914 / AUROC : 0.7050754458161866
15 time - 10 epoch, Training loss : 0.5216352939605713 / NS : Val AP : 0.802780270576477 / AUROC : 0.7379972565157751
[15 time Val AP : 0.8943758573388203 / AUROC : 0.9121465682983398 ]
[15 time Test AP : 0.6581632653061225 / AUROC : 0.7300203442573547 ]
16 time - 0 epoch, Training loss : 0.4477033317089081 / NS : Val AP : 0.6525336503982544 / AUROC : 0.5380886426592798
16 time - 1 epoch, Training loss : 0.5094851851463318 / NS : Val AP : 0.7237054109573364 / AUROC : 0.6025390625
16 time - 2 epoch, Training loss : 0.5475040078163147 / NS : Val AP : 0.8333333134651184 / AUROC : 0.6944444444444444
16 time - 3 epoch, Training loss : 0.6000598669052124 / NS : Val AP : 0.5554211735725403 / AUROC : 0.4384765625
16 time - 4 epoch, Training loss : 0.5134284496307373 / NS : Val AP : 0.9242424368858337 / AUROC : 0.8611111111111112
16 time - 5 epoch, Training loss : 0.5179933309555054 / NS : Val AP : 0.6547725200653076 / AUROC : 0.552734375
16 time - 6 epoch, Training loss : 0.4819636642932892 / NS : Val AP : 0.8964646458625793 / AUROC : 0.8333333333333335
16 time - 7 epoch, Training loss : 0.5035387277603149 / NS : Val AP : 0.6907500624656677 / AUROC : 0.6611328125
16 time - 8 epoch, Training loss : 0.47122567892074585 / NS : Val AP : 0.8138887882232666 / AUROC : 0.7500000000000001
16 time - 9 epoch, Training loss : 0.4777248501777649 / NS : Val AP : 0.7773735523223877 / AUROC : 0.7373046875
16 time - 10 epoch, Training loss : 0.5452446937561035 / NS : Val AP : 0.8016233444213867 / AUROC : 0.75
16 time - 11 epoch, Training loss : 0.5789898633956909 / NS : Val AP : 0.6408855319023132 / AUROC : 0.5703125
16 time - 12 epoch, Training loss : 0.5375362634658813 / NS : Val AP : 0.6833333969116211 / AUROC : 0.4444444444444445
16 time - 13 epoch, Training loss : 0.5275670289993286 / NS : Val AP : 0.8248398303985596 / AUROC : 0.76123046875
16 time - 14 epoch, Training loss : 0.5375163555145264 / NS : Val AP : 0.542424201965332 / AUROC : 0.3333333333333333
[16 time Val AP : 0.8611111111111112 / AUROC : 0.9242424368858337 ]
[16 time Test AP : 0.6925207756232686 / AUROC : 0.7067838907241821 ]
17 time - 0 epoch, Training loss : 0.4430917501449585 / NS : Val AP : 0.6940072774887085 / AUROC : 0.6419999999999999
17 time - 1 epoch, Training loss : 0.4971952736377716 / NS : Val AP : 0.7381764054298401 / AUROC : 0.658203125
17 time - 2 epoch, Training loss : 0.45951613783836365 / NS : Val AP : 0.7226297855377197 / AUROC : 0.6574074074074074
17 time - 3 epoch, Training loss : 0.46478351950645447 / NS : Val AP : 0.8451446294784546 / AUROC : 0.796875
17 time - 4 epoch, Training loss : 0.4744469225406647 / NS : Val AP : 0.748803973197937 / AUROC : 0.7191358024691358
17 time - 5 epoch, Training loss : 0.5149884223937988 / NS : Val AP : 0.8167491555213928 / AUROC : 0.818359375
17 time - 6 epoch, Training loss : 0.5003566741943359 / NS : Val AP : 0.6617305874824524 / AUROC : 0.6080246913580247
17 time - 7 epoch, Training loss : 0.4751506447792053 / NS : Val AP : 0.6946277618408203 / AUROC : 0.759765625
17 time - 8 epoch, Training loss : 0.46984612941741943 / NS : Val AP : 0.7892084121704102 / AUROC : 0.7623456790123456
17 time - 9 epoch, Training loss : 0.5033009052276611 / NS : Val AP : 0.8265753388404846 / AUROC : 0.7939453125
17 time - 10 epoch, Training loss : 0.48818469047546387 / NS : Val AP : 0.8603345155715942 / AUROC : 0.8487654320987654
17 time - 11 epoch, Training loss : 0.4769425392150879 / NS : Val AP : 0.6934286952018738 / AUROC : 0.6455078125
17 time - 12 epoch, Training loss : 0.45414426922798157 / NS : Val AP : 0.8601260185241699 / AUROC : 0.8333333333333334
17 time - 13 epoch, Training loss : 0.4758473336696625 / NS : Val AP : 0.8094822764396667 / AUROC : 0.7392578125
17 time - 14 epoch, Training loss : 0.4546661972999573 / NS : Val AP : 0.7966708540916443 / AUROC : 0.7870370370370371
17 time - 15 epoch, Training loss : 0.4984346032142639 / NS : Val AP : 0.7258338928222656 / AUROC : 0.6337890625
17 time - 16 epoch, Training loss : 0.46382954716682434 / NS : Val AP : 0.6879087686538696 / AUROC : 0.5987654320987654
17 time - 17 epoch, Training loss : 0.48539191484451294 / NS : Val AP : 0.7772799134254456 / AUROC : 0.6904296875
17 time - 18 epoch, Training loss : 0.4600963592529297 / NS : Val AP : 0.7964085936546326 / AUROC : 0.7808641975308642
17 time - 19 epoch, Training loss : 0.46405357122421265 / NS : Val AP : 0.7468481063842773 / AUROC : 0.6728515625
17 time - 20 epoch, Training loss : 0.4835858643054962 / NS : Val AP : 0.8293589949607849 / AUROC : 0.7561728395061729
[17 time Val AP : 0.8487654320987654 / AUROC : 0.8603345155715942 ]
[17 time Test AP : 0.8368 / AUROC : 0.8834716081619263 ]
18 time - 0 epoch, Training loss : 0.4427449405193329 / NS : Val AP : 0.8165297508239746 / AUROC : 0.7773628267739154
18 time - 1 epoch, Training loss : 0.44422081112861633 / NS : Val AP : 0.833396315574646 / AUROC : 0.7744140625
18 time - 2 epoch, Training loss : 0.46254169940948486 / NS : Val AP : 0.8958483934402466 / AUROC : 0.8834019204389574
18 time - 3 epoch, Training loss : 0.4318149983882904 / NS : Val AP : 0.7907912135124207 / AUROC : 0.7158203125
18 time - 4 epoch, Training loss : 0.4607926607131958 / NS : Val AP : 0.8316885232925415 / AUROC : 0.7818930041152263
18 time - 5 epoch, Training loss : 0.46983757615089417 / NS : Val AP : 0.6998258829116821 / AUROC : 0.6357421875
18 time - 6 epoch, Training loss : 0.46587398648262024 / NS : Val AP : 0.83267742395401 / AUROC : 0.7914951989026063
18 time - 7 epoch, Training loss : 0.4239586591720581 / NS : Val AP : 0.8052494525909424 / AUROC : 0.765625
18 time - 8 epoch, Training loss : 0.416961669921875 / NS : Val AP : 0.8581851720809937 / AUROC : 0.8669410150891632
18 time - 9 epoch, Training loss : 0.4432581961154938 / NS : Val AP : 0.8129364848136902 / AUROC : 0.7578125
18 time - 10 epoch, Training loss : 0.4708586633205414 / NS : Val AP : 0.7161552906036377 / AUROC : 0.6666666666666666
18 time - 11 epoch, Training loss : 0.4561569392681122 / NS : Val AP : 0.812431275844574 / AUROC : 0.7724609375
18 time - 12 epoch, Training loss : 0.44330665469169617 / NS : Val AP : 0.9085757732391357 / AUROC : 0.8765432098765432
[18 time Val AP : 0.8834019204389574 / AUROC : 0.8958483934402466 ]
[18 time Test AP : 0.71 / AUROC : 0.7472288012504578 ]
19 time - 0 epoch, Training loss : 0.44563424587249756 / NS : Val AP : 0.7978163957595825 / AUROC : 0.7695290858725762
19 time - 1 epoch, Training loss : 0.4536333382129669 / NS : Val AP : 0.8306598663330078 / AUROC : 0.818359375
19 time - 2 epoch, Training loss : 0.4461148977279663 / NS : Val AP : 0.7764315605163574 / AUROC : 0.7607421875
19 time - 3 epoch, Training loss : 0.450884073972702 / NS : Val AP : 0.9098659753799438 / AUROC : 0.8969823100936525
19 time - 4 epoch, Training loss : 0.41744858026504517 / NS : Val AP : 0.8989652395248413 / AUROC : 0.880859375
19 time - 5 epoch, Training loss : 0.4050947427749634 / NS : Val AP : 0.787182092666626 / AUROC : 0.7431640625
19 time - 6 epoch, Training loss : 0.43531835079193115 / NS : Val AP : 0.807509183883667 / AUROC : 0.77315296566077
19 time - 7 epoch, Training loss : 0.447314590215683 / NS : Val AP : 0.9082940220832825 / AUROC : 0.9013671875
19 time - 8 epoch, Training loss : 0.39734289050102234 / NS : Val AP : 0.8741621375083923 / AUROC : 0.8740234375
19 time - 9 epoch, Training loss : 0.46764349937438965 / NS : Val AP : 0.8974798917770386 / AUROC : 0.8751300728407908
19 time - 10 epoch, Training loss : 0.43842801451683044 / NS : Val AP : 0.8045627474784851 / AUROC : 0.763671875
19 time - 11 epoch, Training loss : 0.4197346568107605 / NS : Val AP : 0.7929990887641907 / AUROC : 0.767578125
19 time - 12 epoch, Training loss : 0.43503302335739136 / NS : Val AP : 0.8704268932342529 / AUROC : 0.8314255983350676
19 time - 13 epoch, Training loss : 0.4257056713104248 / NS : Val AP : 0.8835961222648621 / AUROC : 0.8642578125
19 time - 14 epoch, Training loss : 0.4204690158367157 / NS : Val AP : 0.8859044313430786 / AUROC : 0.861328125
19 time - 15 epoch, Training loss : 0.38387396931648254 / NS : Val AP : 0.910822868347168 / AUROC : 0.8855359001040582
19 time - 16 epoch, Training loss : 0.4178355634212494 / NS : Val AP : 0.8135359287261963 / AUROC : 0.7783203125
19 time - 17 epoch, Training loss : 0.41615331172943115 / NS : Val AP : 0.888388454914093 / AUROC : 0.876953125
[19 time Val AP : 0.9013671875 / AUROC : 0.9082940220832825 ]
[19 time Test AP : 0.7178819444444445 / AUROC : 0.7478062510490417 ]
20 time - 0 epoch, Training loss : 0.4031047523021698 / NS : Val AP : 0.8048512935638428 / AUROC : 0.7504056246619795
20 time - 1 epoch, Training loss : 0.3995526432991028 / NS : Val AP : 0.7884349226951599 / AUROC : 0.7353515625
20 time - 2 epoch, Training loss : 0.39047741889953613 / NS : Val AP : 0.7566940784454346 / AUROC : 0.697265625
20 time - 3 epoch, Training loss : 0.4299299120903015 / NS : Val AP : 0.716960608959198 / AUROC : 0.7045454545454546
20 time - 4 epoch, Training loss : 0.46569591760635376 / NS : Val AP : 0.8402566313743591 / AUROC : 0.8291015625
20 time - 5 epoch, Training loss : 0.43228083848953247 / NS : Val AP : 0.8292859792709351 / AUROC : 0.7783203125
20 time - 6 epoch, Training loss : 0.44304078817367554 / NS : Val AP : 0.9372857213020325 / AUROC : 0.9132231404958677
20 time - 7 epoch, Training loss : 0.41182032227516174 / NS : Val AP : 0.856174111366272 / AUROC : 0.82421875
20 time - 8 epoch, Training loss : 0.42811882495880127 / NS : Val AP : 0.7768450975418091 / AUROC : 0.716796875
20 time - 9 epoch, Training loss : 0.4686662554740906 / NS : Val AP : 0.8930985331535339 / AUROC : 0.865702479338843
20 time - 10 epoch, Training loss : 0.37701892852783203 / NS : Val AP : 0.8939911723136902 / AUROC : 0.8759765625
20 time - 11 epoch, Training loss : 0.41518422961235046 / NS : Val AP : 0.7731161117553711 / AUROC : 0.677734375
20 time - 12 epoch, Training loss : 0.3964919149875641 / NS : Val AP : 0.9041745662689209 / AUROC : 0.8574380165289256
20 time - 13 epoch, Training loss : 0.45084407925605774 / NS : Val AP : 0.7950038909912109 / AUROC : 0.7890625
20 time - 14 epoch, Training loss : 0.38622918725013733 / NS : Val AP : 0.8181434273719788 / AUROC : 0.75390625
20 time - 15 epoch, Training loss : 0.4101005494594574 / NS : Val AP : 0.670037567615509 / AUROC : 0.6528925619834711
20 time - 16 epoch, Training loss : 0.4204504191875458 / NS : Val AP : 0.7787458300590515 / AUROC : 0.75
[20 time Val AP : 0.9132231404958677 / AUROC : 0.9372857213020325 ]
[20 time Test AP : 0.7798810167658193 / AUROC : 0.8031937479972839 ]
21 time - 0 epoch, Training loss : 0.46776843070983887 / NS : Val AP : 0.7497787475585938 / AUROC : 0.6989370870439529
21 time - 1 epoch, Training loss : 0.4210107624530792 / NS : Val AP : 0.7971802353858948 / AUROC : 0.7958984375
21 time - 2 epoch, Training loss : 0.4517814815044403 / NS : Val AP : 0.7799145579338074 / AUROC : 0.7412109375
21 time - 3 epoch, Training loss : 0.4736039638519287 / NS : Val AP : 0.7864421606063843 / AUROC : 0.7841796875
21 time - 4 epoch, Training loss : 0.46162813901901245 / NS : Val AP : 0.6718298196792603 / AUROC : 0.5867768595041323
21 time - 5 epoch, Training loss : 0.4732312262058258 / NS : Val AP : 0.833174467086792 / AUROC : 0.7861328125
21 time - 6 epoch, Training loss : 0.45380285382270813 / NS : Val AP : 0.7723380327224731 / AUROC : 0.7490234375
21 time - 7 epoch, Training loss : 0.42828017473220825 / NS : Val AP : 0.7702794075012207 / AUROC : 0.7314453125
21 time - 8 epoch, Training loss : 0.4583679437637329 / NS : Val AP : 0.8026975989341736 / AUROC : 0.7334710743801653
21 time - 9 epoch, Training loss : 0.4593721926212311 / NS : Val AP : 0.6845893859863281 / AUROC : 0.6064453125
21 time - 10 epoch, Training loss : 0.4512086510658264 / NS : Val AP : 0.8082351684570312 / AUROC : 0.7685546875
21 time - 11 epoch, Training loss : 0.43129244446754456 / NS : Val AP : 0.8133583664894104 / AUROC : 0.7998046875
21 time - 12 epoch, Training loss : 0.43390536308288574 / NS : Val AP : 0.9594874978065491 / AUROC : 0.9462809917355371
21 time - 13 epoch, Training loss : 0.41701745986938477 / NS : Val AP : 0.7595585584640503 / AUROC : 0.7353515625
21 time - 14 epoch, Training loss : 0.4666287302970886 / NS : Val AP : 0.7933583855628967 / AUROC : 0.79296875
21 time - 15 epoch, Training loss : 0.44262629747390747 / NS : Val AP : 0.8967633247375488 / AUROC : 0.8818359375
21 time - 16 epoch, Training loss : 0.4643469452857971 / NS : Val AP : 0.8438581228256226 / AUROC : 0.7458677685950412
21 time - 17 epoch, Training loss : 0.39951884746551514 / NS : Val AP : 0.7576218843460083 / AUROC : 0.6884765625
21 time - 18 epoch, Training loss : 0.5174983739852905 / NS : Val AP : 0.8365124464035034 / AUROC : 0.8291015625
21 time - 19 epoch, Training loss : 0.47012466192245483 / NS : Val AP : 0.7679323554039001 / AUROC : 0.716796875
21 time - 20 epoch, Training loss : 0.43404892086982727 / NS : Val AP : 0.9011461734771729 / AUROC : 0.8760330578512397
21 time - 21 epoch, Training loss : 0.4667646884918213 / NS : Val AP : 0.8499320149421692 / AUROC : 0.828125
21 time - 22 epoch, Training loss : 0.4644981622695923 / NS : Val AP : 0.8780088424682617 / AUROC : 0.8740234375
[21 time Val AP : 0.9462809917355371 / AUROC : 0.9594874978065491 ]
[21 time Test AP : 0.7107153116920425 / AUROC : 0.7881641983985901 ]
22 time - 0 epoch, Training loss : 0.4310564398765564 / NS : Val AP : 0.8690257668495178 / AUROC : 0.8318758573388203
22 time - 1 epoch, Training loss : 0.44912290573120117 / NS : Val AP : 0.8746889233589172 / AUROC : 0.8427734375
22 time - 2 epoch, Training loss : 0.41652750968933105 / NS : Val AP : 0.635191023349762 / AUROC : 0.5927734375
22 time - 3 epoch, Training loss : 0.45334336161613464 / NS : Val AP : 0.8972765207290649 / AUROC : 0.8701171875
22 time - 4 epoch, Training loss : 0.4252701997756958 / NS : Val AP : 0.861936092376709 / AUROC : 0.7986111111111112
22 time - 5 epoch, Training loss : 0.4299323558807373 / NS : Val AP : 0.7899661660194397 / AUROC : 0.78125
22 time - 6 epoch, Training loss : 0.4199479818344116 / NS : Val AP : 0.8117599487304688 / AUROC : 0.7900390625
22 time - 7 epoch, Training loss : 0.4431820511817932 / NS : Val AP : 0.8097358345985413 / AUROC : 0.783203125
22 time - 8 epoch, Training loss : 0.4014752209186554 / NS : Val AP : 0.912322461605072 / AUROC : 0.8819444444444444
22 time - 9 epoch, Training loss : 0.4435933232307434 / NS : Val AP : 0.8547308444976807 / AUROC : 0.794921875
22 time - 10 epoch, Training loss : 0.43928638100624084 / NS : Val AP : 0.7512176632881165 / AUROC : 0.724609375
22 time - 11 epoch, Training loss : 0.4570748209953308 / NS : Val AP : 0.8340297937393188 / AUROC : 0.7890625
22 time - 12 epoch, Training loss : 0.41866087913513184 / NS : Val AP : 0.7755847573280334 / AUROC : 0.6458333333333333
22 time - 13 epoch, Training loss : 0.4199514389038086 / NS : Val AP : 0.8853328824043274 / AUROC : 0.8466796875
22 time - 14 epoch, Training loss : 0.41803956031799316 / NS : Val AP : 0.7684351205825806 / AUROC : 0.7900390625
22 time - 15 epoch, Training loss : 0.39514994621276855 / NS : Val AP : 0.9084650874137878 / AUROC : 0.8876953125
22 time - 16 epoch, Training loss : 0.40738773345947266 / NS : Val AP : 0.9007576107978821 / AUROC : 0.8472222222222223
22 time - 17 epoch, Training loss : 0.4251006543636322 / NS : Val AP : 0.8701374530792236 / AUROC : 0.8466796875
22 time - 18 epoch, Training loss : 0.41975435614585876 / NS : Val AP : 0.9072617292404175 / AUROC : 0.8759765625
22 time - 19 epoch, Training loss : 0.4405202269554138 / NS : Val AP : 0.9248708486557007 / AUROC : 0.8994140625
22 time - 20 epoch, Training loss : 0.39683830738067627 / NS : Val AP : 0.9155945777893066 / AUROC : 0.8958333333333334
22 time - 21 epoch, Training loss : 0.4243384897708893 / NS : Val AP : 0.8436052799224854 / AUROC : 0.8349609375
22 time - 22 epoch, Training loss : 0.42750632762908936 / NS : Val AP : 0.8752642273902893 / AUROC : 0.8466796875
22 time - 23 epoch, Training loss : 0.4312688112258911 / NS : Val AP : 0.8852899074554443 / AUROC : 0.8388671875
22 time - 24 epoch, Training loss : 0.4028748869895935 / NS : Val AP : 0.7225431799888611 / AUROC : 0.6319444444444445
22 time - 25 epoch, Training loss : 0.41865837574005127 / NS : Val AP : 0.8077770471572876 / AUROC : 0.7685546875
22 time - 26 epoch, Training loss : 0.4311307966709137 / NS : Val AP : 0.8122633695602417 / AUROC : 0.78515625
22 time - 27 epoch, Training loss : 0.4198954701423645 / NS : Val AP : 0.9146808385848999 / AUROC : 0.8974609375
22 time - 28 epoch, Training loss : 0.38579660654067993 / NS : Val AP : 0.8476012945175171 / AUROC : 0.7916666666666667
22 time - 29 epoch, Training loss : 0.4066498279571533 / NS : Val AP : 0.792231559753418 / AUROC : 0.7734375
[22 time Val AP : 0.8994140625 / AUROC : 0.9248708486557007 ]
[22 time Test AP : 0.8076131687242798 / AUROC : 0.8346503376960754 ]
23 time - 0 epoch, Training loss : 0.4408935308456421 / NS : Val AP : 0.8275903463363647 / AUROC : 0.7960412202836444
23 time - 1 epoch, Training loss : 0.426308810710907 / NS : Val AP : 0.8362922072410583 / AUROC : 0.8076171875
23 time - 2 epoch, Training loss : 0.4374903440475464 / NS : Val AP : 0.7582525610923767 / AUROC : 0.7138671875
23 time - 3 epoch, Training loss : 0.4203125536441803 / NS : Val AP : 0.8404649496078491 / AUROC : 0.810546875
23 time - 4 epoch, Training loss : 0.46955162286758423 / NS : Val AP : 0.7555556297302246 / AUROC : 0.6666666666666667
23 time - 5 epoch, Training loss : 0.5106561183929443 / NS : Val AP : 0.735689640045166 / AUROC : 0.658203125
23 time - 6 epoch, Training loss : 0.465488463640213 / NS : Val AP : 0.905175507068634 / AUROC : 0.8740234375
23 time - 7 epoch, Training loss : 0.4678139388561249 / NS : Val AP : 0.8825863599777222 / AUROC : 0.830078125
23 time - 8 epoch, Training loss : 0.4401622712612152 / NS : Val AP : 0.9166666269302368 / AUROC : 0.888888888888889
23 time - 9 epoch, Training loss : 0.4624694585800171 / NS : Val AP : 0.7760937213897705 / AUROC : 0.73828125
23 time - 10 epoch, Training loss : 0.4653397798538208 / NS : Val AP : 0.8369983434677124 / AUROC : 0.7734375
23 time - 11 epoch, Training loss : 0.40966135263442993 / NS : Val AP : 0.7663953304290771 / AUROC : 0.71484375
23 time - 12 epoch, Training loss : 0.4274289608001709 / NS : Val AP : 0.7555556297302246 / AUROC : 0.6666666666666667
23 time - 13 epoch, Training loss : 0.44866442680358887 / NS : Val AP : 0.8291584253311157 / AUROC : 0.77734375
23 time - 14 epoch, Training loss : 0.41121119260787964 / NS : Val AP : 0.8640603423118591 / AUROC : 0.8427734375
23 time - 15 epoch, Training loss : 0.4310101866722107 / NS : Val AP : 0.946448802947998 / AUROC : 0.9248046875
23 time - 16 epoch, Training loss : 0.4454352855682373 / NS : Val AP : 0.9166666269302368 / AUROC : 0.888888888888889
23 time - 17 epoch, Training loss : 0.4232136011123657 / NS : Val AP : 0.8393326997756958 / AUROC : 0.7958984375
23 time - 18 epoch, Training loss : 0.4344857931137085 / NS : Val AP : 0.9121272563934326 / AUROC : 0.875
23 time - 19 epoch, Training loss : 0.45221418142318726 / NS : Val AP : 0.8509561419487 / AUROC : 0.8330078125
23 time - 20 epoch, Training loss : 0.42861509323120117 / NS : Val AP : 1.0 / AUROC : 1.0
23 time - 21 epoch, Training loss : 0.4651948809623718 / NS : Val AP : 0.8265187740325928 / AUROC : 0.7724609375
23 time - 22 epoch, Training loss : 0.4167320132255554 / NS : Val AP : 0.8427531123161316 / AUROC : 0.79296875
23 time - 23 epoch, Training loss : 0.43471747636795044 / NS : Val AP : 0.8460740447044373 / AUROC : 0.806640625
23 time - 24 epoch, Training loss : 0.4636436998844147 / NS : Val AP : 1.0 / AUROC : 1.0
23 time - 25 epoch, Training loss : 0.4470061957836151 / NS : Val AP : 0.8846572637557983 / AUROC : 0.875
23 time - 26 epoch, Training loss : 0.44684508442878723 / NS : Val AP : 0.787496030330658 / AUROC : 0.728515625
23 time - 27 epoch, Training loss : 0.4570871889591217 / NS : Val AP : 0.8281280398368835 / AUROC : 0.771484375
23 time - 28 epoch, Training loss : 0.4462045133113861 / NS : Val AP : 0.9166666269302368 / AUROC : 0.888888888888889
23 time - 29 epoch, Training loss : 0.5094297528266907 / NS : Val AP : 0.9191378355026245 / AUROC : 0.8974609375
23 time - 30 epoch, Training loss : 0.45591050386428833 / NS : Val AP : 0.783920168876648 / AUROC : 0.7197265625
[23 time Val AP : 1.0 / AUROC : 1.0 ]
[23 time Test AP : 0.7792 / AUROC : 0.828453540802002 ]
24 time - 0 epoch, Training loss : 0.43595170974731445 / NS : Val AP : 0.853355884552002 / AUROC : 0.8182986767485823
24 time - 1 epoch, Training loss : 0.47674283385276794 / NS : Val AP : 0.8697952628135681 / AUROC : 0.8505859375
24 time - 2 epoch, Training loss : 0.471989244222641 / NS : Val AP : 0.8337728977203369 / AUROC : 0.794921875
24 time - 3 epoch, Training loss : 0.4630189538002014 / NS : Val AP : 0.8807598352432251 / AUROC : 0.826171875
24 time - 4 epoch, Training loss : 0.4603393077850342 / NS : Val AP : 0.9065181612968445 / AUROC : 0.850415512465374
24 time - 5 epoch, Training loss : 0.44638359546661377 / NS : Val AP : 0.8248956203460693 / AUROC : 0.77734375
24 time - 6 epoch, Training loss : 0.386181116104126 / NS : Val AP : 0.8050811290740967 / AUROC : 0.7197265625
24 time - 7 epoch, Training loss : 0.3680470883846283 / NS : Val AP : 0.9299570918083191 / AUROC : 0.90234375
24 time - 8 epoch, Training loss : 0.45923927426338196 / NS : Val AP : 0.8521203994750977 / AUROC : 0.7839335180055401
24 time - 9 epoch, Training loss : 0.4232621192932129 / NS : Val AP : 0.8998734354972839 / AUROC : 0.861328125
24 time - 10 epoch, Training loss : 0.4045458734035492 / NS : Val AP : 0.791870653629303 / AUROC : 0.7666015625
24 time - 11 epoch, Training loss : 0.49515512585639954 / NS : Val AP : 0.9132373929023743 / AUROC : 0.8564453125
24 time - 12 epoch, Training loss : 0.45153212547302246 / NS : Val AP : 0.9582668542861938 / AUROC : 0.9307479224376731
24 time - 13 epoch, Training loss : 0.41115182638168335 / NS : Val AP : 0.938637912273407 / AUROC : 0.9091796875
24 time - 14 epoch, Training loss : 0.47238120436668396 / NS : Val AP : 0.7953431010246277 / AUROC : 0.7421875
24 time - 15 epoch, Training loss : 0.4504375457763672 / NS : Val AP : 0.861721396446228 / AUROC : 0.8427734375
24 time - 16 epoch, Training loss : 0.41670793294906616 / NS : Val AP : 0.8159250020980835 / AUROC : 0.7423822714681441
24 time - 17 epoch, Training loss : 0.44661056995391846 / NS : Val AP : 0.8605995178222656 / AUROC : 0.8466796875
24 time - 18 epoch, Training loss : 0.4329184591770172 / NS : Val AP : 0.9063857197761536 / AUROC : 0.9052734375
24 time - 19 epoch, Training loss : 0.4238237142562866 / NS : Val AP : 0.9286530017852783 / AUROC : 0.9189453125
24 time - 20 epoch, Training loss : 0.47456711530685425 / NS : Val AP : 0.8802265524864197 / AUROC : 0.8393351800554016
24 time - 21 epoch, Training loss : 0.40626105666160583 / NS : Val AP : 0.9713380336761475 / AUROC : 0.9677734375
24 time - 22 epoch, Training loss : 0.42409878969192505 / NS : Val AP : 0.8320877552032471 / AUROC : 0.7841796875
24 time - 23 epoch, Training loss : 0.42473214864730835 / NS : Val AP : 0.8360357284545898 / AUROC : 0.7958984375
24 time - 24 epoch, Training loss : 0.4067070186138153 / NS : Val AP : 0.9001960158348083 / AUROC : 0.8975069252077563
24 time - 25 epoch, Training loss : 0.4238871932029724 / NS : Val AP : 0.9328136444091797 / AUROC : 0.912109375
24 time - 26 epoch, Training loss : 0.43548083305358887 / NS : Val AP : 0.8320596814155579 / AUROC : 0.818359375
24 time - 27 epoch, Training loss : 0.5408190488815308 / NS : Val AP : 0.8147804737091064 / AUROC : 0.798828125
24 time - 28 epoch, Training loss : 0.39246702194213867 / NS : Val AP : 0.7582305669784546 / AUROC : 0.6731301939058172
24 time - 29 epoch, Training loss : 0.42122188210487366 / NS : Val AP : 0.8169718980789185 / AUROC : 0.7607421875
24 time - 30 epoch, Training loss : 0.4614185690879822 / NS : Val AP : 0.835487961769104 / AUROC : 0.7841796875
24 time - 31 epoch, Training loss : 0.4813941419124603 / NS : Val AP : 0.920722484588623 / AUROC : 0.888671875
[24 time Val AP : 0.9677734375 / AUROC : 0.9713380336761475 ]
[24 time Test AP : 0.7794292508917955 / AUROC : 0.8159886598587036 ]
25 time - 0 epoch, Training loss : 0.4134416878223419 / NS : Val AP : 0.8540295362472534 / AUROC : 0.8302457466918715
25 time - 1 epoch, Training loss : 0.45974695682525635 / NS : Val AP : 0.8667155504226685 / AUROC : 0.884765625
25 time - 2 epoch, Training loss : 0.42035186290740967 / NS : Val AP : 0.9372448921203613 / AUROC : 0.9267578125
25 time - 3 epoch, Training loss : 0.41868382692337036 / NS : Val AP : 0.7941745519638062 / AUROC : 0.751953125
25 time - 4 epoch, Training loss : 0.36764582991600037 / NS : Val AP : 0.8465590476989746 / AUROC : 0.7894736842105263
25 time - 5 epoch, Training loss : 0.35776999592781067 / NS : Val AP : 0.8882925510406494 / AUROC : 0.8681640625
25 time - 6 epoch, Training loss : 0.3777419328689575 / NS : Val AP : 0.8402619361877441 / AUROC : 0.810546875
25 time - 7 epoch, Training loss : 0.392352819442749 / NS : Val AP : 0.7700228095054626 / AUROC : 0.76953125
25 time - 8 epoch, Training loss : 0.400154709815979 / NS : Val AP : 0.9000626802444458 / AUROC : 0.8642659279778393
25 time - 9 epoch, Training loss : 0.39053601026535034 / NS : Val AP : 0.8888327479362488 / AUROC : 0.8857421875
25 time - 10 epoch, Training loss : 0.40940016508102417 / NS : Val AP : 0.9420096278190613 / AUROC : 0.927734375
25 time - 11 epoch, Training loss : 0.3900967836380005 / NS : Val AP : 0.8648038506507874 / AUROC : 0.8408203125
25 time - 12 epoch, Training loss : 0.435762882232666 / NS : Val AP : 0.943182110786438 / AUROC : 0.9418282548476454
25 time - 13 epoch, Training loss : 0.43508481979370117 / NS : Val AP : 0.9204155206680298 / AUROC : 0.908203125
25 time - 14 epoch, Training loss : 0.46828728914260864 / NS : Val AP : 0.7685869932174683 / AUROC : 0.7001953125
25 time - 15 epoch, Training loss : 0.42376598715782166 / NS : Val AP : 0.8454629778862 / AUROC : 0.8056640625
25 time - 16 epoch, Training loss : 0.44808897376060486 / NS : Val AP : 0.9468373656272888 / AUROC : 0.9335180055401662
25 time - 17 epoch, Training loss : 0.37327131628990173 / NS : Val AP : 0.8924413919448853 / AUROC : 0.8798828125
25 time - 18 epoch, Training loss : 0.40745335817337036 / NS : Val AP : 0.9249184131622314 / AUROC : 0.8994140625
25 time - 19 epoch, Training loss : 0.4131389260292053 / NS : Val AP : 0.8514246940612793 / AUROC : 0.8046875
25 time - 20 epoch, Training loss : 0.41152000427246094 / NS : Val AP : 0.9118418097496033 / AUROC : 0.8614958448753463
25 time - 21 epoch, Training loss : 0.4599071741104126 / NS : Val AP : 0.8692057132720947 / AUROC : 0.8994140625
25 time - 22 epoch, Training loss : 0.355641633272171 / NS : Val AP : 0.9084063172340393 / AUROC : 0.90625
[25 time Val AP : 0.9418282548476454 / AUROC : 0.943182110786438 ]
[25 time Test AP : 0.7865636147443519 / AUROC : 0.825371265411377 ]
26 time - 0 epoch, Training loss : 0.5271106958389282 / NS : Val AP : 0.8754677772521973 / AUROC : 0.8540997728874619
26 time - 1 epoch, Training loss : 0.4228200614452362 / NS : Val AP : 0.8780455589294434 / AUROC : 0.84375
26 time - 2 epoch, Training loss : 0.4119299352169037 / NS : Val AP : 0.8853228688240051 / AUROC : 0.8642578125
26 time - 3 epoch, Training loss : 0.40952253341674805 / NS : Val AP : 0.7397726774215698 / AUROC : 0.7021484375
26 time - 4 epoch, Training loss : 0.4311629831790924 / NS : Val AP : 0.906745970249176 / AUROC : 0.8685121107266436
26 time - 5 epoch, Training loss : 0.4217771291732788 / NS : Val AP : 0.9075806140899658 / AUROC : 0.892578125
26 time - 6 epoch, Training loss : 0.39782702922821045 / NS : Val AP : 0.8477001190185547 / AUROC : 0.7900390625
26 time - 7 epoch, Training loss : 0.4096999168395996 / NS : Val AP : 0.8381177186965942 / AUROC : 0.7822265625
26 time - 8 epoch, Training loss : 0.42684924602508545 / NS : Val AP : 0.8823026418685913 / AUROC : 0.8062283737024221
26 time - 9 epoch, Training loss : 0.45255494117736816 / NS : Val AP : 0.9506354928016663 / AUROC : 0.9404296875
26 time - 10 epoch, Training loss : 0.3727324903011322 / NS : Val AP : 0.8601396083831787 / AUROC : 0.8173828125
26 time - 11 epoch, Training loss : 0.40467727184295654 / NS : Val AP : 0.8310904502868652 / AUROC : 0.8251953125
26 time - 12 epoch, Training loss : 0.4398518204689026 / NS : Val AP : 0.7398954033851624 / AUROC : 0.6955017301038062
26 time - 13 epoch, Training loss : 0.4547714591026306 / NS : Val AP : 0.8507559895515442 / AUROC : 0.892578125
26 time - 14 epoch, Training loss : 0.42809566855430603 / NS : Val AP : 0.9636947512626648 / AUROC : 0.9541015625
26 time - 15 epoch, Training loss : 0.39911088347435 / NS : Val AP : 0.7905958294868469 / AUROC : 0.73828125
26 time - 16 epoch, Training loss : 0.4445838928222656 / NS : Val AP : 0.9014450907707214 / AUROC : 0.8892733564013842
26 time - 17 epoch, Training loss : 0.4021472632884979 / NS : Val AP : 0.9685205221176147 / AUROC : 0.9599609375
26 time - 18 epoch, Training loss : 0.3691294193267822 / NS : Val AP : 0.8729766607284546 / AUROC : 0.8681640625
26 time - 19 epoch, Training loss : 0.44501858949661255 / NS : Val AP : 0.9092694520950317 / AUROC : 0.900390625
26 time - 20 epoch, Training loss : 0.3943486511707306 / NS : Val AP : 0.8798965811729431 / AUROC : 0.8442906574394463
26 time - 21 epoch, Training loss : 0.44972002506256104 / NS : Val AP : 0.8670804500579834 / AUROC : 0.833984375
26 time - 22 epoch, Training loss : 0.38312050700187683 / NS : Val AP : 0.7828546166419983 / AUROC : 0.7861328125
26 time - 23 epoch, Training loss : 0.37929248809814453 / NS : Val AP : 0.8859175443649292 / AUROC : 0.86328125
26 time - 24 epoch, Training loss : 0.40210896730422974 / NS : Val AP : 0.9053155779838562 / AUROC : 0.9065743944636677
26 time - 25 epoch, Training loss : 0.3960134983062744 / NS : Val AP : 0.8465340733528137 / AUROC : 0.8154296875
26 time - 26 epoch, Training loss : 0.4060702919960022 / NS : Val AP : 0.8385917544364929 / AUROC : 0.8515625
26 time - 27 epoch, Training loss : 0.4016638994216919 / NS : Val AP : 0.8924320340156555 / AUROC : 0.841796875
[26 time Val AP : 0.9599609375 / AUROC : 0.9685205221176147 ]
[26 time Test AP : 0.9107417666974454 / AUROC : 0.9227091670036316 ]
27 time - 0 epoch, Training loss : 0.3853060007095337 / NS : Val AP : 0.8948011994361877 / AUROC : 0.8758109861591696
27 time - 1 epoch, Training loss : 0.4242716431617737 / NS : Val AP : 0.8984992504119873 / AUROC : 0.8837890625
27 time - 2 epoch, Training loss : 0.45429739356040955 / NS : Val AP : 0.9131753444671631 / AUROC : 0.892578125
27 time - 3 epoch, Training loss : 0.4157967269420624 / NS : Val AP : 0.8953171372413635 / AUROC : 0.87109375
27 time - 4 epoch, Training loss : 0.4574565589427948 / NS : Val AP : 0.9348838329315186 / AUROC : 0.9267578125
27 time - 5 epoch, Training loss : 0.4228286147117615 / NS : Val AP : 0.8867424130439758 / AUROC : 0.859375
27 time - 6 epoch, Training loss : 0.3943555951118469 / NS : Val AP : 0.830399751663208 / AUROC : 0.7685546875
27 time - 7 epoch, Training loss : 0.44099852442741394 / NS : Val AP : 0.8263408541679382 / AUROC : 0.7890625
27 time - 8 epoch, Training loss : 0.3915169835090637 / NS : Val AP : 0.8570116758346558 / AUROC : 0.833984375
27 time - 9 epoch, Training loss : 0.4102717339992523 / NS : Val AP : 0.8164476752281189 / AUROC : 0.7900390625
27 time - 10 epoch, Training loss : 0.45483559370040894 / NS : Val AP : 0.9464285969734192 / AUROC : 0.90625
27 time - 11 epoch, Training loss : 0.4044661521911621 / NS : Val AP : 0.9137336611747742 / AUROC : 0.8837890625
27 time - 12 epoch, Training loss : 0.3985859453678131 / NS : Val AP : 0.9412975311279297 / AUROC : 0.927734375
27 time - 13 epoch, Training loss : 0.43108925223350525 / NS : Val AP : 0.9235264658927917 / AUROC : 0.9072265625
27 time - 14 epoch, Training loss : 0.37644559144973755 / NS : Val AP : 0.9467571973800659 / AUROC : 0.919921875
27 time - 15 epoch, Training loss : 0.38220489025115967 / NS : Val AP : 1.0 / AUROC : 1.0
27 time - 16 epoch, Training loss : 0.4311806559562683 / NS : Val AP : 0.8319920301437378 / AUROC : 0.830078125
27 time - 17 epoch, Training loss : 0.41559523344039917 / NS : Val AP : 0.8673139810562134 / AUROC : 0.853515625
27 time - 18 epoch, Training loss : 0.40884798765182495 / NS : Val AP : 0.8963814377784729 / AUROC : 0.84375
27 time - 19 epoch, Training loss : 0.3898989260196686 / NS : Val AP : 0.9035608768463135 / AUROC : 0.890625
27 time - 20 epoch, Training loss : 0.37046921253204346 / NS : Val AP : 0.879960298538208 / AUROC : 0.84375
27 time - 21 epoch, Training loss : 0.38217872381210327 / NS : Val AP : 0.8721693158149719 / AUROC : 0.86328125
27 time - 22 epoch, Training loss : 0.390882283449173 / NS : Val AP : 0.9296289682388306 / AUROC : 0.927734375
27 time - 23 epoch, Training loss : 0.39480555057525635 / NS : Val AP : 0.8850334882736206 / AUROC : 0.837890625
27 time - 24 epoch, Training loss : 0.3689241409301758 / NS : Val AP : 0.9729611873626709 / AUROC : 0.9677734375
27 time - 25 epoch, Training loss : 0.40006840229034424 / NS : Val AP : 1.0 / AUROC : 1.0
[27 time Val AP : 1.0 / AUROC : 1.0 ]
[27 time Test AP : 0.8382352941176471 / AUROC : 0.8630120754241943 ]
28 time - 0 epoch, Training loss : 0.46735870838165283 / NS : Val AP : 0.8127022981643677 / AUROC : 0.7777659687533213
28 time - 1 epoch, Training loss : 0.3855726718902588 / NS : Val AP : 0.8468483090400696 / AUROC : 0.814453125
28 time - 2 epoch, Training loss : 0.4106702208518982 / NS : Val AP : 0.8291565179824829 / AUROC : 0.7822265625
28 time - 3 epoch, Training loss : 0.390927791595459 / NS : Val AP : 0.7161842584609985 / AUROC : 0.6796875
28 time - 4 epoch, Training loss : 0.42905813455581665 / NS : Val AP : 1.0 / AUROC : 1.0
28 time - 5 epoch, Training loss : 0.4051534831523895 / NS : Val AP : 0.7577847838401794 / AUROC : 0.7109375
28 time - 6 epoch, Training loss : 0.4565032422542572 / NS : Val AP : 0.8663545250892639 / AUROC : 0.8583984375
28 time - 7 epoch, Training loss : 0.40543442964553833 / NS : Val AP : 0.7953238487243652 / AUROC : 0.8076171875
28 time - 8 epoch, Training loss : 0.4120524525642395 / NS : Val AP : 0.5 / AUROC : 0.0
28 time - 9 epoch, Training loss : 0.43705910444259644 / NS : Val AP : 0.8499389886856079 / AUROC : 0.7978515625
28 time - 10 epoch, Training loss : 0.4631194472312927 / NS : Val AP : 0.8225411772727966 / AUROC : 0.794921875
28 time - 11 epoch, Training loss : 0.39893943071365356 / NS : Val AP : 0.8061938881874084 / AUROC : 0.740234375
28 time - 12 epoch, Training loss : 0.42705562710762024 / NS : Val AP : 0.5 / AUROC : 0.0
28 time - 13 epoch, Training loss : 0.382664293050766 / NS : Val AP : 0.8767383694648743 / AUROC : 0.828125
28 time - 14 epoch, Training loss : 0.40141522884368896 / NS : Val AP : 0.8740159273147583 / AUROC : 0.83984375
[28 time Val AP : 1.0 / AUROC : 1.0 ]
[28 time Test AP : 0.8363182007496877 / AUROC : 0.8793332576751709 ]
29 time - 0 epoch, Training loss : 0.24474716186523438 / NS : Val AP : 0.8991817235946655 / AUROC : 0.8753462603878117
29 time - 1 epoch, Training loss : 0.4297142028808594 / NS : Val AP : 0.89385986328125 / AUROC : 0.8408203125
29 time - 2 epoch, Training loss : 0.43177977204322815 / NS : Val AP : 0.944444477558136 / AUROC : 0.9166666666666667
29 time - 3 epoch, Training loss : 0.34799325466156006 / NS : Val AP : 0.8884116411209106 / AUROC : 0.8515625
29 time - 4 epoch, Training loss : 0.40058594942092896 / NS : Val AP : 0.9583333134651184 / AUROC : 0.9444444444444445
29 time - 5 epoch, Training loss : 0.4077717661857605 / NS : Val AP : 0.9990530014038086 / AUROC : 0.9990234375
29 time - 6 epoch, Training loss : 0.4420417845249176 / NS : Val AP : 1.0 / AUROC : 1.0
29 time - 7 epoch, Training loss : 0.3510971963405609 / NS : Val AP : 0.9369596242904663 / AUROC : 0.90234375
29 time - 8 epoch, Training loss : 0.42283159494400024 / NS : Val AP : 0.8817460536956787 / AUROC : 0.888888888888889
29 time - 9 epoch, Training loss : 0.36963528394699097 / NS : Val AP : 0.9117860794067383 / AUROC : 0.875
29 time - 10 epoch, Training loss : 0.48966628313064575 / NS : Val AP : 0.9761905074119568 / AUROC : 0.9722222222222223
29 time - 11 epoch, Training loss : 0.3818756937980652 / NS : Val AP : 0.7393236756324768 / AUROC : 0.7353515625
29 time - 12 epoch, Training loss : 0.39325469732284546 / NS : Val AP : 1.0 / AUROC : 1.0
29 time - 13 epoch, Training loss : 0.3988405466079712 / NS : Val AP : 0.9135439395904541 / AUROC : 0.8759765625
29 time - 14 epoch, Training loss : 0.3761775493621826 / NS : Val AP : 0.8263888955116272 / AUROC : 0.7777777777777778
29 time - 15 epoch, Training loss : 0.307028591632843 / NS : Val AP : 0.8904613256454468 / AUROC : 0.8681640625
29 time - 16 epoch, Training loss : 0.3803725242614746 / NS : Val AP : 1.0 / AUROC : 1.0
[29 time Val AP : 1.0 / AUROC : 1.0 ]
[29 time Test AP : 0.9058171745152355 / AUROC : 0.9187679290771484 ]
30 time - 0 epoch, Training loss : 0.37797027826309204 / NS : Val AP : 0.8856359720230103 / AUROC : 0.8578339156140823
30 time - 1 epoch, Training loss : 0.36969923973083496 / NS : Val AP : 0.8667922616004944 / AUROC : 0.85546875
30 time - 2 epoch, Training loss : 0.38227513432502747 / NS : Val AP : 0.8910757899284363 / AUROC : 0.8692033293697979
30 time - 3 epoch, Training loss : 0.330375611782074 / NS : Val AP : 0.8831474781036377 / AUROC : 0.8828125
30 time - 4 epoch, Training loss : 0.3666131794452667 / NS : Val AP : 0.9169772267341614 / AUROC : 0.9024970273483948
30 time - 5 epoch, Training loss : 0.4042057991027832 / NS : Val AP : 0.9650872349739075 / AUROC : 0.96484375
30 time - 6 epoch, Training loss : 0.35317447781562805 / NS : Val AP : 0.940558671951294 / AUROC : 0.9227110582639715
30 time - 7 epoch, Training loss : 0.31942129135131836 / NS : Val AP : 0.9065220952033997 / AUROC : 0.892578125
30 time - 8 epoch, Training loss : 0.43564707040786743 / NS : Val AP : 0.8269020915031433 / AUROC : 0.7859690844233056
30 time - 9 epoch, Training loss : 0.34469127655029297 / NS : Val AP : 0.9231228828430176 / AUROC : 0.9130859375
30 time - 10 epoch, Training loss : 0.4226568639278412 / NS : Val AP : 0.8614118695259094 / AUROC : 0.8240190249702735
30 time - 11 epoch, Training loss : 0.42478805780410767 / NS : Val AP : 0.9323602914810181 / AUROC : 0.9150390625
30 time - 12 epoch, Training loss : 0.36795759201049805 / NS : Val AP : 0.9070613384246826 / AUROC : 0.910820451843044
30 time - 13 epoch, Training loss : 0.357019305229187 / NS : Val AP : 0.9391775727272034 / AUROC : 0.9404296875
30 time - 14 epoch, Training loss : 0.35080453753471375 / NS : Val AP : 0.9091903567314148 / AUROC : 0.8751486325802615
30 time - 15 epoch, Training loss : 0.3925045132637024 / NS : Val AP : 0.9134320020675659 / AUROC : 0.8974609375
[30 time Val AP : 0.96484375 / AUROC : 0.9650872349739075 ]
[30 time Test AP : 0.861602497398543 / AUROC : 0.8929145932197571 ]
31 time - 0 epoch, Training loss : 0.3796581029891968 / NS : Val AP : 0.8601199984550476 / AUROC : 0.827562326869806
31 time - 1 epoch, Training loss : 0.3276852071285248 / NS : Val AP : 0.9649901390075684 / AUROC : 0.947265625
31 time - 2 epoch, Training loss : 0.3279334306716919 / NS : Val AP : 0.9166666865348816 / AUROC : 0.888888888888889
31 time - 3 epoch, Training loss : 0.36407119035720825 / NS : Val AP : 0.7898088693618774 / AUROC : 0.7919921875
31 time - 4 epoch, Training loss : 0.3657338619232178 / NS : Val AP : 0.9107142686843872 / AUROC : 0.888888888888889
31 time - 5 epoch, Training loss : 0.44769930839538574 / NS : Val AP : 0.8884297013282776 / AUROC : 0.85546875
31 time - 6 epoch, Training loss : 0.4122840166091919 / NS : Val AP : 1.0 / AUROC : 1.0
31 time - 7 epoch, Training loss : 0.39868032932281494 / NS : Val AP : 0.8502600193023682 / AUROC : 0.8681640625
31 time - 8 epoch, Training loss : 0.368033230304718 / NS : Val AP : 0.8833332657814026 / AUROC : 0.8611111111111112
31 time - 9 epoch, Training loss : 0.35434237122535706 / NS : Val AP : 0.8625999689102173 / AUROC : 0.8310546875
31 time - 10 epoch, Training loss : 0.46522587537765503 / NS : Val AP : 0.930555522441864 / AUROC : 0.9166666666666667
31 time - 11 epoch, Training loss : 0.36320027709007263 / NS : Val AP : 0.9339690804481506 / AUROC : 0.9052734375
31 time - 12 epoch, Training loss : 0.3534432649612427 / NS : Val AP : 0.9166666269302368 / AUROC : 0.8333333333333334
31 time - 13 epoch, Training loss : 0.3783775568008423 / NS : Val AP : 0.7494059801101685 / AUROC : 0.73876953125
31 time - 14 epoch, Training loss : 0.399064302444458 / NS : Val AP : 1.0 / AUROC : 1.0
31 time - 15 epoch, Training loss : 0.33972352743148804 / NS : Val AP : 0.8336750268936157 / AUROC : 0.83447265625
31 time - 16 epoch, Training loss : 0.37609243392944336 / NS : Val AP : 0.8551586866378784 / AUROC : 0.8333333333333334
[31 time Val AP : 1.0 / AUROC : 1.0 ]
[31 time Test AP : 0.9792243767313019 / AUROC : 0.9797640442848206 ]
32 time - 0 epoch, Training loss : 0.3756840229034424 / NS : Val AP : 0.8751598596572876 / AUROC : 0.8433101895289923
32 time - 1 epoch, Training loss : 0.43421870470046997 / NS : Val AP : 0.8423482775688171 / AUROC : 0.826171875
32 time - 2 epoch, Training loss : 0.41963568329811096 / NS : Val AP : 0.8361257314682007 / AUROC : 0.826171875
32 time - 3 epoch, Training loss : 0.34705492854118347 / NS : Val AP : 0.8718795776367188 / AUROC : 0.8271604938271605
32 time - 4 epoch, Training loss : 0.3878627419471741 / NS : Val AP : 0.9168466329574585 / AUROC : 0.9013671875
32 time - 5 epoch, Training loss : 0.4203687608242035 / NS : Val AP : 0.8939905166625977 / AUROC : 0.880859375
32 time - 6 epoch, Training loss : 0.41733092069625854 / NS : Val AP : 0.8582062125205994 / AUROC : 0.8024691358024691
32 time - 7 epoch, Training loss : 0.38564780354499817 / NS : Val AP : 0.899730920791626 / AUROC : 0.8388671875
32 time - 8 epoch, Training loss : 0.3887690305709839 / NS : Val AP : 0.7595378160476685 / AUROC : 0.69921875
32 time - 9 epoch, Training loss : 0.38918906450271606 / NS : Val AP : 0.9765431880950928 / AUROC : 0.9753086419753085
32 time - 10 epoch, Training loss : 0.4143802523612976 / NS : Val AP : 0.9687542915344238 / AUROC : 0.9580078125
32 time - 11 epoch, Training loss : 0.3284231424331665 / NS : Val AP : 0.9133034348487854 / AUROC : 0.8701171875
32 time - 12 epoch, Training loss : 0.3565678596496582 / NS : Val AP : 0.8675925731658936 / AUROC : 0.8641975308641976
32 time - 13 epoch, Training loss : 0.3804132342338562 / NS : Val AP : 0.9034481048583984 / AUROC : 0.884765625
32 time - 14 epoch, Training loss : 0.34131544828414917 / NS : Val AP : 0.9056466221809387 / AUROC : 0.876953125
32 time - 15 epoch, Training loss : 0.40116608142852783 / NS : Val AP : 0.8354817628860474 / AUROC : 0.8395061728395062
32 time - 16 epoch, Training loss : 0.3846549987792969 / NS : Val AP : 0.7877678275108337 / AUROC : 0.8369140625
32 time - 17 epoch, Training loss : 0.4072953760623932 / NS : Val AP : 0.8707351684570312 / AUROC : 0.8466796875
32 time - 18 epoch, Training loss : 0.3981212079524994 / NS : Val AP : 0.9797980189323425 / AUROC : 0.9753086419753086
32 time - 19 epoch, Training loss : 0.4097927212715149 / NS : Val AP : 0.851460337638855 / AUROC : 0.8310546875
32 time - 20 epoch, Training loss : 0.41123172640800476 / NS : Val AP : 0.8990291357040405 / AUROC : 0.8779296875
32 time - 21 epoch, Training loss : 0.3807494342327118 / NS : Val AP : 0.8975308537483215 / AUROC : 0.8765432098765432
32 time - 22 epoch, Training loss : 0.3478343188762665 / NS : Val AP : 0.9379763007164001 / AUROC : 0.923828125
32 time - 23 epoch, Training loss : 0.3905518651008606 / NS : Val AP : 0.8707292079925537 / AUROC : 0.9150390625
32 time - 24 epoch, Training loss : 0.3673134446144104 / NS : Val AP : 0.9888888597488403 / AUROC : 0.9876543209876543
32 time - 25 epoch, Training loss : 0.34915095567703247 / NS : Val AP : 0.8966622352600098 / AUROC : 0.865234375
32 time - 26 epoch, Training loss : 0.39190801978111267 / NS : Val AP : 0.8556991815567017 / AUROC : 0.8134765625
32 time - 27 epoch, Training loss : 0.39714956283569336 / NS : Val AP : 0.8894500732421875 / AUROC : 0.8765432098765432
32 time - 28 epoch, Training loss : 0.39817148447036743 / NS : Val AP : 0.8587480187416077 / AUROC : 0.8212890625
32 time - 29 epoch, Training loss : 0.333715558052063 / NS : Val AP : 0.8837277889251709 / AUROC : 0.8544921875
32 time - 30 epoch, Training loss : 0.43440595269203186 / NS : Val AP : 0.8705467581748962 / AUROC : 0.8148148148148149
32 time - 31 epoch, Training loss : 0.4692226052284241 / NS : Val AP : 0.8129696846008301 / AUROC : 0.7451171875
32 time - 32 epoch, Training loss : 0.4031030535697937 / NS : Val AP : 0.8714205026626587 / AUROC : 0.8564453125
32 time - 33 epoch, Training loss : 0.35349583625793457 / NS : Val AP : 0.8009139895439148 / AUROC : 0.7777777777777778
32 time - 34 epoch, Training loss : 0.39465734362602234 / NS : Val AP : 0.8265203237533569 / AUROC : 0.787109375
[32 time Val AP : 0.9876543209876543 / AUROC : 0.9888888597488403 ]
[32 time Test AP : 0.8319941563184806 / AUROC : 0.8641113042831421 ]
33 time - 0 epoch, Training loss : 0.37070968747138977 / NS : Val AP : 0.8566799163818359 / AUROC : 0.8078
33 time - 1 epoch, Training loss : 0.3911071717739105 / NS : Val AP : 0.8363234996795654 / AUROC : 0.8193359375
33 time - 2 epoch, Training loss : 0.4445542097091675 / NS : Val AP : 0.8676120042800903 / AUROC : 0.826171875
33 time - 3 epoch, Training loss : 0.43127697706222534 / NS : Val AP : 0.82625812292099 / AUROC : 0.787109375
33 time - 4 epoch, Training loss : 0.3922898471355438 / NS : Val AP : 0.8890352845191956 / AUROC : 0.849609375
33 time - 5 epoch, Training loss : 0.405987024307251 / NS : Val AP : 0.9382038116455078 / AUROC : 0.9297520661157025
33 time - 6 epoch, Training loss : 0.4021405279636383 / NS : Val AP : 0.8045437335968018 / AUROC : 0.771484375
33 time - 7 epoch, Training loss : 0.37364834547042847 / NS : Val AP : 0.8600456714630127 / AUROC : 0.8515625
33 time - 8 epoch, Training loss : 0.3823535740375519 / NS : Val AP : 0.8268745541572571 / AUROC : 0.7861328125
33 time - 9 epoch, Training loss : 0.3656352460384369 / NS : Val AP : 0.935843825340271 / AUROC : 0.916015625
33 time - 10 epoch, Training loss : 0.38698136806488037 / NS : Val AP : 0.930706262588501 / AUROC : 0.9008264462809917
33 time - 11 epoch, Training loss : 0.41896486282348633 / NS : Val AP : 0.9142664074897766 / AUROC : 0.87890625
33 time - 12 epoch, Training loss : 0.40225306153297424 / NS : Val AP : 0.8866630792617798 / AUROC : 0.849609375
33 time - 13 epoch, Training loss : 0.4227382242679596 / NS : Val AP : 0.8221490383148193 / AUROC : 0.8232421875
33 time - 14 epoch, Training loss : 0.40749913454055786 / NS : Val AP : 0.929048478603363 / AUROC : 0.91015625
33 time - 15 epoch, Training loss : 0.36390793323516846 / NS : Val AP : 0.9257364273071289 / AUROC : 0.9028925619834711
[33 time Val AP : 0.9297520661157025 / AUROC : 0.9382038116455078 ]
[33 time Test AP : 0.8846222222222222 / AUROC : 0.8660297393798828 ]
34 time - 0 epoch, Training loss : 0.3968062996864319 / NS : Val AP : 0.9075726866722107 / AUROC : 0.8788594833018273
34 time - 1 epoch, Training loss : 0.3836800456047058 / NS : Val AP : 0.9484838843345642 / AUROC : 0.92578125
34 time - 2 epoch, Training loss : 0.39675217866897583 / NS : Val AP : 0.9353208541870117 / AUROC : 0.9130859375
34 time - 3 epoch, Training loss : 0.39007431268692017 / NS : Val AP : 0.8724172711372375 / AUROC : 0.849609375
34 time - 4 epoch, Training loss : 0.3981165885925293 / NS : Val AP : 0.9120292067527771 / AUROC : 0.8759765625
34 time - 5 epoch, Training loss : 0.33927053213119507 / NS : Val AP : 1.0 / AUROC : 1.0
34 time - 6 epoch, Training loss : 0.33642634749412537 / NS : Val AP : 0.9576623439788818 / AUROC : 0.94140625
34 time - 7 epoch, Training loss : 0.4030805230140686 / NS : Val AP : 0.9373774528503418 / AUROC : 0.8974609375
34 time - 8 epoch, Training loss : 0.4088144302368164 / NS : Val AP : 0.9047001004219055 / AUROC : 0.884765625
34 time - 9 epoch, Training loss : 0.40022462606430054 / NS : Val AP : 0.9123996496200562 / AUROC : 0.91015625
34 time - 10 epoch, Training loss : 0.33879896998405457 / NS : Val AP : 0.8684707283973694 / AUROC : 0.8799999999999999
34 time - 11 epoch, Training loss : 0.36501196026802063 / NS : Val AP : 0.8979159593582153 / AUROC : 0.8505859375
34 time - 12 epoch, Training loss : 0.3760001063346863 / NS : Val AP : 0.913314700126648 / AUROC : 0.8759765625
34 time - 13 epoch, Training loss : 0.419034868478775 / NS : Val AP : 0.9182299971580505 / AUROC : 0.89453125
34 time - 14 epoch, Training loss : 0.39498043060302734 / NS : Val AP : 0.9161643981933594 / AUROC : 0.8876953125
34 time - 15 epoch, Training loss : 0.36750534176826477 / NS : Val AP : 0.9326515197753906 / AUROC : 0.93
[34 time Val AP : 1.0 / AUROC : 1.0 ]
[34 time Test AP : 0.8701953371140516 / AUROC : 0.8959680795669556 ]
35 time - 0 epoch, Training loss : 0.3009034991264343 / NS : Val AP : 0.6942073702812195 / AUROC : 0.6475069252077563
35 time - 1 epoch, Training loss : 0.3951575756072998 / NS : Val AP : 0.8148802518844604 / AUROC : 0.71484375
35 time - 2 epoch, Training loss : 0.3962239921092987 / NS : Val AP : 0.7827380895614624 / AUROC : 0.6666666666666667
35 time - 3 epoch, Training loss : 0.4383203685283661 / NS : Val AP : 0.7959161996841431 / AUROC : 0.71484375
35 time - 4 epoch, Training loss : 0.44693171977996826 / NS : Val AP : 0.8592592477798462 / AUROC : 0.7777777777777778
35 time - 5 epoch, Training loss : 0.37816035747528076 / NS : Val AP : 0.7962321043014526 / AUROC : 0.7392578125
35 time - 6 epoch, Training loss : 0.4233444929122925 / NS : Val AP : 0.6452381014823914 / AUROC : 0.5833333333333333
35 time - 7 epoch, Training loss : 0.4235575199127197 / NS : Val AP : 0.7866252064704895 / AUROC : 0.7275390625
35 time - 8 epoch, Training loss : 0.4429272413253784 / NS : Val AP : 1.0 / AUROC : 1.0
35 time - 9 epoch, Training loss : 0.4405086636543274 / NS : Val AP : 0.7538372874259949 / AUROC : 0.7109375
35 time - 10 epoch, Training loss : 0.4443603456020355 / NS : Val AP : 0.8486111164093018 / AUROC : 0.8055555555555556
35 time - 11 epoch, Training loss : 0.39361733198165894 / NS : Val AP : 0.8761401772499084 / AUROC : 0.8330078125
35 time - 12 epoch, Training loss : 0.39767563343048096 / NS : Val AP : 0.8857142925262451 / AUROC : 0.8333333333333334
35 time - 13 epoch, Training loss : 0.39722320437431335 / NS : Val AP : 0.8737506866455078 / AUROC : 0.8076171875
35 time - 14 epoch, Training loss : 0.41835567355155945 / NS : Val AP : 0.7688491940498352 / AUROC : 0.7222222222222222
35 time - 15 epoch, Training loss : 0.40449661016464233 / NS : Val AP : 0.8248955011367798 / AUROC : 0.7685546875
35 time - 16 epoch, Training loss : 0.41359615325927734 / NS : Val AP : 0.6458333134651184 / AUROC : 0.6944444444444444
35 time - 17 epoch, Training loss : 0.3721106946468353 / NS : Val AP : 0.7840562462806702 / AUROC : 0.7451171875
35 time - 18 epoch, Training loss : 0.41096922755241394 / NS : Val AP : 0.944444477558136 / AUROC : 0.9166666666666667
[35 time Val AP : 1.0 / AUROC : 1.0 ]
[35 time Test AP : 0.7174515235457064 / AUROC : 0.673754870891571 ]
36 time - 0 epoch, Training loss : 0.3519677519798279 / NS : Val AP : 0.7811801433563232 / AUROC : 0.7183748845798706
36 time - 1 epoch, Training loss : 0.3823179602622986 / NS : Val AP : 0.8328887820243835 / AUROC : 0.755859375
36 time - 2 epoch, Training loss : 0.3761385679244995 / NS : Val AP : 0.8008902072906494 / AUROC : 0.7327999999999999
36 time - 3 epoch, Training loss : 0.39903897047042847 / NS : Val AP : 0.8536906838417053 / AUROC : 0.8564453125
36 time - 4 epoch, Training loss : 0.3664011061191559 / NS : Val AP : 0.8776285648345947 / AUROC : 0.872
36 time - 5 epoch, Training loss : 0.38497084379196167 / NS : Val AP : 0.8201272487640381 / AUROC : 0.7490234375
36 time - 6 epoch, Training loss : 0.3875100612640381 / NS : Val AP : 0.9084046483039856 / AUROC : 0.8528
36 time - 7 epoch, Training loss : 0.2971380650997162 / NS : Val AP : 0.7392938733100891 / AUROC : 0.6708984375
36 time - 8 epoch, Training loss : 0.39297521114349365 / NS : Val AP : 0.8555840849876404 / AUROC : 0.8416
36 time - 9 epoch, Training loss : 0.3916769027709961 / NS : Val AP : 0.8929362893104553 / AUROC : 0.875
36 time - 10 epoch, Training loss : 0.4143925607204437 / NS : Val AP : 0.8343989849090576 / AUROC : 0.8143999999999999
36 time - 11 epoch, Training loss : 0.3989377021789551 / NS : Val AP : 0.8042086362838745 / AUROC : 0.8076171875
36 time - 12 epoch, Training loss : 0.3321436941623688 / NS : Val AP : 0.9299376010894775 / AUROC : 0.9248000000000001
36 time - 13 epoch, Training loss : 0.4201323390007019 / NS : Val AP : 0.8491702675819397 / AUROC : 0.83203125
36 time - 14 epoch, Training loss : 0.4661347270011902 / NS : Val AP : 0.8556216359138489 / AUROC : 0.7936000000000001
36 time - 15 epoch, Training loss : 0.38633131980895996 / NS : Val AP : 0.8487282395362854 / AUROC : 0.82421875
36 time - 16 epoch, Training loss : 0.4512571394443512 / NS : Val AP : 0.7914119362831116 / AUROC : 0.7215999999999999
36 time - 17 epoch, Training loss : 0.35628342628479004 / NS : Val AP : 0.7993838787078857 / AUROC : 0.689453125
36 time - 18 epoch, Training loss : 0.3889012932777405 / NS : Val AP : 0.8429734706878662 / AUROC : 0.7727999999999999
36 time - 19 epoch, Training loss : 0.40850725769996643 / NS : Val AP : 0.8492260575294495 / AUROC : 0.7783203125
36 time - 20 epoch, Training loss : 0.3880615532398224 / NS : Val AP : 0.8409826755523682 / AUROC : 0.768
36 time - 21 epoch, Training loss : 0.24714060127735138 / NS : Val AP : 0.7980167865753174 / AUROC : 0.7236328125
36 time - 22 epoch, Training loss : 0.3959934711456299 / NS : Val AP : 0.9004875421524048 / AUROC : 0.9231999999999999
[36 time Val AP : 0.9248000000000001 / AUROC : 0.9299376010894775 ]
[36 time Test AP : 0.6777645659928656 / AUROC : 0.6941297650337219 ]
37 time - 0 epoch, Training loss : 0.34945639967918396 / NS : Val AP : 0.75372314453125 / AUROC : 0.7860082304526749
37 time - 1 epoch, Training loss : 0.3584306240081787 / NS : Val AP : 0.8799381256103516 / AUROC : 0.8477366255144033
37 time - 2 epoch, Training loss : 0.35788416862487793 / NS : Val AP : 0.8774182796478271 / AUROC : 0.8463648834019204
37 time - 3 epoch, Training loss : 0.4043458104133606 / NS : Val AP : 0.9175155162811279 / AUROC : 0.9012345679012346
37 time - 4 epoch, Training loss : 0.47086894512176514 / NS : Val AP : 0.8284471035003662 / AUROC : 0.7736625514403292
37 time - 5 epoch, Training loss : 0.3584478497505188 / NS : Val AP : 0.7623542547225952 / AUROC : 0.7091906721536352
37 time - 6 epoch, Training loss : 0.35183072090148926 / NS : Val AP : 0.9243338108062744 / AUROC : 0.9012345679012346
37 time - 7 epoch, Training loss : 0.38849103450775146 / NS : Val AP : 0.8832501769065857 / AUROC : 0.8683127572016461
37 time - 8 epoch, Training loss : 0.3938908576965332 / NS : Val AP : 0.8748999238014221 / AUROC : 0.8203017832647462
37 time - 9 epoch, Training loss : 0.3975624442100525 / NS : Val AP : 0.8857143521308899 / AUROC : 0.8710562414266118
37 time - 10 epoch, Training loss : 0.3772268295288086 / NS : Val AP : 0.8813632726669312 / AUROC : 0.8847736625514403
37 time - 11 epoch, Training loss : 0.38738876581192017 / NS : Val AP : 0.8450687527656555 / AUROC : 0.8079561042524006
37 time - 12 epoch, Training loss : 0.4040946960449219 / NS : Val AP : 0.7429639101028442 / AUROC : 0.7119341563786008
37 time - 13 epoch, Training loss : 0.32072627544403076 / NS : Val AP : 0.782151460647583 / AUROC : 0.7407407407407407
[37 time Val AP : 0.9012345679012346 / AUROC : 0.9175155162811279 ]
[37 time Test AP : 0.8979591836734695 / AUROC : 0.9135366678237915 ]
0.7960	0.8307
NS : avg AP : 0.830656111240387 / avg AUROC : 0.7959959662218362
============================================ Test End =================================================