args: Namespace(aggregator='Maxmin', alpha_e=0, alpha_v=0, batch_size=32, dataset_name='threads-ask-ubuntu', dim_edge=128, dim_hidden=128, dim_time=128, dim_vertex=128, early_stop=10, epochs=50, eval_mode='train_live_update', exp_num=1, folder_name='logs/hgnn/threads-ask-ubuntu_train_live_update_hgnn', freq_size=2628000, gpu=1, lr=0.0001, model='hgnn', neg_mode='sns', neg_ratio=0.5, neg_size=100, num_layers=2, seed=1111, time_split_type='sec', training='wgan')
============================================ Experiments 111 ==================================================0 time - 0 epoch, Training loss : 0.519775390625 / NS : Val AP : 0.7328727841377258 / AUROC : 0.5771324863883847
0 time - 1 epoch, Training loss : 0.506608247756958 / NS : Val AP : 0.7884597778320312 / AUROC : 0.560546875
0 time - 2 epoch, Training loss : 0.5178089737892151 / NS : Val AP : 0.7787646055221558 / AUROC : 0.5784615384615385
0 time - 3 epoch, Training loss : 0.5029236674308777 / NS : Val AP : 0.7170789837837219 / AUROC : 0.478515625
0 time - 4 epoch, Training loss : 0.5061808228492737 / NS : Val AP : 0.7523082494735718 / AUROC : 0.4892307692307692
0 time - 5 epoch, Training loss : 0.5402686595916748 / NS : Val AP : 0.6924004554748535 / AUROC : 0.44921875
0 time - 6 epoch, Training loss : 0.5127663612365723 / NS : Val AP : 0.6617814898490906 / AUROC : 0.45230769230769236
0 time - 7 epoch, Training loss : 0.5241510272026062 / NS : Val AP : 0.7746633291244507 / AUROC : 0.63671875
0 time - 8 epoch, Training loss : 0.5144692659378052 / NS : Val AP : 0.745097815990448 / AUROC : 0.49230769230769234
0 time - 9 epoch, Training loss : 0.5115619897842407 / NS : Val AP : 0.6781708598136902 / AUROC : 0.537109375
0 time - 10 epoch, Training loss : 0.5021164417266846 / NS : Val AP : 0.8757776021957397 / AUROC : 0.7230769230769232
0 time - 11 epoch, Training loss : 0.5023069381713867 / NS : Val AP : 0.6528401970863342 / AUROC : 0.369140625
0 time - 12 epoch, Training loss : 0.5209230184555054 / NS : Val AP : 0.8077684640884399 / AUROC : 0.6061538461538462
0 time - 13 epoch, Training loss : 0.5079885125160217 / NS : Val AP : 0.6100825071334839 / AUROC : 0.361328125
0 time - 14 epoch, Training loss : 0.5270986557006836 / NS : Val AP : 0.758044421672821 / AUROC : 0.47692307692307695
0 time - 15 epoch, Training loss : 0.5188348293304443 / NS : Val AP : 0.7800171375274658 / AUROC : 0.552734375
0 time - 16 epoch, Training loss : 0.5130451917648315 / NS : Val AP : 0.7463407516479492 / AUROC : 0.5015384615384615
0 time - 17 epoch, Training loss : 0.5131503343582153 / NS : Val AP : 0.755440354347229 / AUROC : 0.587890625
0 time - 18 epoch, Training loss : 0.495130717754364 / NS : Val AP : 0.8011137843132019 / AUROC : 0.6430769230769231
0 time - 19 epoch, Training loss : 0.5115890502929688 / NS : Val AP : 0.6809157133102417 / AUROC : 0.552734375
0 time - 20 epoch, Training loss : 0.5231271982192993 / NS : Val AP : 0.7217301726341248 / AUROC : 0.41846153846153844
[0 time Val AP : 0.7230769230769232 / AUROC : 0.8757776021957397 ]
[0 time Test AP : 0.374712643678161 / AUROC : 0.6634389758110046 ]
1 time - 0 epoch, Training loss : 0.5082106590270996 / NS : Val AP : 0.7246312499046326 / AUROC : 0.4741532976827094
1 time - 1 epoch, Training loss : 0.513487696647644 / NS : Val AP : 0.7596808075904846 / AUROC : 0.529296875
1 time - 2 epoch, Training loss : 0.5153781175613403 / NS : Val AP : 1.0 / AUROC : 1.0
1 time - 3 epoch, Training loss : 0.501858115196228 / NS : Val AP : 0.7225939035415649 / AUROC : 0.470703125
1 time - 4 epoch, Training loss : 0.53305584192276 / NS : Val AP : 0.5 / AUROC : 0.0
1 time - 5 epoch, Training loss : 0.5067138671875 / NS : Val AP : 0.6881877779960632 / AUROC : 0.484375
1 time - 6 epoch, Training loss : 0.5099680423736572 / NS : Val AP : 1.0 / AUROC : 1.0
1 time - 7 epoch, Training loss : 0.5138125419616699 / NS : Val AP : 0.73846435546875 / AUROC : 0.4609375
1 time - 8 epoch, Training loss : 0.5277689099311829 / NS : Val AP : 0.5 / AUROC : 0.0
1 time - 9 epoch, Training loss : 0.5133471488952637 / NS : Val AP : 0.5951613783836365 / AUROC : 0.337890625
1 time - 10 epoch, Training loss : 0.5078413486480713 / NS : Val AP : 1.0 / AUROC : 1.0
1 time - 11 epoch, Training loss : 0.49870726466178894 / NS : Val AP : 0.6862168312072754 / AUROC : 0.45703125
1 time - 12 epoch, Training loss : 0.5180652737617493 / NS : Val AP : 1.0 / AUROC : 1.0
[1 time Val AP : 1.0 / AUROC : 1.0 ]
[1 time Test AP : 0.27450980392156865 / AUROC : 0.5360649228096008 ]
2 time - 0 epoch, Training loss : 0.5106160640716553 / NS : Val AP : 0.6757814884185791 / AUROC : 0.45078875171467764
2 time - 1 epoch, Training loss : 0.5037429332733154 / NS : Val AP : 0.7952213883399963 / AUROC : 0.603515625
2 time - 2 epoch, Training loss : 0.5081623196601868 / NS : Val AP : 0.7474567890167236 / AUROC : 0.513671875
2 time - 3 epoch, Training loss : 0.5014819502830505 / NS : Val AP : 0.7801601886749268 / AUROC : 0.5703125
2 time - 4 epoch, Training loss : 0.4992857277393341 / NS : Val AP : 0.7630034685134888 / AUROC : 0.47222222222222227
2 time - 5 epoch, Training loss : 0.49791717529296875 / NS : Val AP : 0.7696405649185181 / AUROC : 0.599609375
2 time - 6 epoch, Training loss : 0.5277935266494751 / NS : Val AP : 0.635550856590271 / AUROC : 0.39453125
2 time - 7 epoch, Training loss : 0.5212607979774475 / NS : Val AP : 0.6115721464157104 / AUROC : 0.369140625
2 time - 8 epoch, Training loss : 0.5041122436523438 / NS : Val AP : 0.8620913028717041 / AUROC : 0.7500000000000001
2 time - 9 epoch, Training loss : 0.5098767876625061 / NS : Val AP : 0.7908157110214233 / AUROC : 0.609375
2 time - 10 epoch, Training loss : 0.49438607692718506 / NS : Val AP : 0.6873902678489685 / AUROC : 0.421875
2 time - 11 epoch, Training loss : 0.5056518316268921 / NS : Val AP : 0.7600348591804504 / AUROC : 0.51171875
2 time - 12 epoch, Training loss : 0.5076649785041809 / NS : Val AP : 0.6882573962211609 / AUROC : 0.38888888888888884
2 time - 13 epoch, Training loss : 0.5046281814575195 / NS : Val AP : 0.658490002155304 / AUROC : 0.45703125
2 time - 14 epoch, Training loss : 0.5031630396842957 / NS : Val AP : 0.7076103091239929 / AUROC : 0.537109375
2 time - 15 epoch, Training loss : 0.5006623864173889 / NS : Val AP : 0.6822885870933533 / AUROC : 0.494140625
2 time - 16 epoch, Training loss : 0.5025663375854492 / NS : Val AP : 0.7872024178504944 / AUROC : 0.6527777777777778
2 time - 17 epoch, Training loss : 0.4930081367492676 / NS : Val AP : 0.7428821921348572 / AUROC : 0.53515625
2 time - 18 epoch, Training loss : 0.5089818239212036 / NS : Val AP : 0.7792016267776489 / AUROC : 0.59765625
[2 time Val AP : 0.7500000000000001 / AUROC : 0.8620913028717041 ]
[2 time Test AP : 0.5610425240054869 / AUROC : 0.7557626366615295 ]
3 time - 0 epoch, Training loss : 0.48900553584098816 / NS : Val AP : 0.7348374128341675 / AUROC : 0.5280403276622558
3 time - 1 epoch, Training loss : 0.5052893161773682 / NS : Val AP : 0.8050380945205688 / AUROC : 0.6328125
3 time - 2 epoch, Training loss : 0.49495837092399597 / NS : Val AP : 0.7083382606506348 / AUROC : 0.55859375
3 time - 3 epoch, Training loss : 0.5099303722381592 / NS : Val AP : 0.8295045495033264 / AUROC : 0.693359375
3 time - 4 epoch, Training loss : 0.49968189001083374 / NS : Val AP : 0.8174118995666504 / AUROC : 0.650390625
3 time - 5 epoch, Training loss : 0.512492299079895 / NS : Val AP : 0.663184642791748 / AUROC : 0.4
3 time - 6 epoch, Training loss : 0.5087747573852539 / NS : Val AP : 0.7310096621513367 / AUROC : 0.52734375
3 time - 7 epoch, Training loss : 0.5008208751678467 / NS : Val AP : 0.7915177345275879 / AUROC : 0.58984375
3 time - 8 epoch, Training loss : 0.5135273337364197 / NS : Val AP : 0.7174383997917175 / AUROC : 0.5625
3 time - 9 epoch, Training loss : 0.5157988667488098 / NS : Val AP : 0.8301392793655396 / AUROC : 0.638671875
3 time - 10 epoch, Training loss : 0.48541930317878723 / NS : Val AP : 0.8850324749946594 / AUROC : 0.76
3 time - 11 epoch, Training loss : 0.5043922662734985 / NS : Val AP : 0.7400586009025574 / AUROC : 0.544921875
3 time - 12 epoch, Training loss : 0.4980132579803467 / NS : Val AP : 0.7886205911636353 / AUROC : 0.669921875
3 time - 13 epoch, Training loss : 0.5148895978927612 / NS : Val AP : 0.7343816757202148 / AUROC : 0.564453125
3 time - 14 epoch, Training loss : 0.4909089505672455 / NS : Val AP : 0.7788870930671692 / AUROC : 0.591796875
3 time - 15 epoch, Training loss : 0.5131654143333435 / NS : Val AP : 0.7799908518791199 / AUROC : 0.48
3 time - 16 epoch, Training loss : 0.49580931663513184 / NS : Val AP : 0.675143301486969 / AUROC : 0.44921875
3 time - 17 epoch, Training loss : 0.5045843720436096 / NS : Val AP : 0.7600921392440796 / AUROC : 0.619140625
3 time - 18 epoch, Training loss : 0.5074828267097473 / NS : Val AP : 0.7667546272277832 / AUROC : 0.595703125
3 time - 19 epoch, Training loss : 0.5014533996582031 / NS : Val AP : 0.7377017140388489 / AUROC : 0.5703125
3 time - 20 epoch, Training loss : 0.507859468460083 / NS : Val AP : 0.7583866119384766 / AUROC : 0.54
[3 time Val AP : 0.76 / AUROC : 0.8850324749946594 ]
[3 time Test AP : 0.4728778467908903 / AUROC : 0.6709470748901367 ]
4 time - 0 epoch, Training loss : 0.5053936243057251 / NS : Val AP : 0.7049313187599182 / AUROC : 0.4892929292929293
4 time - 1 epoch, Training loss : 0.49314284324645996 / NS : Val AP : 0.6516304612159729 / AUROC : 0.435546875
4 time - 2 epoch, Training loss : 0.5073511004447937 / NS : Val AP : 0.7703210115432739 / AUROC : 0.5546875
4 time - 3 epoch, Training loss : 0.4915779232978821 / NS : Val AP : 0.5863056778907776 / AUROC : 0.39453125
4 time - 4 epoch, Training loss : 0.5078689455986023 / NS : Val AP : 0.7000000476837158 / AUROC : 0.3333333333333333
4 time - 5 epoch, Training loss : 0.4974096417427063 / NS : Val AP : 0.7851357460021973 / AUROC : 0.599609375
4 time - 6 epoch, Training loss : 0.5088857412338257 / NS : Val AP : 0.7601134181022644 / AUROC : 0.673828125
4 time - 7 epoch, Training loss : 0.49666348099708557 / NS : Val AP : 0.6598930358886719 / AUROC : 0.396484375
4 time - 8 epoch, Training loss : 0.5138523578643799 / NS : Val AP : 0.9166666269302368 / AUROC : 0.8333333333333333
4 time - 9 epoch, Training loss : 0.497463583946228 / NS : Val AP : 0.7958676218986511 / AUROC : 0.626953125
4 time - 10 epoch, Training loss : 0.5027732849121094 / NS : Val AP : 0.781421422958374 / AUROC : 0.59765625
4 time - 11 epoch, Training loss : 0.5101466178894043 / NS : Val AP : 0.7447458505630493 / AUROC : 0.515625
4 time - 12 epoch, Training loss : 0.5241737365722656 / NS : Val AP : 0.8055555820465088 / AUROC : 0.6666666666666666
4 time - 13 epoch, Training loss : 0.5016132593154907 / NS : Val AP : 0.7521568536758423 / AUROC : 0.560546875
4 time - 14 epoch, Training loss : 0.4891957938671112 / NS : Val AP : 0.819017767906189 / AUROC : 0.587890625
4 time - 15 epoch, Training loss : 0.5080308318138123 / NS : Val AP : 0.7048059105873108 / AUROC : 0.4921875
4 time - 16 epoch, Training loss : 0.5046517848968506 / NS : Val AP : 0.9166666269302368 / AUROC : 0.8333333333333333
4 time - 17 epoch, Training loss : 0.5203679800033569 / NS : Val AP : 0.8293957114219666 / AUROC : 0.646484375
4 time - 18 epoch, Training loss : 0.4948510527610779 / NS : Val AP : 0.835491955280304 / AUROC : 0.669921875
[4 time Val AP : 0.8333333333333333 / AUROC : 0.9166666269302368 ]
[4 time Test AP : 0.5488 / AUROC : 0.7904534935951233 ]
5 time - 0 epoch, Training loss : 0.5053670406341553 / NS : Val AP : 0.8216806650161743 / AUROC : 0.6372767857142857
5 time - 1 epoch, Training loss : 0.5036042928695679 / NS : Val AP : 0.7842804193496704 / AUROC : 0.576171875
5 time - 2 epoch, Training loss : 0.49196797609329224 / NS : Val AP : 0.6932560801506042 / AUROC : 0.546875
5 time - 3 epoch, Training loss : 0.5071831941604614 / NS : Val AP : 0.6972758173942566 / AUROC : 0.59765625
5 time - 4 epoch, Training loss : 0.4981909990310669 / NS : Val AP : 0.7590171098709106 / AUROC : 0.5234375
5 time - 5 epoch, Training loss : 0.5118815898895264 / NS : Val AP : 0.7975980639457703 / AUROC : 0.599609375
5 time - 6 epoch, Training loss : 0.49535688757896423 / NS : Val AP : 0.8221314549446106 / AUROC : 0.677734375
5 time - 7 epoch, Training loss : 0.5039424300193787 / NS : Val AP : 0.7771533131599426 / AUROC : 0.640625
5 time - 8 epoch, Training loss : 0.4884096384048462 / NS : Val AP : 0.8339236378669739 / AUROC : 0.625
5 time - 9 epoch, Training loss : 0.498151570558548 / NS : Val AP : 0.8739453554153442 / AUROC : 0.783203125
5 time - 10 epoch, Training loss : 0.485787570476532 / NS : Val AP : 0.7792434096336365 / AUROC : 0.58984375
5 time - 11 epoch, Training loss : 0.505110502243042 / NS : Val AP : 0.7893784046173096 / AUROC : 0.6796875
5 time - 12 epoch, Training loss : 0.49751973152160645 / NS : Val AP : 0.7495458722114563 / AUROC : 0.5546875
5 time - 13 epoch, Training loss : 0.5009366273880005 / NS : Val AP : 0.7365789413452148 / AUROC : 0.49609375
5 time - 14 epoch, Training loss : 0.5133259296417236 / NS : Val AP : 0.665999174118042 / AUROC : 0.4453125
5 time - 15 epoch, Training loss : 0.5099295377731323 / NS : Val AP : 0.8429061770439148 / AUROC : 0.654296875
5 time - 16 epoch, Training loss : 0.4953458309173584 / NS : Val AP : 0.8249911665916443 / AUROC : 0.6328125
5 time - 17 epoch, Training loss : 0.48896265029907227 / NS : Val AP : 0.7606076002120972 / AUROC : 0.54296875
5 time - 18 epoch, Training loss : 0.49844175577163696 / NS : Val AP : 0.8879693746566772 / AUROC : 0.775390625
5 time - 19 epoch, Training loss : 0.49716049432754517 / NS : Val AP : 0.7426741123199463 / AUROC : 0.556640625
[5 time Val AP : 0.783203125 / AUROC : 0.8739453554153442 ]
[5 time Test AP : 0.5612244897959184 / AUROC : 0.7016189098358154 ]
6 time - 0 epoch, Training loss : 0.47646117210388184 / NS : Val AP : 0.7134209871292114 / AUROC : 0.5451274362818591
6 time - 1 epoch, Training loss : 0.492954283952713 / NS : Val AP : 0.7637743949890137 / AUROC : 0.52734375
6 time - 2 epoch, Training loss : 0.49219492077827454 / NS : Val AP : 0.7350984811782837 / AUROC : 0.46875
6 time - 3 epoch, Training loss : 0.5223240256309509 / NS : Val AP : 0.8671292662620544 / AUROC : 0.73828125
6 time - 4 epoch, Training loss : 0.4741987884044647 / NS : Val AP : 0.8444702625274658 / AUROC : 0.7263157894736841
6 time - 5 epoch, Training loss : 0.49168798327445984 / NS : Val AP : 0.7825714349746704 / AUROC : 0.59375
6 time - 6 epoch, Training loss : 0.5161944031715393 / NS : Val AP : 0.8066778779029846 / AUROC : 0.609375
6 time - 7 epoch, Training loss : 0.503029465675354 / NS : Val AP : 0.796036422252655 / AUROC : 0.630859375
6 time - 8 epoch, Training loss : 0.49402233958244324 / NS : Val AP : 0.7348883748054504 / AUROC : 0.6473684210526316
6 time - 9 epoch, Training loss : 0.4876234233379364 / NS : Val AP : 0.8000355958938599 / AUROC : 0.626953125
6 time - 10 epoch, Training loss : 0.4865073561668396 / NS : Val AP : 0.8304015398025513 / AUROC : 0.642578125
6 time - 11 epoch, Training loss : 0.49470651149749756 / NS : Val AP : 0.8340601921081543 / AUROC : 0.66796875
6 time - 12 epoch, Training loss : 0.5021833181381226 / NS : Val AP : 0.7398281097412109 / AUROC : 0.6263157894736842
6 time - 13 epoch, Training loss : 0.49852311611175537 / NS : Val AP : 0.8291710019111633 / AUROC : 0.671875
[6 time Val AP : 0.73828125 / AUROC : 0.8671292662620544 ]
[6 time Test AP : 0.6123662306777645 / AUROC : 0.7667476534843445 ]
7 time - 0 epoch, Training loss : 0.4879630208015442 / NS : Val AP : 0.7395280599594116 / AUROC : 0.6035938903863431
7 time - 1 epoch, Training loss : 0.48931053280830383 / NS : Val AP : 0.8237112760543823 / AUROC : 0.66796875
7 time - 2 epoch, Training loss : 0.5044046640396118 / NS : Val AP : 0.776129424571991 / AUROC : 0.59375
7 time - 3 epoch, Training loss : 0.49816080927848816 / NS : Val AP : 0.7934796810150146 / AUROC : 0.599609375
7 time - 4 epoch, Training loss : 0.48714250326156616 / NS : Val AP : 0.7484747171401978 / AUROC : 0.5111111111111111
7 time - 5 epoch, Training loss : 0.49102622270584106 / NS : Val AP : 0.8072904944419861 / AUROC : 0.666015625
7 time - 6 epoch, Training loss : 0.4875626266002655 / NS : Val AP : 0.7600610256195068 / AUROC : 0.611328125
7 time - 7 epoch, Training loss : 0.5028791427612305 / NS : Val AP : 0.7912425994873047 / AUROC : 0.583984375
7 time - 8 epoch, Training loss : 0.4909762442111969 / NS : Val AP : 0.8683760166168213 / AUROC : 0.6888888888888889
7 time - 9 epoch, Training loss : 0.48413726687431335 / NS : Val AP : 0.7560660243034363 / AUROC : 0.59375
7 time - 10 epoch, Training loss : 0.49136999249458313 / NS : Val AP : 0.7722712159156799 / AUROC : 0.607421875
7 time - 11 epoch, Training loss : 0.5006741881370544 / NS : Val AP : 0.684268593788147 / AUROC : 0.455078125
7 time - 12 epoch, Training loss : 0.48374801874160767 / NS : Val AP : 0.749441921710968 / AUROC : 0.6222222222222222
7 time - 13 epoch, Training loss : 0.4808509647846222 / NS : Val AP : 0.7604711055755615 / AUROC : 0.55859375
7 time - 14 epoch, Training loss : 0.5048397779464722 / NS : Val AP : 0.7924666404724121 / AUROC : 0.638671875
7 time - 15 epoch, Training loss : 0.48972687125205994 / NS : Val AP : 0.7917816638946533 / AUROC : 0.626953125
7 time - 16 epoch, Training loss : 0.48721885681152344 / NS : Val AP : 0.7357321977615356 / AUROC : 0.4444444444444444
7 time - 17 epoch, Training loss : 0.4977055788040161 / NS : Val AP : 0.7211130857467651 / AUROC : 0.525390625
7 time - 18 epoch, Training loss : 0.5072948932647705 / NS : Val AP : 0.7447290420532227 / AUROC : 0.5390625
[7 time Val AP : 0.6888888888888889 / AUROC : 0.8683760166168213 ]
[7 time Test AP : 0.5045422781271838 / AUROC : 0.7511842250823975 ]
8 time - 0 epoch, Training loss : 0.5224893093109131 / NS : Val AP : 0.7422490119934082 / AUROC : 0.5222857142857144
8 time - 1 epoch, Training loss : 0.48902779817581177 / NS : Val AP : 0.7486006617546082 / AUROC : 0.513671875
8 time - 2 epoch, Training loss : 0.5074052214622498 / NS : Val AP : 0.8224000930786133 / AUROC : 0.6328125
8 time - 3 epoch, Training loss : 0.5030431747436523 / NS : Val AP : 0.8140225410461426 / AUROC : 0.62109375
8 time - 4 epoch, Training loss : 0.5025178790092468 / NS : Val AP : 0.8398330807685852 / AUROC : 0.6758620689655173
8 time - 5 epoch, Training loss : 0.5009679794311523 / NS : Val AP : 0.7310988903045654 / AUROC : 0.55859375
8 time - 6 epoch, Training loss : 0.48836272954940796 / NS : Val AP : 0.8232852816581726 / AUROC : 0.63671875
8 time - 7 epoch, Training loss : 0.4986911118030548 / NS : Val AP : 0.7917380928993225 / AUROC : 0.58203125
8 time - 8 epoch, Training loss : 0.5005315542221069 / NS : Val AP : 0.741391658782959 / AUROC : 0.5770114942528736
8 time - 9 epoch, Training loss : 0.4973413944244385 / NS : Val AP : 0.8270376920700073 / AUROC : 0.673828125
8 time - 10 epoch, Training loss : 0.49983376264572144 / NS : Val AP : 0.7350180149078369 / AUROC : 0.484375
8 time - 11 epoch, Training loss : 0.49413618445396423 / NS : Val AP : 0.7682566046714783 / AUROC : 0.5625
8 time - 12 epoch, Training loss : 0.5208633542060852 / NS : Val AP : 0.832431435585022 / AUROC : 0.6712643678160919
8 time - 13 epoch, Training loss : 0.5101956129074097 / NS : Val AP : 0.8398047685623169 / AUROC : 0.669921875
8 time - 14 epoch, Training loss : 0.4950396418571472 / NS : Val AP : 0.7153730988502502 / AUROC : 0.5078125
[8 time Val AP : 0.6758620689655173 / AUROC : 0.8398330807685852 ]
[8 time Test AP : 0.4766865079365079 / AUROC : 0.7209622263908386 ]
9 time - 0 epoch, Training loss : 0.4842248558998108 / NS : Val AP : 0.8039500117301941 / AUROC : 0.6329149893440682
9 time - 1 epoch, Training loss : 0.5060088634490967 / NS : Val AP : 0.7264081835746765 / AUROC : 0.576171875
9 time - 2 epoch, Training loss : 0.4901081621646881 / NS : Val AP : 0.8505460619926453 / AUROC : 0.728515625
9 time - 3 epoch, Training loss : 0.49517807364463806 / NS : Val AP : 0.6807336807250977 / AUROC : 0.388671875
9 time - 4 epoch, Training loss : 0.4768400192260742 / NS : Val AP : 0.7405171990394592 / AUROC : 0.5625
9 time - 5 epoch, Training loss : 0.4921222925186157 / NS : Val AP : 0.7868548035621643 / AUROC : 0.69921875
9 time - 6 epoch, Training loss : 0.49403655529022217 / NS : Val AP : 0.6915145516395569 / AUROC : 0.533203125
9 time - 7 epoch, Training loss : 0.5082137584686279 / NS : Val AP : 0.8248430490493774 / AUROC : 0.6813186813186812
9 time - 8 epoch, Training loss : 0.4985406994819641 / NS : Val AP : 0.6493855118751526 / AUROC : 0.48046875
9 time - 9 epoch, Training loss : 0.5162556767463684 / NS : Val AP : 0.6944229602813721 / AUROC : 0.513671875
9 time - 10 epoch, Training loss : 0.5029944181442261 / NS : Val AP : 0.7351231575012207 / AUROC : 0.533203125
9 time - 11 epoch, Training loss : 0.5120450258255005 / NS : Val AP : 0.7511227130889893 / AUROC : 0.513671875
9 time - 12 epoch, Training loss : 0.48207342624664307 / NS : Val AP : 0.6972317695617676 / AUROC : 0.4609375
[9 time Val AP : 0.728515625 / AUROC : 0.8505460619926453 ]
[9 time Test AP : 0.5963405526512322 / AUROC : 0.7870916128158569 ]
10 time - 0 epoch, Training loss : 0.4902667999267578 / NS : Val AP : 0.7671104669570923 / AUROC : 0.6008019603475161
10 time - 1 epoch, Training loss : 0.4917606711387634 / NS : Val AP : 0.8617846965789795 / AUROC : 0.6953125
10 time - 2 epoch, Training loss : 0.4987296462059021 / NS : Val AP : 0.7680906057357788 / AUROC : 0.572265625
10 time - 3 epoch, Training loss : 0.49318164587020874 / NS : Val AP : 0.7682377696037292 / AUROC : 0.5859375
10 time - 4 epoch, Training loss : 0.49700653553009033 / NS : Val AP : 0.819640576839447 / AUROC : 0.64453125
10 time - 5 epoch, Training loss : 0.5094080567359924 / NS : Val AP : 0.9583333730697632 / AUROC : 0.888888888888889
10 time - 6 epoch, Training loss : 0.48169711232185364 / NS : Val AP : 0.8118596076965332 / AUROC : 0.67578125
10 time - 7 epoch, Training loss : 0.47929051518440247 / NS : Val AP : 0.8562121391296387 / AUROC : 0.689453125
10 time - 8 epoch, Training loss : 0.5123727321624756 / NS : Val AP : 0.8619141578674316 / AUROC : 0.767578125
10 time - 9 epoch, Training loss : 0.4769185185432434 / NS : Val AP : 0.869150698184967 / AUROC : 0.6953125
10 time - 10 epoch, Training loss : 0.4994843006134033 / NS : Val AP : 0.8412697911262512 / AUROC : 0.6111111111111112
10 time - 11 epoch, Training loss : 0.49628084897994995 / NS : Val AP : 0.8313429355621338 / AUROC : 0.625
10 time - 12 epoch, Training loss : 0.4926546514034271 / NS : Val AP : 0.8606393337249756 / AUROC : 0.7421875
10 time - 13 epoch, Training loss : 0.4866495132446289 / NS : Val AP : 0.8601495623588562 / AUROC : 0.724609375
10 time - 14 epoch, Training loss : 0.4832436442375183 / NS : Val AP : 0.7804470062255859 / AUROC : 0.619140625
10 time - 15 epoch, Training loss : 0.5020637512207031 / NS : Val AP : 0.9583333730697632 / AUROC : 0.888888888888889
[10 time Val AP : 0.888888888888889 / AUROC : 0.9583333730697632 ]
[10 time Test AP : 0.6760316066725198 / AUROC : 0.7949870824813843 ]
11 time - 0 epoch, Training loss : 0.48455408215522766 / NS : Val AP : 0.7964785099029541 / AUROC : 0.6025018670649739
11 time - 1 epoch, Training loss : 0.4845063388347626 / NS : Val AP : 0.7168260812759399 / AUROC : 0.48046875
11 time - 2 epoch, Training loss : 0.505855917930603 / NS : Val AP : 0.7891501188278198 / AUROC : 0.57421875
11 time - 3 epoch, Training loss : 0.5003798007965088 / NS : Val AP : 0.7936937212944031 / AUROC : 0.640625
11 time - 4 epoch, Training loss : 0.4906662702560425 / NS : Val AP : 0.9095237851142883 / AUROC : 0.7857142857142857
11 time - 5 epoch, Training loss : 0.485649436712265 / NS : Val AP : 0.7471495866775513 / AUROC : 0.509765625
11 time - 6 epoch, Training loss : 0.475261390209198 / NS : Val AP : 0.7218165397644043 / AUROC : 0.439453125
11 time - 7 epoch, Training loss : 0.4890151917934418 / NS : Val AP : 0.7442874312400818 / AUROC : 0.55078125
11 time - 8 epoch, Training loss : 0.4930454194545746 / NS : Val AP : 0.900432825088501 / AUROC : 0.75
11 time - 9 epoch, Training loss : 0.48606032133102417 / NS : Val AP : 0.7620940804481506 / AUROC : 0.59375
11 time - 10 epoch, Training loss : 0.4991203844547272 / NS : Val AP : 0.8558862209320068 / AUROC : 0.7265625
11 time - 11 epoch, Training loss : 0.4849201738834381 / NS : Val AP : 0.8334478139877319 / AUROC : 0.66796875
11 time - 12 epoch, Training loss : 0.5281679630279541 / NS : Val AP : 0.8631519079208374 / AUROC : 0.75
11 time - 13 epoch, Training loss : 0.4863607883453369 / NS : Val AP : 0.8146636486053467 / AUROC : 0.662109375
11 time - 14 epoch, Training loss : 0.47277021408081055 / NS : Val AP : 0.8115274310112 / AUROC : 0.63671875
[11 time Val AP : 0.7857142857142857 / AUROC : 0.9095237851142883 ]
[11 time Test AP : 0.6264792899408285 / AUROC : 0.7951409816741943 ]
12 time - 0 epoch, Training loss : 0.510909378528595 / NS : Val AP : 0.7258325219154358 / AUROC : 0.5164982164090369
12 time - 1 epoch, Training loss : 0.4898652136325836 / NS : Val AP : 0.7857924699783325 / AUROC : 0.56640625
12 time - 2 epoch, Training loss : 0.5130900144577026 / NS : Val AP : 0.7466935515403748 / AUROC : 0.552734375
12 time - 3 epoch, Training loss : 0.4879259169101715 / NS : Val AP : 0.718075156211853 / AUROC : 0.541015625
12 time - 4 epoch, Training loss : 0.4933764934539795 / NS : Val AP : 0.9296460151672363 / AUROC : 0.845
12 time - 5 epoch, Training loss : 0.5023233890533447 / NS : Val AP : 0.7673664093017578 / AUROC : 0.556640625
12 time - 6 epoch, Training loss : 0.4897601902484894 / NS : Val AP : 0.7713280320167542 / AUROC : 0.658203125
12 time - 7 epoch, Training loss : 0.48942986130714417 / NS : Val AP : 0.7970010042190552 / AUROC : 0.5625
12 time - 8 epoch, Training loss : 0.4990200400352478 / NS : Val AP : 0.8304002285003662 / AUROC : 0.62
12 time - 9 epoch, Training loss : 0.5038756728172302 / NS : Val AP : 0.7640101909637451 / AUROC : 0.61328125
12 time - 10 epoch, Training loss : 0.5061032772064209 / NS : Val AP : 0.835912823677063 / AUROC : 0.697265625
12 time - 11 epoch, Training loss : 0.5024575591087341 / NS : Val AP : 0.8415184020996094 / AUROC : 0.69921875
12 time - 12 epoch, Training loss : 0.4962386190891266 / NS : Val AP : 0.8428437113761902 / AUROC : 0.69
12 time - 13 epoch, Training loss : 0.5083205699920654 / NS : Val AP : 0.7824793457984924 / AUROC : 0.556640625
12 time - 14 epoch, Training loss : 0.4960997402667999 / NS : Val AP : 0.8560774326324463 / AUROC : 0.693359375
[12 time Val AP : 0.845 / AUROC : 0.9296460151672363 ]
[12 time Test AP : 0.6052318668252081 / AUROC : 0.7608398199081421 ]
13 time - 0 epoch, Training loss : 0.49090510606765747 / NS : Val AP : 0.8449438810348511 / AUROC : 0.6646385629436476
13 time - 1 epoch, Training loss : 0.4956214725971222 / NS : Val AP : 0.8642702102661133 / AUROC : 0.71484375
13 time - 2 epoch, Training loss : 0.4986034035682678 / NS : Val AP : 0.7360867857933044 / AUROC : 0.544921875
13 time - 3 epoch, Training loss : 0.46754154562950134 / NS : Val AP : 0.700041651725769 / AUROC : 0.515625
13 time - 4 epoch, Training loss : 0.4766700267791748 / NS : Val AP : 0.8047922849655151 / AUROC : 0.6190476190476191
13 time - 5 epoch, Training loss : 0.4842386841773987 / NS : Val AP : 0.8519946336746216 / AUROC : 0.677734375
13 time - 6 epoch, Training loss : 0.5013136863708496 / NS : Val AP : 0.9087239503860474 / AUROC : 0.80859375
13 time - 7 epoch, Training loss : 0.5036492347717285 / NS : Val AP : 0.8008370995521545 / AUROC : 0.65625
13 time - 8 epoch, Training loss : 0.49045640230178833 / NS : Val AP : 0.8347516655921936 / AUROC : 0.6493506493506493
13 time - 9 epoch, Training loss : 0.508695662021637 / NS : Val AP : 0.8322387933731079 / AUROC : 0.650390625
13 time - 10 epoch, Training loss : 0.49166202545166016 / NS : Val AP : 0.7889145016670227 / AUROC : 0.591796875
13 time - 11 epoch, Training loss : 0.4852029085159302 / NS : Val AP : 0.7704988718032837 / AUROC : 0.548828125
13 time - 12 epoch, Training loss : 0.5090323090553284 / NS : Val AP : 0.8433048725128174 / AUROC : 0.6796536796536796
13 time - 13 epoch, Training loss : 0.4790336489677429 / NS : Val AP : 0.8761762976646423 / AUROC : 0.7265625
13 time - 14 epoch, Training loss : 0.49449267983436584 / NS : Val AP : 0.8670130372047424 / AUROC : 0.720703125
13 time - 15 epoch, Training loss : 0.49942320585250854 / NS : Val AP : 0.8317039608955383 / AUROC : 0.681640625
13 time - 16 epoch, Training loss : 0.49517786502838135 / NS : Val AP : 0.8301823139190674 / AUROC : 0.6277056277056277
[13 time Val AP : 0.80859375 / AUROC : 0.9087239503860474 ]
[13 time Test AP : 0.6429378531073446 / AUROC : 0.8138718605041504 ]
14 time - 0 epoch, Training loss : 0.46780359745025635 / NS : Val AP : 0.8251410126686096 / AUROC : 0.6476190476190476
14 time - 1 epoch, Training loss : 0.487534761428833 / NS : Val AP : 0.786656379699707 / AUROC : 0.599609375
14 time - 2 epoch, Training loss : 0.4717859625816345 / NS : Val AP : 0.8359407186508179 / AUROC : 0.6953125
14 time - 3 epoch, Training loss : 0.48744410276412964 / NS : Val AP : 0.8020820617675781 / AUROC : 0.5859375
14 time - 4 epoch, Training loss : 0.4899292290210724 / NS : Val AP : 0.5817011594772339 / AUROC : 0.291015625
14 time - 5 epoch, Training loss : 0.4957723021507263 / NS : Val AP : 0.8050471544265747 / AUROC : 0.65625
14 time - 6 epoch, Training loss : 0.4842107892036438 / NS : Val AP : 0.7890856266021729 / AUROC : 0.642578125
14 time - 7 epoch, Training loss : 0.5055863857269287 / NS : Val AP : 0.8574850559234619 / AUROC : 0.7124183006535948
14 time - 8 epoch, Training loss : 0.47964200377464294 / NS : Val AP : 0.7700377106666565 / AUROC : 0.529296875
14 time - 9 epoch, Training loss : 0.49322131276130676 / NS : Val AP : 0.8793294429779053 / AUROC : 0.732421875
14 time - 10 epoch, Training loss : 0.4620983600616455 / NS : Val AP : 0.8683058023452759 / AUROC : 0.732421875
14 time - 11 epoch, Training loss : 0.5167296528816223 / NS : Val AP : 0.7466176152229309 / AUROC : 0.5
14 time - 12 epoch, Training loss : 0.4919535219669342 / NS : Val AP : 0.8266607522964478 / AUROC : 0.650390625
14 time - 13 epoch, Training loss : 0.4830057621002197 / NS : Val AP : 0.8356044888496399 / AUROC : 0.650390625
14 time - 14 epoch, Training loss : 0.5030063390731812 / NS : Val AP : 0.8299429416656494 / AUROC : 0.6535947712418301
14 time - 15 epoch, Training loss : 0.48178207874298096 / NS : Val AP : 0.8839946389198303 / AUROC : 0.736328125
14 time - 16 epoch, Training loss : 0.4939326345920563 / NS : Val AP : 0.8545731902122498 / AUROC : 0.71484375
14 time - 17 epoch, Training loss : 0.4876856803894043 / NS : Val AP : 0.821178674697876 / AUROC : 0.650390625
14 time - 18 epoch, Training loss : 0.5059770345687866 / NS : Val AP : 0.8510916233062744 / AUROC : 0.7421875
14 time - 19 epoch, Training loss : 0.4889658987522125 / NS : Val AP : 0.7435320019721985 / AUROC : 0.521484375
14 time - 20 epoch, Training loss : 0.521100640296936 / NS : Val AP : 0.8925884962081909 / AUROC : 0.76171875
14 time - 21 epoch, Training loss : 0.48360100388526917 / NS : Val AP : 0.7417113184928894 / AUROC : 0.5163398692810457
14 time - 22 epoch, Training loss : 0.4894756078720093 / NS : Val AP : 0.8204729557037354 / AUROC : 0.634765625
14 time - 23 epoch, Training loss : 0.4965633749961853 / NS : Val AP : 0.8163422346115112 / AUROC : 0.587890625
14 time - 24 epoch, Training loss : 0.5074872970581055 / NS : Val AP : 0.7659428119659424 / AUROC : 0.51953125
14 time - 25 epoch, Training loss : 0.5013130307197571 / NS : Val AP : 0.7247858047485352 / AUROC : 0.5546875
14 time - 26 epoch, Training loss : 0.47991931438446045 / NS : Val AP : 0.8270256519317627 / AUROC : 0.630859375
14 time - 27 epoch, Training loss : 0.5016283988952637 / NS : Val AP : 0.7988712191581726 / AUROC : 0.662109375
14 time - 28 epoch, Training loss : 0.49836084246635437 / NS : Val AP : 0.8425527215003967 / AUROC : 0.6601307189542484
14 time - 29 epoch, Training loss : 0.5021721720695496 / NS : Val AP : 0.7032117247581482 / AUROC : 0.44140625
14 time - 30 epoch, Training loss : 0.4935298562049866 / NS : Val AP : 0.8311941027641296 / AUROC : 0.6484375
[14 time Val AP : 0.76171875 / AUROC : 0.8925884962081909 ]
[14 time Test AP : 0.5633423180592992 / AUROC : 0.7774661779403687 ]
15 time - 0 epoch, Training loss : 0.48522961139678955 / NS : Val AP : 0.8132789731025696 / AUROC : 0.6439707149009475
15 time - 1 epoch, Training loss : 0.4990931749343872 / NS : Val AP : 0.8997688889503479 / AUROC : 0.771484375
15 time - 2 epoch, Training loss : 0.4825771749019623 / NS : Val AP : 0.7796478271484375 / AUROC : 0.634765625
15 time - 3 epoch, Training loss : 0.4903047978878021 / NS : Val AP : 0.8221853375434875 / AUROC : 0.640625
15 time - 4 epoch, Training loss : 0.4813345968723297 / NS : Val AP : 0.7770923972129822 / AUROC : 0.5703125
15 time - 5 epoch, Training loss : 0.49242255091667175 / NS : Val AP : 0.8727706074714661 / AUROC : 0.716796875
15 time - 6 epoch, Training loss : 0.48246657848358154 / NS : Val AP : 0.8295230269432068 / AUROC : 0.634765625
15 time - 7 epoch, Training loss : 0.4820254147052765 / NS : Val AP : 0.8330320119857788 / AUROC : 0.6956521739130435
15 time - 8 epoch, Training loss : 0.49341732263565063 / NS : Val AP : 0.7963758111000061 / AUROC : 0.58203125
15 time - 9 epoch, Training loss : 0.5004976987838745 / NS : Val AP : 0.8344587683677673 / AUROC : 0.693359375
15 time - 10 epoch, Training loss : 0.48736241459846497 / NS : Val AP : 0.7980607151985168 / AUROC : 0.603515625
15 time - 11 epoch, Training loss : 0.4788242280483246 / NS : Val AP : 0.8091793656349182 / AUROC : 0.62890625
[15 time Val AP : 0.771484375 / AUROC : 0.8997688889503479 ]
[15 time Test AP : 0.6030521262002744 / AUROC : 0.7767159938812256 ]
16 time - 0 epoch, Training loss : 0.49652621150016785 / NS : Val AP : 0.8369555473327637 / AUROC : 0.6995013850415512
16 time - 1 epoch, Training loss : 0.49814024567604065 / NS : Val AP : 0.7928287386894226 / AUROC : 0.630859375
16 time - 2 epoch, Training loss : 0.5038169622421265 / NS : Val AP : 0.8989992737770081 / AUROC : 0.814453125
16 time - 3 epoch, Training loss : 0.4839556813240051 / NS : Val AP : 0.7918304800987244 / AUROC : 0.59765625
16 time - 4 epoch, Training loss : 0.4882931113243103 / NS : Val AP : 0.7497655153274536 / AUROC : 0.5546875
16 time - 5 epoch, Training loss : 0.49161297082901 / NS : Val AP : 0.784000039100647 / AUROC : 0.62890625
16 time - 6 epoch, Training loss : 0.47651225328445435 / NS : Val AP : 0.6882463693618774 / AUROC : 0.52
16 time - 7 epoch, Training loss : 0.49096715450286865 / NS : Val AP : 0.8010929226875305 / AUROC : 0.677734375
16 time - 8 epoch, Training loss : 0.4708491563796997 / NS : Val AP : 0.7979477643966675 / AUROC : 0.65234375
16 time - 9 epoch, Training loss : 0.4988820254802704 / NS : Val AP : 0.7964583039283752 / AUROC : 0.63671875
16 time - 10 epoch, Training loss : 0.5003122091293335 / NS : Val AP : 0.7179505825042725 / AUROC : 0.48828125
16 time - 11 epoch, Training loss : 0.47878214716911316 / NS : Val AP : 0.7832044959068298 / AUROC : 0.62109375
16 time - 12 epoch, Training loss : 0.4622545540332794 / NS : Val AP : 0.7809453010559082 / AUROC : 0.6555555555555557
[16 time Val AP : 0.814453125 / AUROC : 0.8989992737770081 ]
[16 time Test AP : 0.7098684210526315 / AUROC : 0.8350291848182678 ]
17 time - 0 epoch, Training loss : 0.49424082040786743 / NS : Val AP : 0.8215079307556152 / AUROC : 0.6486934673366833
17 time - 1 epoch, Training loss : 0.48043352365493774 / NS : Val AP : 0.7179272770881653 / AUROC : 0.474609375
17 time - 2 epoch, Training loss : 0.5096275806427002 / NS : Val AP : 0.7225603461265564 / AUROC : 0.484375
17 time - 3 epoch, Training loss : 0.5082322359085083 / NS : Val AP : 0.8585444092750549 / AUROC : 0.7109375
17 time - 4 epoch, Training loss : 0.4838390350341797 / NS : Val AP : 0.8840970396995544 / AUROC : 0.763671875
17 time - 5 epoch, Training loss : 0.49394112825393677 / NS : Val AP : 0.8388521671295166 / AUROC : 0.73828125
17 time - 6 epoch, Training loss : 0.48431020975112915 / NS : Val AP : 0.8240904211997986 / AUROC : 0.65625
17 time - 7 epoch, Training loss : 0.494527667760849 / NS : Val AP : 0.8596165180206299 / AUROC : 0.6785714285714286
17 time - 8 epoch, Training loss : 0.494041383266449 / NS : Val AP : 0.8628614544868469 / AUROC : 0.72265625
17 time - 9 epoch, Training loss : 0.4712448716163635 / NS : Val AP : 0.8425565958023071 / AUROC : 0.732421875
17 time - 10 epoch, Training loss : 0.46687114238739014 / NS : Val AP : 0.785873293876648 / AUROC : 0.609375
17 time - 11 epoch, Training loss : 0.4983918070793152 / NS : Val AP : 0.7401762008666992 / AUROC : 0.552734375
17 time - 12 epoch, Training loss : 0.487060010433197 / NS : Val AP : 0.7856418490409851 / AUROC : 0.67578125
17 time - 13 epoch, Training loss : 0.4930769205093384 / NS : Val AP : 0.8051286935806274 / AUROC : 0.666015625
17 time - 14 epoch, Training loss : 0.505083441734314 / NS : Val AP : 0.8857143521308899 / AUROC : 0.75
[17 time Val AP : 0.763671875 / AUROC : 0.8840970396995544 ]
[17 time Test AP : 0.6344 / AUROC : 0.8120443820953369 ]
18 time - 0 epoch, Training loss : 0.4906467795372009 / NS : Val AP : 0.80340975522995 / AUROC : 0.6510133465150767
18 time - 1 epoch, Training loss : 0.4907894432544708 / NS : Val AP : 0.7247702479362488 / AUROC : 0.5859375
18 time - 2 epoch, Training loss : 0.4942983388900757 / NS : Val AP : 0.7977709770202637 / AUROC : 0.634765625
18 time - 3 epoch, Training loss : 0.5057458877563477 / NS : Val AP : 0.8648995161056519 / AUROC : 0.73046875
18 time - 4 epoch, Training loss : 0.4841561019420624 / NS : Val AP : 0.8556234836578369 / AUROC : 0.703125
18 time - 5 epoch, Training loss : 0.4851299822330475 / NS : Val AP : 0.8364714980125427 / AUROC : 0.7265625
18 time - 6 epoch, Training loss : 0.4971126317977905 / NS : Val AP : 0.8427050113677979 / AUROC : 0.662109375
18 time - 7 epoch, Training loss : 0.4830382466316223 / NS : Val AP : 0.8295110464096069 / AUROC : 0.69921875
18 time - 8 epoch, Training loss : 0.479711651802063 / NS : Val AP : 0.8788429498672485 / AUROC : 0.7040816326530612
18 time - 9 epoch, Training loss : 0.4947907626628876 / NS : Val AP : 0.8458260893821716 / AUROC : 0.7265625
18 time - 10 epoch, Training loss : 0.47084879875183105 / NS : Val AP : 0.7472031116485596 / AUROC : 0.548828125
18 time - 11 epoch, Training loss : 0.5037953853607178 / NS : Val AP : 0.745311439037323 / AUROC : 0.54296875
18 time - 12 epoch, Training loss : 0.506548285484314 / NS : Val AP : 0.8060673475265503 / AUROC : 0.658203125
18 time - 13 epoch, Training loss : 0.4862009584903717 / NS : Val AP : 0.8901606798171997 / AUROC : 0.78515625
18 time - 14 epoch, Training loss : 0.5077937245368958 / NS : Val AP : 0.8188886046409607 / AUROC : 0.58203125
18 time - 15 epoch, Training loss : 0.4824422001838684 / NS : Val AP : 0.7525437474250793 / AUROC : 0.55859375
18 time - 16 epoch, Training loss : 0.4852704405784607 / NS : Val AP : 0.8290018439292908 / AUROC : 0.7346938775510203
18 time - 17 epoch, Training loss : 0.4825999438762665 / NS : Val AP : 0.7924134731292725 / AUROC : 0.625
18 time - 18 epoch, Training loss : 0.5007741451263428 / NS : Val AP : 0.7208147644996643 / AUROC : 0.515625
18 time - 19 epoch, Training loss : 0.49387744069099426 / NS : Val AP : 0.8343921303749084 / AUROC : 0.666015625
18 time - 20 epoch, Training loss : 0.49904879927635193 / NS : Val AP : 0.8878526091575623 / AUROC : 0.763671875
18 time - 21 epoch, Training loss : 0.491308331489563 / NS : Val AP : 0.7780658602714539 / AUROC : 0.58203125
18 time - 22 epoch, Training loss : 0.482878714799881 / NS : Val AP : 0.7248730659484863 / AUROC : 0.447265625
18 time - 23 epoch, Training loss : 0.4800584316253662 / NS : Val AP : 0.7774360179901123 / AUROC : 0.560546875
[18 time Val AP : 0.78515625 / AUROC : 0.8901606798171997 ]
[18 time Test AP : 0.6871148459383754 / AUROC : 0.8268715739250183 ]
19 time - 0 epoch, Training loss : 0.50993812084198 / NS : Val AP : 0.8289947509765625 / AUROC : 0.6895670754366406
19 time - 1 epoch, Training loss : 0.477523535490036 / NS : Val AP : 0.9022828340530396 / AUROC : 0.8046875
19 time - 2 epoch, Training loss : 0.4796088933944702 / NS : Val AP : 0.7313058376312256 / AUROC : 0.546875
19 time - 3 epoch, Training loss : 0.48990771174430847 / NS : Val AP : 0.8006488084793091 / AUROC : 0.69140625
19 time - 4 epoch, Training loss : 0.49840113520622253 / NS : Val AP : 0.8310104608535767 / AUROC : 0.662109375
19 time - 5 epoch, Training loss : 0.46988826990127563 / NS : Val AP : 0.8466514348983765 / AUROC : 0.705078125
19 time - 6 epoch, Training loss : 0.48800092935562134 / NS : Val AP : 0.8089330196380615 / AUROC : 0.603515625
19 time - 7 epoch, Training loss : 0.5093833208084106 / NS : Val AP : 0.815727949142456 / AUROC : 0.65
19 time - 8 epoch, Training loss : 0.4909071922302246 / NS : Val AP : 0.8409102559089661 / AUROC : 0.64453125
19 time - 9 epoch, Training loss : 0.48892587423324585 / NS : Val AP : 0.7982161045074463 / AUROC : 0.65625
19 time - 10 epoch, Training loss : 0.4785378575325012 / NS : Val AP : 0.781955897808075 / AUROC : 0.619140625
19 time - 11 epoch, Training loss : 0.49811527132987976 / NS : Val AP : 0.823531985282898 / AUROC : 0.630859375
[19 time Val AP : 0.8046875 / AUROC : 0.9022828340530396 ]
[19 time Test AP : 0.7300295857988165 / AUROC : 0.8271716237068176 ]
20 time - 0 epoch, Training loss : 0.49197161197662354 / NS : Val AP : 0.8339565396308899 / AUROC : 0.6791515865667873
20 time - 1 epoch, Training loss : 0.49738436937332153 / NS : Val AP : 0.8558192849159241 / AUROC : 0.69921875
20 time - 2 epoch, Training loss : 0.49895620346069336 / NS : Val AP : 0.8578398823738098 / AUROC : 0.705078125
20 time - 3 epoch, Training loss : 0.4964405298233032 / NS : Val AP : 0.8309327363967896 / AUROC : 0.65234375
20 time - 4 epoch, Training loss : 0.4955998659133911 / NS : Val AP : 0.8203721642494202 / AUROC : 0.59765625
20 time - 5 epoch, Training loss : 0.5084903240203857 / NS : Val AP : 0.8448258638381958 / AUROC : 0.6953125
20 time - 6 epoch, Training loss : 0.4858109951019287 / NS : Val AP : 0.8125633001327515 / AUROC : 0.6171875
20 time - 7 epoch, Training loss : 0.4843740463256836 / NS : Val AP : 0.8637816309928894 / AUROC : 0.727810650887574
20 time - 8 epoch, Training loss : 0.4894109070301056 / NS : Val AP : 0.7129057049751282 / AUROC : 0.548828125
20 time - 9 epoch, Training loss : 0.488797664642334 / NS : Val AP : 0.822321891784668 / AUROC : 0.654296875
20 time - 10 epoch, Training loss : 0.4730147421360016 / NS : Val AP : 0.8101271986961365 / AUROC : 0.58984375
20 time - 11 epoch, Training loss : 0.4809030294418335 / NS : Val AP : 0.9231882095336914 / AUROC : 0.849609375
20 time - 12 epoch, Training loss : 0.486505925655365 / NS : Val AP : 0.7484153509140015 / AUROC : 0.484375
20 time - 13 epoch, Training loss : 0.46993544697761536 / NS : Val AP : 0.7990775108337402 / AUROC : 0.599609375
20 time - 14 epoch, Training loss : 0.4935494661331177 / NS : Val AP : 0.9074252843856812 / AUROC : 0.7781065088757396
20 time - 15 epoch, Training loss : 0.4819602966308594 / NS : Val AP : 0.8438161611557007 / AUROC : 0.638671875
20 time - 16 epoch, Training loss : 0.4899788200855255 / NS : Val AP : 0.7882102727890015 / AUROC : 0.61328125
20 time - 17 epoch, Training loss : 0.4994368553161621 / NS : Val AP : 0.8096501231193542 / AUROC : 0.630859375
20 time - 18 epoch, Training loss : 0.496048241853714 / NS : Val AP : 0.7638124823570251 / AUROC : 0.544921875
20 time - 19 epoch, Training loss : 0.49024447798728943 / NS : Val AP : 0.8180515170097351 / AUROC : 0.658203125
20 time - 20 epoch, Training loss : 0.5012294054031372 / NS : Val AP : 0.9277909398078918 / AUROC : 0.830078125
20 time - 21 epoch, Training loss : 0.47417542338371277 / NS : Val AP : 0.7354893684387207 / AUROC : 0.6153846153846154
[20 time Val AP : 0.849609375 / AUROC : 0.9231882095336914 ]
[20 time Test AP : 0.6653878231859883 / AUROC : 0.8298654556274414 ]
21 time - 0 epoch, Training loss : 0.5236631631851196 / NS : Val AP : 0.8209226131439209 / AUROC : 0.6834534499054821
21 time - 1 epoch, Training loss : 0.4864036440849304 / NS : Val AP : 0.8413367867469788 / AUROC : 0.66796875
21 time - 2 epoch, Training loss : 0.4869857728481293 / NS : Val AP : 0.7834174633026123 / AUROC : 0.58984375
21 time - 3 epoch, Training loss : 0.48106393218040466 / NS : Val AP : 0.7923383712768555 / AUROC : 0.669921875
21 time - 4 epoch, Training loss : 0.4797752797603607 / NS : Val AP : 0.8224656581878662 / AUROC : 0.658203125
21 time - 5 epoch, Training loss : 0.4754503071308136 / NS : Val AP : 0.860460102558136 / AUROC : 0.68359375
21 time - 6 epoch, Training loss : 0.4909361004829407 / NS : Val AP : 0.8181477189064026 / AUROC : 0.767578125
21 time - 7 epoch, Training loss : 0.4873603880405426 / NS : Val AP : 0.8637140989303589 / AUROC : 0.71484375
21 time - 8 epoch, Training loss : 0.4812726676464081 / NS : Val AP : 0.8575280904769897 / AUROC : 0.73046875
21 time - 9 epoch, Training loss : 0.49161359667778015 / NS : Val AP : 0.7951536774635315 / AUROC : 0.58203125
21 time - 10 epoch, Training loss : 0.46695876121520996 / NS : Val AP : 0.8765915632247925 / AUROC : 0.775390625
21 time - 11 epoch, Training loss : 0.5044300556182861 / NS : Val AP : 0.8077964186668396 / AUROC : 0.615234375
21 time - 12 epoch, Training loss : 0.4924887418746948 / NS : Val AP : 0.8105200529098511 / AUROC : 0.59375
21 time - 13 epoch, Training loss : 0.4786738157272339 / NS : Val AP : 0.7650941014289856 / AUROC : 0.62109375
21 time - 14 epoch, Training loss : 0.48806285858154297 / NS : Val AP : 0.8820608258247375 / AUROC : 0.716796875
21 time - 15 epoch, Training loss : 0.4918097257614136 / NS : Val AP : 0.9306129813194275 / AUROC : 0.84375
21 time - 16 epoch, Training loss : 0.49719494581222534 / NS : Val AP : 0.7842885851860046 / AUROC : 0.591796875
21 time - 17 epoch, Training loss : 0.49571681022644043 / NS : Val AP : 0.8248418569564819 / AUROC : 0.640625
21 time - 18 epoch, Training loss : 0.4974213242530823 / NS : Val AP : 0.8202998638153076 / AUROC : 0.669921875
21 time - 19 epoch, Training loss : 0.48190736770629883 / NS : Val AP : 0.8786394596099854 / AUROC : 0.748046875
21 time - 20 epoch, Training loss : 0.4806762933731079 / NS : Val AP : 0.8509392738342285 / AUROC : 0.70703125
21 time - 21 epoch, Training loss : 0.47039246559143066 / NS : Val AP : 0.8040295839309692 / AUROC : 0.623046875
21 time - 22 epoch, Training loss : 0.4687933325767517 / NS : Val AP : 0.8002105951309204 / AUROC : 0.619140625
21 time - 23 epoch, Training loss : 0.4865923821926117 / NS : Val AP : 0.857555091381073 / AUROC : 0.69140625
21 time - 24 epoch, Training loss : 0.49302083253860474 / NS : Val AP : 0.9072301983833313 / AUROC : 0.8125
21 time - 25 epoch, Training loss : 0.48967429995536804 / NS : Val AP : 0.828023374080658 / AUROC : 0.646484375
[21 time Val AP : 0.84375 / AUROC : 0.9306129813194275 ]
[21 time Test AP : 0.5554702268431002 / AUROC : 0.74517422914505 ]
22 time - 0 epoch, Training loss : 0.48918893933296204 / NS : Val AP : 0.8073388934135437 / AUROC : 0.656103782295041
22 time - 1 epoch, Training loss : 0.4921049177646637 / NS : Val AP : 0.8536392450332642 / AUROC : 0.716796875
22 time - 2 epoch, Training loss : 0.4529787600040436 / NS : Val AP : 0.7568807601928711 / AUROC : 0.55859375
22 time - 3 epoch, Training loss : 0.49067744612693787 / NS : Val AP : 0.7930442690849304 / AUROC : 0.68359375
22 time - 4 epoch, Training loss : 0.479678750038147 / NS : Val AP : 0.8386439681053162 / AUROC : 0.673828125
22 time - 5 epoch, Training loss : 0.47618749737739563 / NS : Val AP : 0.8771659135818481 / AUROC : 0.755859375
22 time - 6 epoch, Training loss : 0.5078648328781128 / NS : Val AP : 0.7579925656318665 / AUROC : 0.640625
22 time - 7 epoch, Training loss : 0.504188597202301 / NS : Val AP : 0.7566233277320862 / AUROC : 0.56640625
22 time - 8 epoch, Training loss : 0.4995156526565552 / NS : Val AP : 0.720589816570282 / AUROC : 0.51953125
22 time - 9 epoch, Training loss : 0.4898161292076111 / NS : Val AP : 0.8786531090736389 / AUROC : 0.744140625
22 time - 10 epoch, Training loss : 0.47727835178375244 / NS : Val AP : 0.7911726832389832 / AUROC : 0.603515625
22 time - 11 epoch, Training loss : 0.517764687538147 / NS : Val AP : 0.8341984748840332 / AUROC : 0.701171875
22 time - 12 epoch, Training loss : 0.4848840832710266 / NS : Val AP : 0.9266667366027832 / AUROC : 0.8666666666666667
22 time - 13 epoch, Training loss : 0.4782426953315735 / NS : Val AP : 0.8051488399505615 / AUROC : 0.65625
22 time - 14 epoch, Training loss : 0.49282366037368774 / NS : Val AP : 0.8518606424331665 / AUROC : 0.703125
22 time - 15 epoch, Training loss : 0.4788892865180969 / NS : Val AP : 0.8274562358856201 / AUROC : 0.666015625
22 time - 16 epoch, Training loss : 0.4856796860694885 / NS : Val AP : 0.8354719281196594 / AUROC : 0.62890625
22 time - 17 epoch, Training loss : 0.4946068227291107 / NS : Val AP : 0.7851690053939819 / AUROC : 0.6328125
22 time - 18 epoch, Training loss : 0.48945075273513794 / NS : Val AP : 0.8097282648086548 / AUROC : 0.66796875
22 time - 19 epoch, Training loss : 0.48577868938446045 / NS : Val AP : 0.6747979521751404 / AUROC : 0.4375
22 time - 20 epoch, Training loss : 0.4902538061141968 / NS : Val AP : 0.8632372617721558 / AUROC : 0.734375
22 time - 21 epoch, Training loss : 0.49157994985580444 / NS : Val AP : 0.6895897388458252 / AUROC : 0.517578125
22 time - 22 epoch, Training loss : 0.4623416066169739 / NS : Val AP : 0.831538200378418 / AUROC : 0.630859375
[22 time Val AP : 0.8666666666666667 / AUROC : 0.9266667366027832 ]
[22 time Test AP : 0.6418373680943513 / AUROC : 0.8095372915267944 ]
23 time - 0 epoch, Training loss : 0.5070376992225647 / NS : Val AP : 0.8081610202789307 / AUROC : 0.6439100847171795
23 time - 1 epoch, Training loss : 0.4977206885814667 / NS : Val AP : 0.8938028812408447 / AUROC : 0.759765625
23 time - 2 epoch, Training loss : 0.4865584671497345 / NS : Val AP : 0.8964182734489441 / AUROC : 0.787109375
23 time - 3 epoch, Training loss : 0.48854637145996094 / NS : Val AP : 0.821626603603363 / AUROC : 0.73828125
23 time - 4 epoch, Training loss : 0.4800192415714264 / NS : Val AP : 0.8769177794456482 / AUROC : 0.751953125
23 time - 5 epoch, Training loss : 0.49936506152153015 / NS : Val AP : 0.8970731496810913 / AUROC : 0.853515625
23 time - 6 epoch, Training loss : 0.47176727652549744 / NS : Val AP : 0.8586812019348145 / AUROC : 0.697265625
23 time - 7 epoch, Training loss : 0.48065412044525146 / NS : Val AP : 0.8269392251968384 / AUROC : 0.724609375
23 time - 8 epoch, Training loss : 0.48477861285209656 / NS : Val AP : 0.888057291507721 / AUROC : 0.802734375
23 time - 9 epoch, Training loss : 0.4775099754333496 / NS : Val AP : 0.855663537979126 / AUROC : 0.767578125
23 time - 10 epoch, Training loss : 0.482870489358902 / NS : Val AP : 0.8738157153129578 / AUROC : 0.7471264367816093
23 time - 11 epoch, Training loss : 0.46960577368736267 / NS : Val AP : 0.9121381044387817 / AUROC : 0.830078125
23 time - 12 epoch, Training loss : 0.506860077381134 / NS : Val AP : 0.8277794718742371 / AUROC : 0.6640625
23 time - 13 epoch, Training loss : 0.49202972650527954 / NS : Val AP : 0.8251723051071167 / AUROC : 0.67578125
23 time - 14 epoch, Training loss : 0.47994086146354675 / NS : Val AP : 0.8756870627403259 / AUROC : 0.71875
23 time - 15 epoch, Training loss : 0.48322904109954834 / NS : Val AP : 0.750389575958252 / AUROC : 0.48828125
[23 time Val AP : 0.853515625 / AUROC : 0.8970731496810913 ]
[23 time Test AP : 0.7184748427672956 / AUROC : 0.8395318984985352 ]
24 time - 0 epoch, Training loss : 0.46915075182914734 / NS : Val AP : 0.800848662853241 / AUROC : 0.6779831025037615
24 time - 1 epoch, Training loss : 0.48512619733810425 / NS : Val AP : 0.7994961142539978 / AUROC : 0.671875
24 time - 2 epoch, Training loss : 0.4740295112133026 / NS : Val AP : 0.8021225333213806 / AUROC : 0.68359375
24 time - 3 epoch, Training loss : 0.4903937876224518 / NS : Val AP : 0.7375177145004272 / AUROC : 0.552734375
24 time - 4 epoch, Training loss : 0.4734293222427368 / NS : Val AP : 0.854759693145752 / AUROC : 0.7109375
24 time - 5 epoch, Training loss : 0.5010747313499451 / NS : Val AP : 0.8379856944084167 / AUROC : 0.63671875
24 time - 6 epoch, Training loss : 0.5036184191703796 / NS : Val AP : 0.7922555208206177 / AUROC : 0.685546875
24 time - 7 epoch, Training loss : 0.4756696820259094 / NS : Val AP : 0.8276095986366272 / AUROC : 0.6953125
24 time - 8 epoch, Training loss : 0.4923306107521057 / NS : Val AP : 0.7270262837409973 / AUROC : 0.623046875
24 time - 9 epoch, Training loss : 0.48744481801986694 / NS : Val AP : 0.9202175140380859 / AUROC : 0.806640625
24 time - 10 epoch, Training loss : 0.4972347915172577 / NS : Val AP : 0.7920351624488831 / AUROC : 0.638671875
24 time - 11 epoch, Training loss : 0.4957365095615387 / NS : Val AP : 0.5833333730697632 / AUROC : 0.0
24 time - 12 epoch, Training loss : 0.47717922925949097 / NS : Val AP : 0.7330015897750854 / AUROC : 0.607421875
24 time - 13 epoch, Training loss : 0.4945005476474762 / NS : Val AP : 0.8584071397781372 / AUROC : 0.6796875
24 time - 14 epoch, Training loss : 0.48016124963760376 / NS : Val AP : 0.9039555788040161 / AUROC : 0.76953125
24 time - 15 epoch, Training loss : 0.4819009304046631 / NS : Val AP : 0.7644910216331482 / AUROC : 0.60546875
24 time - 16 epoch, Training loss : 0.4711052477359772 / NS : Val AP : 0.9170650839805603 / AUROC : 0.796875
24 time - 17 epoch, Training loss : 0.4684180021286011 / NS : Val AP : 0.8126730918884277 / AUROC : 0.65234375
24 time - 18 epoch, Training loss : 0.48674318194389343 / NS : Val AP : 0.7460600137710571 / AUROC : 0.59765625
24 time - 19 epoch, Training loss : 0.48387444019317627 / NS : Val AP : 0.8663402199745178 / AUROC : 0.736328125
[24 time Val AP : 0.806640625 / AUROC : 0.9202175140380859 ]
[24 time Test AP : 0.6620657925005751 / AUROC : 0.7739702463150024 ]
25 time - 0 epoch, Training loss : 0.4601843059062958 / NS : Val AP : 0.8040121793746948 / AUROC : 0.6556444444444444
25 time - 1 epoch, Training loss : 0.48371970653533936 / NS : Val AP : 0.7914589643478394 / AUROC : 0.583984375
25 time - 2 epoch, Training loss : 0.47920888662338257 / NS : Val AP : 0.837066113948822 / AUROC : 0.685546875
25 time - 3 epoch, Training loss : 0.4776275157928467 / NS : Val AP : 0.8093249797821045 / AUROC : 0.697265625
25 time - 4 epoch, Training loss : 0.47963887453079224 / NS : Val AP : 0.8924950957298279 / AUROC : 0.759765625
25 time - 5 epoch, Training loss : 0.4793103337287903 / NS : Val AP : 0.7962587475776672 / AUROC : 0.646484375
25 time - 6 epoch, Training loss : 0.4950190782546997 / NS : Val AP : 0.9087468981742859 / AUROC : 0.791015625
25 time - 7 epoch, Training loss : 0.4666537046432495 / NS : Val AP : 0.8911288380622864 / AUROC : 0.767578125
25 time - 8 epoch, Training loss : 0.500633955001831 / NS : Val AP : 0.8439714312553406 / AUROC : 0.73046875
25 time - 9 epoch, Training loss : 0.48545029759407043 / NS : Val AP : 0.8454297780990601 / AUROC : 0.708984375
25 time - 10 epoch, Training loss : 0.49602559208869934 / NS : Val AP : 0.9735750555992126 / AUROC : 0.9444444444444445
25 time - 11 epoch, Training loss : 0.4902666509151459 / NS : Val AP : 0.8902445435523987 / AUROC : 0.76171875
25 time - 12 epoch, Training loss : 0.4920787215232849 / NS : Val AP : 0.8169628381729126 / AUROC : 0.650390625
25 time - 13 epoch, Training loss : 0.4718264937400818 / NS : Val AP : 0.7890912890434265 / AUROC : 0.677734375
25 time - 14 epoch, Training loss : 0.48136648535728455 / NS : Val AP : 0.7742832899093628 / AUROC : 0.609375
25 time - 15 epoch, Training loss : 0.479389488697052 / NS : Val AP : 0.7311541438102722 / AUROC : 0.48046875
25 time - 16 epoch, Training loss : 0.49439918994903564 / NS : Val AP : 0.907392144203186 / AUROC : 0.794921875
25 time - 17 epoch, Training loss : 0.4857775568962097 / NS : Val AP : 0.8088411092758179 / AUROC : 0.626953125
25 time - 18 epoch, Training loss : 0.47338739037513733 / NS : Val AP : 0.8536454439163208 / AUROC : 0.724609375
25 time - 19 epoch, Training loss : 0.4727485775947571 / NS : Val AP : 0.8629331588745117 / AUROC : 0.701171875
25 time - 20 epoch, Training loss : 0.47620242834091187 / NS : Val AP : 0.9361110329627991 / AUROC : 0.8333333333333334
[25 time Val AP : 0.9444444444444445 / AUROC : 0.9735750555992126 ]
[25 time Test AP : 0.7324444444444445 / AUROC : 0.8628385066986084 ]
26 time - 0 epoch, Training loss : 0.46425575017929077 / NS : Val AP : 0.8533896207809448 / AUROC : 0.7587952359138799
26 time - 1 epoch, Training loss : 0.45665788650512695 / NS : Val AP : 0.8381262421607971 / AUROC : 0.666015625
26 time - 2 epoch, Training loss : 0.4622266888618469 / NS : Val AP : 0.8896337747573853 / AUROC : 0.798828125
26 time - 3 epoch, Training loss : 0.4614109396934509 / NS : Val AP : 0.849886417388916 / AUROC : 0.73046875
26 time - 4 epoch, Training loss : 0.4756302833557129 / NS : Val AP : 0.8215388655662537 / AUROC : 0.6796875
26 time - 5 epoch, Training loss : 0.46725374460220337 / NS : Val AP : 0.809816300868988 / AUROC : 0.681640625
26 time - 6 epoch, Training loss : 0.47678619623184204 / NS : Val AP : 0.8444803953170776 / AUROC : 0.75
26 time - 7 epoch, Training loss : 0.5004411339759827 / NS : Val AP : 0.742998480796814 / AUROC : 0.603515625
26 time - 8 epoch, Training loss : 0.4647507071495056 / NS : Val AP : 0.7667126655578613 / AUROC : 0.638671875
26 time - 9 epoch, Training loss : 0.48377323150634766 / NS : Val AP : 0.8109453320503235 / AUROC : 0.609375
26 time - 10 epoch, Training loss : 0.47137758135795593 / NS : Val AP : 0.5559884905815125 / AUROC : 0.25
26 time - 11 epoch, Training loss : 0.48423317074775696 / NS : Val AP : 0.7670440077781677 / AUROC : 0.591796875
26 time - 12 epoch, Training loss : 0.4940842390060425 / NS : Val AP : 0.905422568321228 / AUROC : 0.791015625
[26 time Val AP : 0.798828125 / AUROC : 0.8896337747573853 ]
[26 time Test AP : 0.702154857560263 / AUROC : 0.8113691806793213 ]
27 time - 0 epoch, Training loss : 0.5030385255813599 / NS : Val AP : 0.8426066637039185 / AUROC : 0.6900402816083611
27 time - 1 epoch, Training loss : 0.4962191581726074 / NS : Val AP : 0.7520115375518799 / AUROC : 0.51171875
27 time - 2 epoch, Training loss : 0.4871118664741516 / NS : Val AP : 0.9355736374855042 / AUROC : 0.888671875
27 time - 3 epoch, Training loss : 0.4805685877799988 / NS : Val AP : 0.7910075187683105 / AUROC : 0.650390625
27 time - 4 epoch, Training loss : 0.484870970249176 / NS : Val AP : 0.8192919492721558 / AUROC : 0.67578125
27 time - 5 epoch, Training loss : 0.45818257331848145 / NS : Val AP : 0.8601820468902588 / AUROC : 0.71484375
27 time - 6 epoch, Training loss : 0.48204800486564636 / NS : Val AP : 0.8382841348648071 / AUROC : 0.6796875
27 time - 7 epoch, Training loss : 0.4830479621887207 / NS : Val AP : 0.9087571501731873 / AUROC : 0.802734375
27 time - 8 epoch, Training loss : 0.4909742772579193 / NS : Val AP : 0.871388852596283 / AUROC : 0.76171875
27 time - 9 epoch, Training loss : 0.48691707849502563 / NS : Val AP : 0.9177386164665222 / AUROC : 0.83203125
27 time - 10 epoch, Training loss : 0.47878772020339966 / NS : Val AP : 0.9033564925193787 / AUROC : 0.763671875
27 time - 11 epoch, Training loss : 0.4788717031478882 / NS : Val AP : 0.8823010921478271 / AUROC : 0.7361111111111112
27 time - 12 epoch, Training loss : 0.4979293644428253 / NS : Val AP : 0.8277535438537598 / AUROC : 0.67578125
[27 time Val AP : 0.888671875 / AUROC : 0.9355736374855042 ]
[27 time Test AP : 0.6986500217738424 / AUROC : 0.8389243483543396 ]
28 time - 0 epoch, Training loss : 0.4748286008834839 / NS : Val AP : 0.8634100556373596 / AUROC : 0.7258232493552866
28 time - 1 epoch, Training loss : 0.4744531512260437 / NS : Val AP : 0.8950818181037903 / AUROC : 0.775390625
28 time - 2 epoch, Training loss : 0.4580393433570862 / NS : Val AP : 0.9166979789733887 / AUROC : 0.8046875
28 time - 3 epoch, Training loss : 0.4981304407119751 / NS : Val AP : 0.7838524580001831 / AUROC : 0.609375
28 time - 4 epoch, Training loss : 0.49077218770980835 / NS : Val AP : 0.9126610159873962 / AUROC : 0.8125
28 time - 5 epoch, Training loss : 0.46663984656333923 / NS : Val AP : 0.8310303092002869 / AUROC : 0.671875
28 time - 6 epoch, Training loss : 0.49161455035209656 / NS : Val AP : 0.8615156412124634 / AUROC : 0.716796875
28 time - 7 epoch, Training loss : 0.47635793685913086 / NS : Val AP : 0.8310351967811584 / AUROC : 0.654296875
28 time - 8 epoch, Training loss : 0.47268253564834595 / NS : Val AP : 0.8137409687042236 / AUROC : 0.578125
28 time - 9 epoch, Training loss : 0.4973151683807373 / NS : Val AP : 0.8649321794509888 / AUROC : 0.6811224489795917
28 time - 10 epoch, Training loss : 0.46413683891296387 / NS : Val AP : 0.8764910697937012 / AUROC : 0.697265625
28 time - 11 epoch, Training loss : 0.5033127069473267 / NS : Val AP : 0.7900118827819824 / AUROC : 0.55078125
28 time - 12 epoch, Training loss : 0.4835410714149475 / NS : Val AP : 0.8992825746536255 / AUROC : 0.794921875
28 time - 13 epoch, Training loss : 0.4702625870704651 / NS : Val AP : 0.8679742217063904 / AUROC : 0.728515625
28 time - 14 epoch, Training loss : 0.4643018841743469 / NS : Val AP : 0.770889401435852 / AUROC : 0.572265625
[28 time Val AP : 0.8125 / AUROC : 0.9126610159873962 ]
[28 time Test AP : 0.6898432850624876 / AUROC : 0.8202172517776489 ]
29 time - 0 epoch, Training loss : 0.486115425825119 / NS : Val AP : 0.8409833908081055 / AUROC : 0.6897267629161199
29 time - 1 epoch, Training loss : 0.4541810154914856 / NS : Val AP : 0.9195276498794556 / AUROC : 0.833984375
29 time - 2 epoch, Training loss : 0.47494322061538696 / NS : Val AP : 0.8049623966217041 / AUROC : 0.59375
29 time - 3 epoch, Training loss : 0.4708805978298187 / NS : Val AP : 0.8075789213180542 / AUROC : 0.6328125
29 time - 4 epoch, Training loss : 0.47299662232398987 / NS : Val AP : 0.7997793555259705 / AUROC : 0.63671875
29 time - 5 epoch, Training loss : 0.47972893714904785 / NS : Val AP : 0.8411230444908142 / AUROC : 0.623046875
29 time - 6 epoch, Training loss : 0.4989466071128845 / NS : Val AP : 0.8963750004768372 / AUROC : 0.775390625
29 time - 7 epoch, Training loss : 0.470068097114563 / NS : Val AP : 0.7564677000045776 / AUROC : 0.560546875
29 time - 8 epoch, Training loss : 0.48527398705482483 / NS : Val AP : 0.747455358505249 / AUROC : 0.583984375
29 time - 9 epoch, Training loss : 0.46885859966278076 / NS : Val AP : 0.7522231936454773 / AUROC : 0.626953125
29 time - 10 epoch, Training loss : 0.4633626341819763 / NS : Val AP : 1.0 / AUROC : 1.0
29 time - 11 epoch, Training loss : 0.4707055389881134 / NS : Val AP : 0.9019007682800293 / AUROC : 0.77734375
29 time - 12 epoch, Training loss : 0.46335774660110474 / NS : Val AP : 0.8945153951644897 / AUROC : 0.7734375
29 time - 13 epoch, Training loss : 0.4681157171726227 / NS : Val AP : 0.8886042237281799 / AUROC : 0.751953125
29 time - 14 epoch, Training loss : 0.48417484760284424 / NS : Val AP : 0.8303317427635193 / AUROC : 0.76953125
29 time - 15 epoch, Training loss : 0.4830867052078247 / NS : Val AP : 0.8601529598236084 / AUROC : 0.67578125
29 time - 16 epoch, Training loss : 0.47876641154289246 / NS : Val AP : 0.9014250040054321 / AUROC : 0.767578125
29 time - 17 epoch, Training loss : 0.4893109202384949 / NS : Val AP : 0.7662879228591919 / AUROC : 0.599609375
29 time - 18 epoch, Training loss : 0.4930609464645386 / NS : Val AP : 0.8878517746925354 / AUROC : 0.744140625
29 time - 19 epoch, Training loss : 0.4924151301383972 / NS : Val AP : 0.8879760503768921 / AUROC : 0.75
29 time - 20 epoch, Training loss : 0.48033779859542847 / NS : Val AP : 0.5 / AUROC : 0.0
[29 time Val AP : 1.0 / AUROC : 1.0 ]
[29 time Test AP : 0.7356636750118092 / AUROC : 0.8500460982322693 ]
30 time - 0 epoch, Training loss : 0.49287909269332886 / NS : Val AP : 0.8399941921234131 / AUROC : 0.7103259364740319
30 time - 1 epoch, Training loss : 0.4944409132003784 / NS : Val AP : 0.8961781859397888 / AUROC : 0.79296875
30 time - 2 epoch, Training loss : 0.4781923294067383 / NS : Val AP : 0.840834379196167 / AUROC : 0.73046875
30 time - 3 epoch, Training loss : 0.47550639510154724 / NS : Val AP : 0.8581609129905701 / AUROC : 0.76171875
30 time - 4 epoch, Training loss : 0.4750620722770691 / NS : Val AP : 0.8851822018623352 / AUROC : 0.802734375
30 time - 5 epoch, Training loss : 0.48778724670410156 / NS : Val AP : 0.8613094091415405 / AUROC : 0.701171875
30 time - 6 epoch, Training loss : 0.46501630544662476 / NS : Val AP : 0.8402270078659058 / AUROC : 0.71875
30 time - 7 epoch, Training loss : 0.47907203435897827 / NS : Val AP : 0.918563961982727 / AUROC : 0.83984375
30 time - 8 epoch, Training loss : 0.4817062318325043 / NS : Val AP : 0.8134657740592957 / AUROC : 0.712890625
30 time - 9 epoch, Training loss : 0.46902740001678467 / NS : Val AP : 0.9031751751899719 / AUROC : 0.787109375
30 time - 10 epoch, Training loss : 0.49384936690330505 / NS : Val AP : 0.8869996070861816 / AUROC : 0.7533333333333333
30 time - 11 epoch, Training loss : 0.47650620341300964 / NS : Val AP : 0.8791266083717346 / AUROC : 0.802734375
30 time - 12 epoch, Training loss : 0.47581014037132263 / NS : Val AP : 0.9481173753738403 / AUROC : 0.880859375
30 time - 13 epoch, Training loss : 0.46376264095306396 / NS : Val AP : 0.8838748335838318 / AUROC : 0.7578125
30 time - 14 epoch, Training loss : 0.46451228857040405 / NS : Val AP : 0.7900475859642029 / AUROC : 0.71875
30 time - 15 epoch, Training loss : 0.4803256392478943 / NS : Val AP : 0.9279575943946838 / AUROC : 0.83984375
30 time - 16 epoch, Training loss : 0.4786076545715332 / NS : Val AP : 0.8960440158843994 / AUROC : 0.7890625
30 time - 17 epoch, Training loss : 0.46366995573043823 / NS : Val AP : 0.829185962677002 / AUROC : 0.669921875
30 time - 18 epoch, Training loss : 0.48343485593795776 / NS : Val AP : 0.8697504997253418 / AUROC : 0.73828125
30 time - 19 epoch, Training loss : 0.45407071709632874 / NS : Val AP : 0.9177649021148682 / AUROC : 0.8203125
30 time - 20 epoch, Training loss : 0.47342637181282043 / NS : Val AP : 0.9401534199714661 / AUROC : 0.8800000000000001
30 time - 21 epoch, Training loss : 0.4659411907196045 / NS : Val AP : 0.8791284561157227 / AUROC : 0.734375
30 time - 22 epoch, Training loss : 0.44158029556274414 / NS : Val AP : 0.9167727828025818 / AUROC : 0.8125
[30 time Val AP : 0.880859375 / AUROC : 0.9481173753738403 ]
[30 time Test AP : 0.7061320754716981 / AUROC : 0.8377750515937805 ]
31 time - 0 epoch, Training loss : 0.4885370433330536 / NS : Val AP : 0.8470253348350525 / AUROC : 0.7044120707596253
31 time - 1 epoch, Training loss : 0.46208375692367554 / NS : Val AP : 0.9187755584716797 / AUROC : 0.837890625
31 time - 2 epoch, Training loss : 0.4863063097000122 / NS : Val AP : 0.8015121817588806 / AUROC : 0.677734375
31 time - 3 epoch, Training loss : 0.4839240610599518 / NS : Val AP : 0.7725260257720947 / AUROC : 0.541015625
31 time - 4 epoch, Training loss : 0.4979718029499054 / NS : Val AP : 0.8517295122146606 / AUROC : 0.681640625
31 time - 5 epoch, Training loss : 0.4523268938064575 / NS : Val AP : 0.8735748529434204 / AUROC : 0.74609375
31 time - 6 epoch, Training loss : 0.46437209844589233 / NS : Val AP : 0.8747171759605408 / AUROC : 0.728515625
31 time - 7 epoch, Training loss : 0.48188334703445435 / NS : Val AP : 0.7616520524024963 / AUROC : 0.611328125
31 time - 8 epoch, Training loss : 0.46250882744789124 / NS : Val AP : 0.8722198009490967 / AUROC : 0.71875
31 time - 9 epoch, Training loss : 0.46836286783218384 / NS : Val AP : 0.8383141160011292 / AUROC : 0.705078125
31 time - 10 epoch, Training loss : 0.47068727016448975 / NS : Val AP : 0.8970933556556702 / AUROC : 0.7975206611570248
31 time - 11 epoch, Training loss : 0.4740693271160126 / NS : Val AP : 0.8975385427474976 / AUROC : 0.78515625
[31 time Val AP : 0.837890625 / AUROC : 0.9187755584716797 ]
[31 time Test AP : 0.8133167907361456 / AUROC : 0.9149824976921082 ]
32 time - 0 epoch, Training loss : 0.47418108582496643 / NS : Val AP : 0.855349600315094 / AUROC : 0.727857142857143
32 time - 1 epoch, Training loss : 0.4756404757499695 / NS : Val AP : 0.9340733885765076 / AUROC : 0.849609375
32 time - 2 epoch, Training loss : 0.4572758972644806 / NS : Val AP : 0.8827847242355347 / AUROC : 0.783203125
32 time - 3 epoch, Training loss : 0.4787714183330536 / NS : Val AP : 0.8147104382514954 / AUROC : 0.697265625
32 time - 4 epoch, Training loss : 0.49091410636901855 / NS : Val AP : 0.8998123407363892 / AUROC : 0.763671875
32 time - 5 epoch, Training loss : 0.4690932035446167 / NS : Val AP : 0.8215972185134888 / AUROC : 0.6796875
32 time - 6 epoch, Training loss : 0.4634476900100708 / NS : Val AP : 0.8817685842514038 / AUROC : 0.75390625
32 time - 7 epoch, Training loss : 0.4592447280883789 / NS : Val AP : 0.9085196256637573 / AUROC : 0.783203125
32 time - 8 epoch, Training loss : 0.48476845026016235 / NS : Val AP : 0.868533730506897 / AUROC : 0.779296875
32 time - 9 epoch, Training loss : 0.4744695723056793 / NS : Val AP : 0.7841780185699463 / AUROC : 0.5520833333333333
32 time - 10 epoch, Training loss : 0.4811742901802063 / NS : Val AP : 0.9029514789581299 / AUROC : 0.76953125
32 time - 11 epoch, Training loss : 0.4796181917190552 / NS : Val AP : 0.8325179815292358 / AUROC : 0.68359375
[32 time Val AP : 0.849609375 / AUROC : 0.9340733885765076 ]
[32 time Test AP : 0.6972448979591837 / AUROC : 0.8324524164199829 ]
33 time - 0 epoch, Training loss : 0.48778653144836426 / NS : Val AP : 0.82021164894104 / AUROC : 0.7189275568181817
33 time - 1 epoch, Training loss : 0.4744521975517273 / NS : Val AP : 0.8037639856338501 / AUROC : 0.65625
33 time - 2 epoch, Training loss : 0.4796247184276581 / NS : Val AP : 0.8008476495742798 / AUROC : 0.673828125
33 time - 3 epoch, Training loss : 0.46635499596595764 / NS : Val AP : 0.8658617734909058 / AUROC : 0.751953125
33 time - 4 epoch, Training loss : 0.490583598613739 / NS : Val AP : 0.8459920883178711 / AUROC : 0.708984375
33 time - 5 epoch, Training loss : 0.464274525642395 / NS : Val AP : 0.9116625189781189 / AUROC : 0.794921875
33 time - 6 epoch, Training loss : 0.4740784466266632 / NS : Val AP : 0.894983172416687 / AUROC : 0.828125
33 time - 7 epoch, Training loss : 0.4481632113456726 / NS : Val AP : 0.9043524265289307 / AUROC : 0.794921875
33 time - 8 epoch, Training loss : 0.46078330278396606 / NS : Val AP : 0.9027097225189209 / AUROC : 0.779296875
33 time - 9 epoch, Training loss : 0.46411076188087463 / NS : Val AP : 0.9084455966949463 / AUROC : 0.802734375
33 time - 10 epoch, Training loss : 0.4772755205631256 / NS : Val AP : 0.863688051700592 / AUROC : 0.767578125
33 time - 11 epoch, Training loss : 0.49583542346954346 / NS : Val AP : 0.7945350408554077 / AUROC : 0.650390625
33 time - 12 epoch, Training loss : 0.4799870252609253 / NS : Val AP : 0.8253584504127502 / AUROC : 0.68359375
33 time - 13 epoch, Training loss : 0.4997575879096985 / NS : Val AP : 0.8420124053955078 / AUROC : 0.712890625
33 time - 14 epoch, Training loss : 0.49497100710868835 / NS : Val AP : 0.7727027535438538 / AUROC : 0.62109375
33 time - 15 epoch, Training loss : 0.4689657986164093 / NS : Val AP : 0.8273482322692871 / AUROC : 0.689453125
33 time - 16 epoch, Training loss : 0.4758707284927368 / NS : Val AP : 0.7927319407463074 / AUROC : 0.630859375
[33 time Val AP : 0.828125 / AUROC : 0.894983172416687 ]
[33 time Test AP : 0.7150051652892561 / AUROC : 0.850259006023407 ]
34 time - 0 epoch, Training loss : 0.5182203650474548 / NS : Val AP : 0.8297277092933655 / AUROC : 0.716110402494331
34 time - 1 epoch, Training loss : 0.47295451164245605 / NS : Val AP : 0.8724167943000793 / AUROC : 0.794921875
34 time - 2 epoch, Training loss : 0.4820682108402252 / NS : Val AP : 0.7619560360908508 / AUROC : 0.65625
34 time - 3 epoch, Training loss : 0.48007506132125854 / NS : Val AP : 0.812346339225769 / AUROC : 0.73828125
34 time - 4 epoch, Training loss : 0.47789719700813293 / NS : Val AP : 0.9093509912490845 / AUROC : 0.814453125
34 time - 5 epoch, Training loss : 0.47870227694511414 / NS : Val AP : 0.7323610186576843 / AUROC : 0.66015625
34 time - 6 epoch, Training loss : 0.47016769647598267 / NS : Val AP : 0.6934939622879028 / AUROC : 0.5703125
34 time - 7 epoch, Training loss : 0.46815091371536255 / NS : Val AP : 0.8296298384666443 / AUROC : 0.783203125
34 time - 8 epoch, Training loss : 0.4787018299102783 / NS : Val AP : 0.9119272828102112 / AUROC : 0.828125
34 time - 9 epoch, Training loss : 0.46962103247642517 / NS : Val AP : 0.8451756238937378 / AUROC : 0.654296875
34 time - 10 epoch, Training loss : 0.48554280400276184 / NS : Val AP : 0.9331130981445312 / AUROC : 0.845703125
34 time - 11 epoch, Training loss : 0.462843656539917 / NS : Val AP : 0.9665296077728271 / AUROC : 0.921875
34 time - 12 epoch, Training loss : 0.46210435032844543 / NS : Val AP : 0.8573077917098999 / AUROC : 0.751953125
34 time - 13 epoch, Training loss : 0.4561665952205658 / NS : Val AP : 0.8222801089286804 / AUROC : 0.748046875
34 time - 14 epoch, Training loss : 0.49276167154312134 / NS : Val AP : 0.8726868629455566 / AUROC : 0.783203125
34 time - 15 epoch, Training loss : 0.49283111095428467 / NS : Val AP : 0.8496494293212891 / AUROC : 0.748046875
34 time - 16 epoch, Training loss : 0.47419288754463196 / NS : Val AP : 0.7727662920951843 / AUROC : 0.6171875
34 time - 17 epoch, Training loss : 0.45289087295532227 / NS : Val AP : 0.9030598998069763 / AUROC : 0.759765625
34 time - 18 epoch, Training loss : 0.46382126212120056 / NS : Val AP : 0.7674055099487305 / AUROC : 0.64453125
34 time - 19 epoch, Training loss : 0.4775017499923706 / NS : Val AP : 0.8676139116287231 / AUROC : 0.73828125
34 time - 20 epoch, Training loss : 0.4694192111492157 / NS : Val AP : 0.9005645513534546 / AUROC : 0.798828125
34 time - 21 epoch, Training loss : 0.4560292959213257 / NS : Val AP : 0.9488760232925415 / AUROC : 0.890625
[34 time Val AP : 0.921875 / AUROC : 0.9665296077728271 ]
[34 time Test AP : 0.6913973922902494 / AUROC : 0.803344190120697 ]
35 time - 0 epoch, Training loss : 0.48744648694992065 / NS : Val AP : 0.8299205303192139 / AUROC : 0.732865306122449
35 time - 1 epoch, Training loss : 0.4441838264465332 / NS : Val AP : 0.7756651043891907 / AUROC : 0.6171875
35 time - 2 epoch, Training loss : 0.5042986869812012 / NS : Val AP : 0.8029454946517944 / AUROC : 0.708984375
35 time - 3 epoch, Training loss : 0.4869803786277771 / NS : Val AP : 0.8477519750595093 / AUROC : 0.765625
35 time - 4 epoch, Training loss : 0.4698856770992279 / NS : Val AP : 0.8818362951278687 / AUROC : 0.74609375
35 time - 5 epoch, Training loss : 0.45834553241729736 / NS : Val AP : 0.8883568644523621 / AUROC : 0.83203125
35 time - 6 epoch, Training loss : 0.4885562062263489 / NS : Val AP : 0.8586666584014893 / AUROC : 0.7265625
35 time - 7 epoch, Training loss : 0.4714265465736389 / NS : Val AP : 0.8528439998626709 / AUROC : 0.736328125
35 time - 8 epoch, Training loss : 0.468985378742218 / NS : Val AP : 0.7120638489723206 / AUROC : 0.55859375
35 time - 9 epoch, Training loss : 0.4597468972206116 / NS : Val AP : 0.8074904680252075 / AUROC : 0.599609375
35 time - 10 epoch, Training loss : 0.4723300039768219 / NS : Val AP : 0.8169081211090088 / AUROC : 0.60546875
35 time - 11 epoch, Training loss : 0.4632885158061981 / NS : Val AP : 0.9162311553955078 / AUROC : 0.808888888888889
35 time - 12 epoch, Training loss : 0.49488887190818787 / NS : Val AP : 0.7227468490600586 / AUROC : 0.619140625
35 time - 13 epoch, Training loss : 0.4903305768966675 / NS : Val AP : 0.7890832424163818 / AUROC : 0.62109375
35 time - 14 epoch, Training loss : 0.4884454905986786 / NS : Val AP : 0.8900716304779053 / AUROC : 0.7734375
35 time - 15 epoch, Training loss : 0.47727149724960327 / NS : Val AP : 0.8091620206832886 / AUROC : 0.697265625
[35 time Val AP : 0.83203125 / AUROC : 0.8883568644523621 ]
[35 time Test AP : 0.6988311688311688 / AUROC : 0.8252288699150085 ]
36 time - 0 epoch, Training loss : 0.458091139793396 / NS : Val AP : 0.7759367823600769 / AUROC : 0.6728474940032824
36 time - 1 epoch, Training loss : 0.44796285033226013 / NS : Val AP : 0.7724444270133972 / AUROC : 0.681640625
36 time - 2 epoch, Training loss : 0.46136754751205444 / NS : Val AP : 0.8036268949508667 / AUROC : 0.72265625
36 time - 3 epoch, Training loss : 0.46076738834381104 / NS : Val AP : 0.8700132369995117 / AUROC : 0.736328125
36 time - 4 epoch, Training loss : 0.47995513677597046 / NS : Val AP : 0.7817193269729614 / AUROC : 0.6484375
36 time - 5 epoch, Training loss : 0.47619056701660156 / NS : Val AP : 0.8221591114997864 / AUROC : 0.69921875
36 time - 6 epoch, Training loss : 0.457550585269928 / NS : Val AP : 0.8902774453163147 / AUROC : 0.779296875
36 time - 7 epoch, Training loss : 0.46522796154022217 / NS : Val AP : 0.792931318283081 / AUROC : 0.673828125
36 time - 8 epoch, Training loss : 0.4387821555137634 / NS : Val AP : 0.8608821034431458 / AUROC : 0.7421875
36 time - 9 epoch, Training loss : 0.473214715719223 / NS : Val AP : 0.8521627187728882 / AUROC : 0.75
36 time - 10 epoch, Training loss : 0.45591163635253906 / NS : Val AP : 0.9071232080459595 / AUROC : 0.80078125
36 time - 11 epoch, Training loss : 0.47318100929260254 / NS : Val AP : 0.8852831721305847 / AUROC : 0.810546875
36 time - 12 epoch, Training loss : 0.5136802792549133 / NS : Val AP : 0.9166666865348816 / AUROC : 0.75
36 time - 13 epoch, Training loss : 0.4787830114364624 / NS : Val AP : 0.8611342906951904 / AUROC : 0.697265625
36 time - 14 epoch, Training loss : 0.4730258882045746 / NS : Val AP : 0.8986719846725464 / AUROC : 0.775390625
36 time - 15 epoch, Training loss : 0.4700562357902527 / NS : Val AP : 0.825874924659729 / AUROC : 0.71484375
36 time - 16 epoch, Training loss : 0.5107778310775757 / NS : Val AP : 0.848711371421814 / AUROC : 0.693359375
36 time - 17 epoch, Training loss : 0.47047144174575806 / NS : Val AP : 0.9111014604568481 / AUROC : 0.7734375
36 time - 18 epoch, Training loss : 0.4829261302947998 / NS : Val AP : 0.7983055114746094 / AUROC : 0.708984375
36 time - 19 epoch, Training loss : 0.4853079915046692 / NS : Val AP : 0.8613474369049072 / AUROC : 0.732421875
36 time - 20 epoch, Training loss : 0.4870833158493042 / NS : Val AP : 0.8662894368171692 / AUROC : 0.724609375
36 time - 21 epoch, Training loss : 0.4679710268974304 / NS : Val AP : 0.9065103530883789 / AUROC : 0.884765625
36 time - 22 epoch, Training loss : 0.48483413457870483 / NS : Val AP : 0.8699823021888733 / AUROC : 0.79296875
36 time - 23 epoch, Training loss : 0.4391350746154785 / NS : Val AP : 0.9118796586990356 / AUROC : 0.833984375
36 time - 24 epoch, Training loss : 0.48255330324172974 / NS : Val AP : 0.7708333730697632 / AUROC : 0.5
36 time - 25 epoch, Training loss : 0.4793704152107239 / NS : Val AP : 0.8326794505119324 / AUROC : 0.626953125
36 time - 26 epoch, Training loss : 0.45234090089797974 / NS : Val AP : 0.8107340335845947 / AUROC : 0.703125
36 time - 27 epoch, Training loss : 0.446270227432251 / NS : Val AP : 0.8844683170318604 / AUROC : 0.76171875
36 time - 28 epoch, Training loss : 0.4889446496963501 / NS : Val AP : 0.8961651921272278 / AUROC : 0.771484375
36 time - 29 epoch, Training loss : 0.4859793186187744 / NS : Val AP : 0.8691883683204651 / AUROC : 0.744140625
36 time - 30 epoch, Training loss : 0.4676553010940552 / NS : Val AP : 0.9081075191497803 / AUROC : 0.79296875
36 time - 31 epoch, Training loss : 0.4613022208213806 / NS : Val AP : 0.8880133032798767 / AUROC : 0.755859375
[36 time Val AP : 0.884765625 / AUROC : 0.9065103530883789 ]
[36 time Test AP : 0.7690948112612045 / AUROC : 0.885928750038147 ]
37 time - 0 epoch, Training loss : 0.4888736605644226 / NS : Val AP : 0.8131033182144165 / AUROC : 0.6901945129917259
37 time - 1 epoch, Training loss : 0.5048272609710693 / NS : Val AP : 0.9068179726600647 / AUROC : 0.828125
37 time - 2 epoch, Training loss : 0.4640239179134369 / NS : Val AP : 0.8293017148971558 / AUROC : 0.71875
37 time - 3 epoch, Training loss : 0.4629059433937073 / NS : Val AP : 0.7510251402854919 / AUROC : 0.583984375
37 time - 4 epoch, Training loss : 0.47364354133605957 / NS : Val AP : 0.8800060749053955 / AUROC : 0.73046875
37 time - 5 epoch, Training loss : 0.4510701298713684 / NS : Val AP : 0.8120538592338562 / AUROC : 0.708984375
37 time - 6 epoch, Training loss : 0.45929667353630066 / NS : Val AP : 0.8650577068328857 / AUROC : 0.7890625
37 time - 7 epoch, Training loss : 0.46278852224349976 / NS : Val AP : 0.8466588258743286 / AUROC : 0.693359375
37 time - 8 epoch, Training loss : 0.45895087718963623 / NS : Val AP : 0.8780136704444885 / AUROC : 0.765625
37 time - 9 epoch, Training loss : 0.4864887595176697 / NS : Val AP : 0.9430385828018188 / AUROC : 0.861328125
37 time - 10 epoch, Training loss : 0.45728349685668945 / NS : Val AP : 0.7637859582901001 / AUROC : 0.685546875
37 time - 11 epoch, Training loss : 0.5058553814888 / NS : Val AP : 0.910143256187439 / AUROC : 0.8194444444444445
37 time - 12 epoch, Training loss : 0.44760990142822266 / NS : Val AP : 0.7480185627937317 / AUROC : 0.611328125
37 time - 13 epoch, Training loss : 0.4814406633377075 / NS : Val AP : 0.7828717231750488 / AUROC : 0.73046875
37 time - 14 epoch, Training loss : 0.4689069986343384 / NS : Val AP : 0.8354892134666443 / AUROC : 0.7578125
37 time - 15 epoch, Training loss : 0.482330322265625 / NS : Val AP : 0.8655403256416321 / AUROC : 0.720703125
37 time - 16 epoch, Training loss : 0.4586505591869354 / NS : Val AP : 0.8823270797729492 / AUROC : 0.78515625
37 time - 17 epoch, Training loss : 0.4584406614303589 / NS : Val AP : 0.8342387676239014 / AUROC : 0.671875
37 time - 18 epoch, Training loss : 0.48120713233947754 / NS : Val AP : 0.8772075176239014 / AUROC : 0.802734375
37 time - 19 epoch, Training loss : 0.47068387269973755 / NS : Val AP : 0.8342136740684509 / AUROC : 0.720703125
[37 time Val AP : 0.861328125 / AUROC : 0.9430385828018188 ]
[37 time Test AP : 0.7514152997532297 / AUROC : 0.853313148021698 ]
38 time - 0 epoch, Training loss : 0.48232531547546387 / NS : Val AP : 0.8321743607521057 / AUROC : 0.7380741863500484
38 time - 1 epoch, Training loss : 0.46373313665390015 / NS : Val AP : 0.8633861541748047 / AUROC : 0.76953125
38 time - 2 epoch, Training loss : 0.4676881432533264 / NS : Val AP : 0.8040575385093689 / AUROC : 0.732421875
38 time - 3 epoch, Training loss : 0.47554224729537964 / NS : Val AP : 0.808121383190155 / AUROC : 0.6796875
38 time - 4 epoch, Training loss : 0.4807495176792145 / NS : Val AP : 0.8902801275253296 / AUROC : 0.80859375
38 time - 5 epoch, Training loss : 0.47530078887939453 / NS : Val AP : 0.8839595317840576 / AUROC : 0.79296875
38 time - 6 epoch, Training loss : 0.47926923632621765 / NS : Val AP : 0.8729158043861389 / AUROC : 0.72265625
38 time - 7 epoch, Training loss : 0.49241816997528076 / NS : Val AP : 0.8318453431129456 / AUROC : 0.734375
38 time - 8 epoch, Training loss : 0.45770543813705444 / NS : Val AP : 0.9414627552032471 / AUROC : 0.8671875
38 time - 9 epoch, Training loss : 0.455281525850296 / NS : Val AP : 0.9295428991317749 / AUROC : 0.83984375
38 time - 10 epoch, Training loss : 0.4630967080593109 / NS : Val AP : 0.7951588034629822 / AUROC : 0.654296875
38 time - 11 epoch, Training loss : 0.503849983215332 / NS : Val AP : 0.9497931003570557 / AUROC : 0.888671875
38 time - 12 epoch, Training loss : 0.4665883481502533 / NS : Val AP : 0.9342423677444458 / AUROC : 0.84
38 time - 13 epoch, Training loss : 0.48459863662719727 / NS : Val AP : 0.9059964418411255 / AUROC : 0.798828125
38 time - 14 epoch, Training loss : 0.4787156581878662 / NS : Val AP : 0.887523889541626 / AUROC : 0.755859375
38 time - 15 epoch, Training loss : 0.4685096740722656 / NS : Val AP : 0.7788349390029907 / AUROC : 0.63671875
38 time - 16 epoch, Training loss : 0.4679485559463501 / NS : Val AP : 0.9296784996986389 / AUROC : 0.828125
38 time - 17 epoch, Training loss : 0.4699360132217407 / NS : Val AP : 0.8610720634460449 / AUROC : 0.75390625
38 time - 18 epoch, Training loss : 0.4664269685745239 / NS : Val AP : 0.8433956503868103 / AUROC : 0.666015625
38 time - 19 epoch, Training loss : 0.45426487922668457 / NS : Val AP : 0.8841489553451538 / AUROC : 0.77734375
38 time - 20 epoch, Training loss : 0.4739747643470764 / NS : Val AP : 0.8288588523864746 / AUROC : 0.71484375
38 time - 21 epoch, Training loss : 0.45364171266555786 / NS : Val AP : 0.9034847021102905 / AUROC : 0.796875
[38 time Val AP : 0.888671875 / AUROC : 0.9497931003570557 ]
[38 time Test AP : 0.7397382344750765 / AUROC : 0.8482716083526611 ]
39 time - 0 epoch, Training loss : 0.4779500365257263 / NS : Val AP : 0.8684608936309814 / AUROC : 0.7702980956866967
39 time - 1 epoch, Training loss : 0.4620628356933594 / NS : Val AP : 0.8830795288085938 / AUROC : 0.77734375
39 time - 2 epoch, Training loss : 0.48027828335762024 / NS : Val AP : 0.7613963484764099 / AUROC : 0.6484375
39 time - 3 epoch, Training loss : 0.44926661252975464 / NS : Val AP : 0.83223956823349 / AUROC : 0.732421875
39 time - 4 epoch, Training loss : 0.4519987106323242 / NS : Val AP : 0.8887036442756653 / AUROC : 0.7890625
39 time - 5 epoch, Training loss : 0.4913688898086548 / NS : Val AP : 0.8532507419586182 / AUROC : 0.724609375
39 time - 6 epoch, Training loss : 0.4650464951992035 / NS : Val AP : 0.8888562321662903 / AUROC : 0.794921875
39 time - 7 epoch, Training loss : 0.4570094347000122 / NS : Val AP : 0.874852180480957 / AUROC : 0.767578125
39 time - 8 epoch, Training loss : 0.4593549370765686 / NS : Val AP : 0.8543870449066162 / AUROC : 0.7109375
39 time - 9 epoch, Training loss : 0.4589257836341858 / NS : Val AP : 0.8925651907920837 / AUROC : 0.787109375
39 time - 10 epoch, Training loss : 0.4609754681587219 / NS : Val AP : 0.8381032943725586 / AUROC : 0.728515625
39 time - 11 epoch, Training loss : 0.4505850076675415 / NS : Val AP : 0.8335534334182739 / AUROC : 0.693359375
39 time - 12 epoch, Training loss : 0.49352148175239563 / NS : Val AP : 0.8473451137542725 / AUROC : 0.791015625
39 time - 13 epoch, Training loss : 0.4477355182170868 / NS : Val AP : 0.5 / AUROC : 0.0
39 time - 14 epoch, Training loss : 0.47806644439697266 / NS : Val AP : 0.8519439101219177 / AUROC : 0.69140625
39 time - 15 epoch, Training loss : 0.4905755817890167 / NS : Val AP : 0.7748027443885803 / AUROC : 0.646484375
39 time - 16 epoch, Training loss : 0.4531688392162323 / NS : Val AP : 0.8724221587181091 / AUROC : 0.720703125
[39 time Val AP : 0.794921875 / AUROC : 0.8888562321662903 ]
[39 time Test AP : 0.6694621013834731 / AUROC : 0.7903257012367249 ]
40 time - 0 epoch, Training loss : 0.4940609335899353 / NS : Val AP : 0.8323277235031128 / AUROC : 0.7209190474227372
40 time - 1 epoch, Training loss : 0.4601805806159973 / NS : Val AP : 0.8152235746383667 / AUROC : 0.64453125
40 time - 2 epoch, Training loss : 0.47597748041152954 / NS : Val AP : 0.860023558139801 / AUROC : 0.72265625
40 time - 3 epoch, Training loss : 0.48289424180984497 / NS : Val AP : 0.8961739540100098 / AUROC : 0.798828125
40 time - 4 epoch, Training loss : 0.46311837434768677 / NS : Val AP : 0.8169164657592773 / AUROC : 0.640625
40 time - 5 epoch, Training loss : 0.47142863273620605 / NS : Val AP : 0.8675544261932373 / AUROC : 0.740234375
40 time - 6 epoch, Training loss : 0.47032254934310913 / NS : Val AP : 0.8835143446922302 / AUROC : 0.81640625
40 time - 7 epoch, Training loss : 0.43938472867012024 / NS : Val AP : 0.9629591703414917 / AUROC : 0.90625
40 time - 8 epoch, Training loss : 0.47065600752830505 / NS : Val AP : 0.9568730592727661 / AUROC : 0.916015625
40 time - 9 epoch, Training loss : 0.4682050049304962 / NS : Val AP : 0.8201392889022827 / AUROC : 0.677734375
40 time - 10 epoch, Training loss : 0.45912492275238037 / NS : Val AP : 0.8668623566627502 / AUROC : 0.755859375
40 time - 11 epoch, Training loss : 0.4805228114128113 / NS : Val AP : 0.7872293591499329 / AUROC : 0.626953125
40 time - 12 epoch, Training loss : 0.46547892689704895 / NS : Val AP : 0.6945279836654663 / AUROC : 0.48045977011494256
40 time - 13 epoch, Training loss : 0.4704973101615906 / NS : Val AP : 0.814671516418457 / AUROC : 0.66796875
40 time - 14 epoch, Training loss : 0.46434637904167175 / NS : Val AP : 0.8540040850639343 / AUROC : 0.765625
40 time - 15 epoch, Training loss : 0.4682545065879822 / NS : Val AP : 0.8266699314117432 / AUROC : 0.693359375
40 time - 16 epoch, Training loss : 0.4632178246974945 / NS : Val AP : 0.9319964647293091 / AUROC : 0.859375
40 time - 17 epoch, Training loss : 0.4607991576194763 / NS : Val AP : 0.9022740721702576 / AUROC : 0.80078125
40 time - 18 epoch, Training loss : 0.44757649302482605 / NS : Val AP : 0.8752440214157104 / AUROC : 0.7421875
[40 time Val AP : 0.916015625 / AUROC : 0.9568730592727661 ]
[40 time Test AP : 0.7272578534031413 / AUROC : 0.8621540069580078 ]
41 time - 0 epoch, Training loss : 0.4382919669151306 / NS : Val AP : 0.8694931268692017 / AUROC : 0.7667718606180145
41 time - 1 epoch, Training loss : 0.4564945101737976 / NS : Val AP : 0.910882294178009 / AUROC : 0.80078125
41 time - 2 epoch, Training loss : 0.46285513043403625 / NS : Val AP : 0.8415828347206116 / AUROC : 0.734375
41 time - 3 epoch, Training loss : 0.46001601219177246 / NS : Val AP : 0.8181354999542236 / AUROC : 0.7265625
41 time - 4 epoch, Training loss : 0.4579143822193146 / NS : Val AP : 0.7884740829467773 / AUROC : 0.6875
41 time - 5 epoch, Training loss : 0.435166597366333 / NS : Val AP : 0.9093375205993652 / AUROC : 0.85546875
41 time - 6 epoch, Training loss : 0.47800326347351074 / NS : Val AP : 0.8988145589828491 / AUROC : 0.81640625
41 time - 7 epoch, Training loss : 0.42464059591293335 / NS : Val AP : 0.6652020215988159 / AUROC : 0.5546875
41 time - 8 epoch, Training loss : 0.4387577772140503 / NS : Val AP : 0.7943542003631592 / AUROC : 0.6796875
41 time - 9 epoch, Training loss : 0.45938020944595337 / NS : Val AP : 0.7240045070648193 / AUROC : 0.5859375
41 time - 10 epoch, Training loss : 0.45994091033935547 / NS : Val AP : 0.9105120897293091 / AUROC : 0.83203125
41 time - 11 epoch, Training loss : 0.4766513705253601 / NS : Val AP : 0.7494214177131653 / AUROC : 0.623046875
41 time - 12 epoch, Training loss : 0.45276883244514465 / NS : Val AP : 0.8237136602401733 / AUROC : 0.66796875
41 time - 13 epoch, Training loss : 0.4875974655151367 / NS : Val AP : 0.8773809671401978 / AUROC : 0.7222222222222222
41 time - 14 epoch, Training loss : 0.4512837529182434 / NS : Val AP : 0.7651652097702026 / AUROC : 0.642578125
41 time - 15 epoch, Training loss : 0.44679808616638184 / NS : Val AP : 0.8549054861068726 / AUROC : 0.744140625
[41 time Val AP : 0.85546875 / AUROC : 0.9093375205993652 ]
[41 time Test AP : 0.7184196755625327 / AUROC : 0.8369247317314148 ]
42 time - 0 epoch, Training loss : 0.47522324323654175 / NS : Val AP : 0.8220584988594055 / AUROC : 0.69939735174287
